#
# There is insufficient memory for the Java Runtime Environment to continue.
# Native memory allocation (malloc) failed to allocate 1048576 bytes for AllocateHeap
# Possible reasons:
#   The system is out of physical RAM or swap space
#   The process is running with CompressedOops enabled, and the Java Heap may be blocking the growth of the native heap
# Possible solutions:
#   Reduce memory load on the system
#   Increase physical memory or swap space
#   Check if swap backing store is full
#   Decrease Java heap size (-Xmx/-Xms)
#   Decrease number of Java threads
#   Decrease Java thread stack sizes (-Xss)
#   Set larger code cache with -XX:ReservedCodeCacheSize=
#   JVM is running with Zero Based Compressed Oops mode in which the Java heap is
#     placed in the first 32GB address space. The Java Heap base address is the
#     maximum limit for the native heap growth. Please use -XX:HeapBaseMinAddress
#     to set the Java Heap base and to place the Java Heap above 32GB virtual address.
# This output file may be truncated or incomplete.
#
#  Out of Memory Error (memory/allocation.inline.hpp:61), pid=23564, tid=0x00000000000045b0
#
# JRE version:  (8.0_291-b10) (build )
# Java VM: Java HotSpot(TM) 64-Bit Server VM (25.291-b10 mixed mode windows-amd64 compressed oops)
# Failed to write core dump. Minidumps are not enabled by default on client versions of Windows
#

---------------  T H R E A D  ---------------

Current thread (0x000001c836898000):  JavaThread "Unknown thread" [_thread_in_vm, id=17840, stack(0x0000000a60100000,0x0000000a60200000)]

Stack: [0x0000000a60100000,0x0000000a60200000]
Native frames: (J=compiled Java code, j=interpreted, Vv=VM code, C=native code)
V  [jvm.dll+0x32ea19]
V  [jvm.dll+0x275462]
V  [jvm.dll+0x27610d]
V  [jvm.dll+0x26cb45]
V  [jvm.dll+0x509d]
V  [jvm.dll+0x3c9b4c]
V  [jvm.dll+0x3c5ec7]
V  [jvm.dll+0xfcaff]
V  [jvm.dll+0x209dfb]
V  [jvm.dll+0x238827]
V  [jvm.dll+0x1625b6]
C  [java.exe+0x2312]
C  [java.exe+0x15f54]
C  [KERNEL32.DLL+0x17374]
C  [ntdll.dll+0x4cc91]


---------------  P R O C E S S  ---------------

Java Threads: ( => current thread )

Other Threads:

=>0x000001c836898000 (exited) JavaThread "Unknown thread" [_thread_in_vm, id=17840, stack(0x0000000a60100000,0x0000000a60200000)]

VM state:not at safepoint (normal execution)

VM Mutex/Monitor currently owned by a thread: None

heap address: 0x00000006c1c00000, size: 4068 MB, Compressed Oops mode: Zero based, Oop shift amount: 3
Narrow klass base: 0x0000000000000000, Narrow klass shift: 3
Compressed class space size: 1073741824 Address: 0x00000007c0000000

Heap:
 PSYoungGen      total 76288K, used 1310K [0x000000076b400000, 0x0000000770900000, 0x00000007c0000000)
  eden space 65536K, 2% used [0x000000076b400000,0x000000076b547af0,0x000000076f400000)
  from space 10752K, 0% used [0x000000076fe80000,0x000000076fe80000,0x0000000770900000)
  to   space 10752K, 0% used [0x000000076f400000,0x000000076f400000,0x000000076fe80000)
 ParOldGen       total 175104K, used 0K [0x00000006c1c00000, 0x00000006cc700000, 0x000000076b400000)
  object space 175104K, 0% used [0x00000006c1c00000,0x00000006c1c00000,0x00000006cc700000)
 Metaspace       used 778K, capacity 4480K, committed 4480K, reserved 1056768K
  class space    used 76K, capacity 384K, committed 384K, reserved 1048576K

Card table byte_map: [0x000001c8475d0000,0x000001c847dd0000] byte_map_base: 0x000001c843fc2000

Marking Bits: (ParMarkBitMap*) 0x0000000053087fe0
 Begin Bits: [0x000001c848320000, 0x000001c84c2b0000)
 End Bits:   [0x000001c84c2b0000, 0x000001c850240000)

Polling page: 0x000001c8381e0000

CodeCache: size=245760Kb used=328Kb max_used=328Kb free=245431Kb
 bounds [0x000001c838210000, 0x000001c838480000, 0x000001c847210000]
 total_blobs=58 nmethods=0 adapters=38
 compilation: enabled

Compilation events (0 events):
No events

GC Heap History (0 events):
No events

Deoptimization events (0 events):
No events

Classes redefined (0 events):
No events

Internal exceptions (0 events):
No events

Events (10 events):
Event: 0.032 loading class java/lang/Short
Event: 0.032 loading class java/lang/Short done
Event: 0.032 loading class java/lang/Integer
Event: 0.032 loading class java/lang/Integer done
Event: 0.032 loading class java/lang/Long
Event: 0.032 loading class java/lang/Long done
Event: 0.032 loading class java/lang/NullPointerException
Event: 0.032 loading class java/lang/NullPointerException done
Event: 0.032 loading class java/lang/ArithmeticException
Event: 0.033 loading class java/lang/ArithmeticException done


Dynamic libraries:
0x00007ff64a680000 - 0x00007ff64a6c7000 	E:\java\jdk1.8.0_211\jre\bin\java.exe
0x00007ffa7e530000 - 0x00007ffa7e728000 	C:\WINDOWS\SYSTEM32\ntdll.dll
0x00007ffa7e290000 - 0x00007ffa7e352000 	C:\WINDOWS\System32\KERNEL32.DLL
0x00007ffa7bf10000 - 0x00007ffa7c206000 	C:\WINDOWS\System32\KERNELBASE.dll
0x00007ffa7e1e0000 - 0x00007ffa7e28f000 	C:\WINDOWS\System32\ADVAPI32.dll
0x00007ffa7ca70000 - 0x00007ffa7cb0e000 	C:\WINDOWS\System32\msvcrt.dll
0x00007ffa7e450000 - 0x00007ffa7e4ef000 	C:\WINDOWS\System32\sechost.dll
0x00007ffa7d5e0000 - 0x00007ffa7d703000 	C:\WINDOWS\System32\RPCRT4.dll
0x00007ffa7bd80000 - 0x00007ffa7bda7000 	C:\WINDOWS\System32\bcrypt.dll
0x00007ffa7c690000 - 0x00007ffa7c82d000 	C:\WINDOWS\System32\USER32.dll
0x00007ffa7c520000 - 0x00007ffa7c542000 	C:\WINDOWS\System32\win32u.dll
0x00007ffa7e360000 - 0x00007ffa7e38b000 	C:\WINDOWS\System32\GDI32.dll
0x00007ffa7bbc0000 - 0x00007ffa7bcda000 	C:\WINDOWS\System32\gdi32full.dll
0x00007ffa7bce0000 - 0x00007ffa7bd7d000 	C:\WINDOWS\System32\msvcp_win.dll
0x00007ffa7c210000 - 0x00007ffa7c310000 	C:\WINDOWS\System32\ucrtbase.dll
0x00007ffa5ee20000 - 0x00007ffa5f0ba000 	C:\WINDOWS\WinSxS\amd64_microsoft.windows.common-controls_6595b64144ccf1df_6.0.19041.4355_none_60b8b9eb71f62e16\COMCTL32.dll
0x00007ffa7c920000 - 0x00007ffa7c94f000 	C:\WINDOWS\System32\IMM32.DLL
0x00007ffa63880000 - 0x00007ffa63895000 	E:\java\jdk1.8.0_211\jre\bin\vcruntime140.dll
0x00007ffa26d00000 - 0x00007ffa26d9b000 	E:\java\jdk1.8.0_211\jre\bin\msvcp140.dll
0x00000000528a0000 - 0x0000000053100000 	E:\java\jdk1.8.0_211\jre\bin\server\jvm.dll
0x00007ffa7ca60000 - 0x00007ffa7ca68000 	C:\WINDOWS\System32\PSAPI.DLL
0x00007ffa68ab0000 - 0x00007ffa68ab9000 	C:\WINDOWS\SYSTEM32\WSOCK32.dll
0x00007ffa659c0000 - 0x00007ffa659e7000 	C:\WINDOWS\SYSTEM32\WINMM.dll
0x00007ffa7d490000 - 0x00007ffa7d4fb000 	C:\WINDOWS\System32\WS2_32.dll
0x00007ffa737c0000 - 0x00007ffa737ca000 	C:\WINDOWS\SYSTEM32\VERSION.dll
0x00007ffa7a5e0000 - 0x00007ffa7a5f2000 	C:\WINDOWS\SYSTEM32\kernel.appcore.dll
0x00007ffa63870000 - 0x00007ffa63880000 	E:\java\jdk1.8.0_211\jre\bin\verify.dll
0x00007ffa26cd0000 - 0x00007ffa26cfb000 	E:\java\jdk1.8.0_211\jre\bin\java.dll
0x00007ffa61720000 - 0x00007ffa61738000 	E:\java\jdk1.8.0_211\jre\bin\zip.dll
0x00007ffa79710000 - 0x00007ffa798f4000 	C:\WINDOWS\SYSTEM32\dbghelp.dll
0x00007ffa7c310000 - 0x00007ffa7c392000 	C:\WINDOWS\System32\bcryptPrimitives.dll

VM Arguments:
java_command: C:\Users\13214\AppData\Local\Temp\surefire416273927119812362\surefirebooter3082601217362668197.jar C:\Users\13214\AppData\Local\Temp\surefire416273927119812362 2025-04-24T15-22-40_894-jvmRun1 surefire8400512677638742293tmp surefire_04829679794088129757tmp
java_class_path (initial): C:\Users\13214\AppData\Local\Temp\surefire416273927119812362\surefirebooter3082601217362668197.jar
Launcher Type: SUN_STANDARD

Environment Variables:
JAVA_HOME=E:\java\jdk1.8.0_211
USERNAME=13214
OS=Windows_NT
PROCESSOR_IDENTIFIER=Intel64 Family 6 Model 158 Stepping 9, GenuineIntel



---------------  S Y S T E M  ---------------

OS: Windows 10.0 , 64 bit Build 19041 (10.0.19041.5678)

CPU:total 8 (initial active 8) (4 cores per cpu, 2 threads per core) family 6 model 158 stepping 9, cmov, cx8, fxsr, mmx, sse, sse2, sse3, ssse3, sse4.1, sse4.2, popcnt, avx, avx2, aes, clmul, erms, 3dnowpref, lzcnt, ht, tsc, tscinvbit, bmi1, bmi2, adx

Memory: 4k page, physical 16658612k(2366116k free), swap 42873008k(10344k free)

vm_info: Java HotSpot(TM) 64-Bit Server VM (25.291-b10) for windows-amd64 JRE (1.8.0_291-b10), built on Apr  9 2021 00:02:00 by "java_re" with MS VC++ 15.9 (VS2017)

time: Thu Apr 24 15:22:41 2025
timezone: 中国标准时间
elapsed time: 0.114281 seconds (0d 0h 0m 0s)

