#
# There is insufficient memory for the Java Runtime Environment to continue.
# Native memory allocation (malloc) failed to allocate 65552 bytes for Chunk::new
# Possible reasons:
#   The system is out of physical RAM or swap space
#   The process is running with CompressedOops enabled, and the Java Heap may be blocking the growth of the native heap
# Possible solutions:
#   Reduce memory load on the system
#   Increase physical memory or swap space
#   Check if swap backing store is full
#   Decrease Java heap size (-Xmx/-Xms)
#   Decrease number of Java threads
#   Decrease Java thread stack sizes (-Xss)
#   Set larger code cache with -XX:ReservedCodeCacheSize=
#   JVM is running with Zero Based Compressed Oops mode in which the Java heap is
#     placed in the first 32GB address space. The Java Heap base address is the
#     maximum limit for the native heap growth. Please use -XX:HeapBaseMinAddress
#     to set the Java Heap base and to place the Java Heap above 32GB virtual address.
# This output file may be truncated or incomplete.
#
#  Out of Memory Error (allocation.cpp:389), pid=22200, tid=0x0000000000001e9c
#
# JRE version: Java(TM) SE Runtime Environment (8.0_291-b10) (build 1.8.0_291-b10)
# Java VM: Java HotSpot(TM) 64-Bit Server VM (25.291-b10 mixed mode windows-amd64 compressed oops)
# Failed to write core dump. Minidumps are not enabled by default on client versions of Windows
#

---------------  T H R E A D  ---------------

Current thread (0x000002969ff87000):  JavaThread "C2 CompilerThread1" daemon [_thread_in_native, id=7836, stack(0x000000e44a600000,0x000000e44a700000)]

Stack: [0x000000e44a600000,0x000000e44a700000]
Native frames: (J=compiled Java code, j=interpreted, Vv=VM code, C=native code)
V  [jvm.dll+0x32ea19]
V  [jvm.dll+0x275462]
V  [jvm.dll+0x27610d]
V  [jvm.dll+0x26cb45]
V  [jvm.dll+0xd524c]
V  [jvm.dll+0xd5a4c]
V  [jvm.dll+0xd559d]
V  [jvm.dll+0x4c619f]
V  [jvm.dll+0x4914cc]
V  [jvm.dll+0x48ed74]
V  [jvm.dll+0x48ebd8]
V  [jvm.dll+0x48e066]
V  [jvm.dll+0x442028]
V  [jvm.dll+0x43fae4]
V  [jvm.dll+0x42aa57]
V  [jvm.dll+0xabeeb]
V  [jvm.dll+0xaa54b]
V  [jvm.dll+0x23db02]
V  [jvm.dll+0x29210c]
C  [ucrtbase.dll+0x21bb2]
C  [KERNEL32.DLL+0x17374]
C  [ntdll.dll+0x4cc91]


Current CompileTask:
C2:   9147 4866   !   4       org.apache.maven.model.Model::clone (502 bytes)


---------------  P R O C E S S  ---------------

Java Threads: ( => current thread )
  0x00000296a1a58800 JavaThread "Thread-5" [_thread_in_native, id=22552, stack(0x000000e44b500000,0x000000e44b600000)]
  0x00000296a1792800 JavaThread "Thread-4" [_thread_in_native, id=15496, stack(0x000000e44b400000,0x000000e44b500000)]
  0x00000296a178f800 JavaThread "Thread-3" [_thread_blocked, id=24732, stack(0x000000e44b300000,0x000000e44b400000)]
  0x00000296a178e800 JavaThread "ThreadedStreamConsumer" daemon [_thread_blocked, id=2984, stack(0x000000e44b200000,0x000000e44b300000)]
  0x00000296a178e000 JavaThread "ping-timer-10s" daemon [_thread_blocked, id=15212, stack(0x000000e44b100000,0x000000e44b200000)]
  0x00000296a1794000 JavaThread "timeout-check-timer" daemon [_thread_blocked, id=21972, stack(0x000000e44b000000,0x000000e44b100000)]
  0x00000296a1791800 JavaThread "resolver-5" daemon [_thread_blocked, id=8572, stack(0x000000e44af00000,0x000000e44b000000)]
  0x00000296a1791000 JavaThread "resolver-4" daemon [_thread_blocked, id=16420, stack(0x000000e44ae00000,0x000000e44af00000)]
  0x00000296a1793000 JavaThread "resolver-3" daemon [_thread_blocked, id=9344, stack(0x000000e44ad00000,0x000000e44ae00000)]
  0x00000296a1794800 JavaThread "resolver-2" daemon [_thread_blocked, id=8988, stack(0x000000e44ac00000,0x000000e44ad00000)]
  0x00000296a1790000 JavaThread "resolver-1" daemon [_thread_blocked, id=11512, stack(0x000000e44ab00000,0x000000e44ac00000)]
  0x00000296a1316000 JavaThread "Service Thread" daemon [_thread_blocked, id=10644, stack(0x000000e44a900000,0x000000e44aa00000)]
  0x00000296a12a8800 JavaThread "C1 CompilerThread3" daemon [_thread_blocked, id=16404, stack(0x000000e44a800000,0x000000e44a900000)]
  0x000002969ffe4800 JavaThread "C2 CompilerThread2" daemon [_thread_blocked, id=15768, stack(0x000000e44a700000,0x000000e44a800000)]
=>0x000002969ff87000 JavaThread "C2 CompilerThread1" daemon [_thread_in_native, id=7836, stack(0x000000e44a600000,0x000000e44a700000)]
  0x000002969ff84000 JavaThread "C2 CompilerThread0" daemon [_thread_blocked, id=7416, stack(0x000000e44a500000,0x000000e44a600000)]
  0x000002969ff6f800 JavaThread "Attach Listener" daemon [_thread_blocked, id=4400, stack(0x000000e44a400000,0x000000e44a500000)]
  0x000002969ffdb000 JavaThread "Signal Dispatcher" daemon [_thread_blocked, id=14764, stack(0x000000e44a300000,0x000000e44a400000)]
  0x000002969ff4f000 JavaThread "Finalizer" daemon [_thread_blocked, id=13756, stack(0x000000e44a200000,0x000000e44a300000)]
  0x000002969ff4e000 JavaThread "Reference Handler" daemon [_thread_blocked, id=9288, stack(0x000000e44a100000,0x000000e44a200000)]
  0x00000296847fb000 JavaThread "main" [_thread_in_native, id=12344, stack(0x000000e449700000,0x000000e449800000)]

Other Threads:
  0x000002969ff20800 VMThread [stack: 0x000000e44a000000,0x000000e44a100000] [id=272]
  0x00000296a1332000 WatcherThread [stack: 0x000000e44aa00000,0x000000e44ab00000] [id=20976]

VM state:not at safepoint (normal execution)

VM Mutex/Monitor currently owned by a thread: None

heap address: 0x00000006c1c00000, size: 4068 MB, Compressed Oops mode: Zero based, Oop shift amount: 3
Narrow klass base: 0x0000000000000000, Narrow klass shift: 3
Compressed class space size: 1073741824 Address: 0x00000007c0000000

Heap:
 PSYoungGen      total 138752K, used 86327K [0x000000076b400000, 0x0000000775c80000, 0x00000007c0000000)
  eden space 128000K, 59% used [0x000000076b400000,0x000000076fe38cb8,0x0000000773100000)
  from space 10752K, 96% used [0x0000000773100000,0x0000000773b14f88,0x0000000773b80000)
  to   space 14848K, 0% used [0x0000000774e00000,0x0000000774e00000,0x0000000775c80000)
 ParOldGen       total 117760K, used 12673K [0x00000006c1c00000, 0x00000006c8f00000, 0x000000076b400000)
  object space 117760K, 10% used [0x00000006c1c00000,0x00000006c2860748,0x00000006c8f00000)
 Metaspace       used 24364K, capacity 25480K, committed 25728K, reserved 1071104K
  class space    used 2825K, capacity 3090K, committed 3200K, reserved 1048576K

Card table byte_map: [0x00000296955a0000,0x0000029695da0000] byte_map_base: 0x0000029691f92000

Marking Bits: (ParMarkBitMap*) 0x0000000053087fe0
 Begin Bits: [0x00000296962f0000, 0x000002969a280000)
 End Bits:   [0x000002969a280000, 0x000002969e210000)

Polling page: 0x00000296861b0000

CodeCache: size=245760Kb used=15333Kb max_used=16303Kb free=230426Kb
 bounds [0x00000296861e0000, 0x00000296871e0000, 0x00000296951e0000]
 total_blobs=4758 nmethods=4327 adapters=342
 compilation: enabled

Compilation events (10 events):
Event: 9.032 Thread 0x00000296a12a8800 nmethod 4939 0x0000029686d84510 code [0x0000029686d84680, 0x0000029686d849f0]
Event: 9.032 Thread 0x00000296a12a8800 4940       3       java.lang.ProcessEnvironment$CheckedEntry::getKey (13 bytes)
Event: 9.032 Thread 0x00000296a12a8800 nmethod 4940 0x0000029686b7a290 code [0x0000029686b7a400, 0x0000029686b7a710]
Event: 9.032 Thread 0x00000296a12a8800 4941       3       java.lang.ProcessEnvironment$EntryComparator::compare (13 bytes)
Event: 9.033 Thread 0x000002969ff84000 nmethod 4932 0x0000029686b79cd0 code [0x0000029686b79e20, 0x0000029686b7a0f8]
Event: 9.033 Thread 0x00000296a12a8800 nmethod 4941 0x0000029686d85b90 code [0x0000029686d85d60, 0x0000029686d86610]
Event: 9.033 Thread 0x00000296a12a8800 4942       3       java.lang.ProcessEnvironment$EntryComparator::compare (25 bytes)
Event: 9.033 Thread 0x00000296a12a8800 nmethod 4942 0x0000029686b80190 code [0x0000029686b80340, 0x0000029686b80910]
Event: 9.033 Thread 0x00000296a12a8800 4943       3       java.lang.ProcessEnvironment$CheckedEntry::getValue (5 bytes)
Event: 9.033 Thread 0x00000296a12a8800 nmethod 4943 0x0000029686b796d0 code [0x0000029686b79840, 0x0000029686b79bb0]

GC Heap History (10 events):
Event: 3.892 GC heap before
{Heap before GC invocations=2 (full 0):
 PSYoungGen      total 76288K, used 75701K [0x000000076b400000, 0x0000000770900000, 0x00000007c0000000)
  eden space 65536K, 100% used [0x000000076b400000,0x000000076f400000,0x000000076f400000)
  from space 10752K, 94% used [0x000000076f400000,0x000000076fded6a0,0x000000076fe80000)
  to   space 10752K, 0% used [0x000000076fe80000,0x000000076fe80000,0x0000000770900000)
 ParOldGen       total 175104K, used 16K [0x00000006c1c00000, 0x00000006cc700000, 0x000000076b400000)
  object space 175104K, 0% used [0x00000006c1c00000,0x00000006c1c04000,0x00000006cc700000)
 Metaspace       used 19082K, capacity 19668K, committed 19968K, reserved 1067008K
  class space    used 2358K, capacity 2529K, committed 2560K, reserved 1048576K
Event: 3.916 GC heap after
Heap after GC invocations=2 (full 0):
 PSYoungGen      total 76288K, used 10728K [0x000000076b400000, 0x0000000770900000, 0x00000007c0000000)
  eden space 65536K, 0% used [0x000000076b400000,0x000000076b400000,0x000000076f400000)
  from space 10752K, 99% used [0x000000076fe80000,0x00000007708fa2e8,0x0000000770900000)
  to   space 10752K, 0% used [0x000000076f400000,0x000000076f400000,0x000000076fe80000)
 ParOldGen       total 175104K, used 2678K [0x00000006c1c00000, 0x00000006cc700000, 0x000000076b400000)
  object space 175104K, 1% used [0x00000006c1c00000,0x00000006c1e9dba8,0x00000006cc700000)
 Metaspace       used 19082K, capacity 19668K, committed 19968K, reserved 1067008K
  class space    used 2358K, capacity 2529K, committed 2560K, reserved 1048576K
}
Event: 4.722 GC heap before
{Heap before GC invocations=3 (full 0):
 PSYoungGen      total 76288K, used 51180K [0x000000076b400000, 0x0000000770900000, 0x00000007c0000000)
  eden space 65536K, 61% used [0x000000076b400000,0x000000076db810d0,0x000000076f400000)
  from space 10752K, 99% used [0x000000076fe80000,0x00000007708fa2e8,0x0000000770900000)
  to   space 10752K, 0% used [0x000000076f400000,0x000000076f400000,0x000000076fe80000)
 ParOldGen       total 175104K, used 2678K [0x00000006c1c00000, 0x00000006cc700000, 0x000000076b400000)
  object space 175104K, 1% used [0x00000006c1c00000,0x00000006c1e9dba8,0x00000006cc700000)
 Metaspace       used 20376K, capacity 21072K, committed 21248K, reserved 1067008K
  class space    used 2512K, capacity 2689K, committed 2816K, reserved 1048576K
Event: 4.734 GC heap after
Heap after GC invocations=3 (full 0):
 PSYoungGen      total 76288K, used 10728K [0x000000076b400000, 0x0000000774900000, 0x00000007c0000000)
  eden space 65536K, 0% used [0x000000076b400000,0x000000076b400000,0x000000076f400000)
  from space 10752K, 99% used [0x000000076f400000,0x000000076fe7a070,0x000000076fe80000)
  to   space 10752K, 0% used [0x0000000773e80000,0x0000000773e80000,0x0000000774900000)
 ParOldGen       total 175104K, used 4731K [0x00000006c1c00000, 0x00000006cc700000, 0x000000076b400000)
  object space 175104K, 2% used [0x00000006c1c00000,0x00000006c209ee18,0x00000006cc700000)
 Metaspace       used 20376K, capacity 21072K, committed 21248K, reserved 1067008K
  class space    used 2512K, capacity 2689K, committed 2816K, reserved 1048576K
}
Event: 4.734 GC heap before
{Heap before GC invocations=4 (full 1):
 PSYoungGen      total 76288K, used 10728K [0x000000076b400000, 0x0000000774900000, 0x00000007c0000000)
  eden space 65536K, 0% used [0x000000076b400000,0x000000076b400000,0x000000076f400000)
  from space 10752K, 99% used [0x000000076f400000,0x000000076fe7a070,0x000000076fe80000)
  to   space 10752K, 0% used [0x0000000773e80000,0x0000000773e80000,0x0000000774900000)
 ParOldGen       total 175104K, used 4731K [0x00000006c1c00000, 0x00000006cc700000, 0x000000076b400000)
  object space 175104K, 2% used [0x00000006c1c00000,0x00000006c209ee18,0x00000006cc700000)
 Metaspace       used 20376K, capacity 21072K, committed 21248K, reserved 1067008K
  class space    used 2512K, capacity 2689K, committed 2816K, reserved 1048576K
Event: 4.793 GC heap after
Heap after GC invocations=4 (full 1):
 PSYoungGen      total 76288K, used 0K [0x000000076b400000, 0x0000000774900000, 0x00000007c0000000)
  eden space 65536K, 0% used [0x000000076b400000,0x000000076b400000,0x000000076f400000)
  from space 10752K, 0% used [0x000000076f400000,0x000000076f400000,0x000000076fe80000)
  to   space 10752K, 0% used [0x0000000773e80000,0x0000000773e80000,0x0000000774900000)
 ParOldGen       total 117760K, used 12657K [0x00000006c1c00000, 0x00000006c8f00000, 0x000000076b400000)
  object space 117760K, 10% used [0x00000006c1c00000,0x00000006c285c748,0x00000006c8f00000)
 Metaspace       used 20376K, capacity 21072K, committed 21248K, reserved 1067008K
  class space    used 2512K, capacity 2689K, committed 2816K, reserved 1048576K
}
Event: 6.047 GC heap before
{Heap before GC invocations=5 (full 1):
 PSYoungGen      total 76288K, used 65536K [0x000000076b400000, 0x0000000774900000, 0x00000007c0000000)
  eden space 65536K, 100% used [0x000000076b400000,0x000000076f400000,0x000000076f400000)
  from space 10752K, 0% used [0x000000076f400000,0x000000076f400000,0x000000076fe80000)
  to   space 10752K, 0% used [0x0000000773e80000,0x0000000773e80000,0x0000000774900000)
 ParOldGen       total 117760K, used 12657K [0x00000006c1c00000, 0x00000006c8f00000, 0x000000076b400000)
  object space 117760K, 10% used [0x00000006c1c00000,0x00000006c285c748,0x00000006c8f00000)
 Metaspace       used 21303K, capacity 22190K, committed 22272K, reserved 1069056K
  class space    used 2556K, capacity 2770K, committed 2816K, reserved 1048576K
Event: 6.064 GC heap after
Heap after GC invocations=5 (full 1):
 PSYoungGen      total 104448K, used 7332K [0x000000076b400000, 0x0000000774600000, 0x00000007c0000000)
  eden space 96768K, 0% used [0x000000076b400000,0x000000076b400000,0x0000000771280000)
  from space 7680K, 95% used [0x0000000773e80000,0x00000007745a9228,0x0000000774600000)
  to   space 10752K, 0% used [0x0000000773100000,0x0000000773100000,0x0000000773b80000)
 ParOldGen       total 117760K, used 12665K [0x00000006c1c00000, 0x00000006c8f00000, 0x000000076b400000)
  object space 117760K, 10% used [0x00000006c1c00000,0x00000006c285e748,0x00000006c8f00000)
 Metaspace       used 21303K, capacity 22190K, committed 22272K, reserved 1069056K
  class space    used 2556K, capacity 2770K, committed 2816K, reserved 1048576K
}
Event: 7.201 GC heap before
{Heap before GC invocations=6 (full 1):
 PSYoungGen      total 104448K, used 104100K [0x000000076b400000, 0x0000000774600000, 0x00000007c0000000)
  eden space 96768K, 100% used [0x000000076b400000,0x0000000771280000,0x0000000771280000)
  from space 7680K, 95% used [0x0000000773e80000,0x00000007745a9228,0x0000000774600000)
  to   space 10752K, 0% used [0x0000000773100000,0x0000000773100000,0x0000000773b80000)
 ParOldGen       total 117760K, used 12665K [0x00000006c1c00000, 0x00000006c8f00000, 0x000000076b400000)
  object space 117760K, 10% used [0x00000006c1c00000,0x00000006c285e748,0x00000006c8f00000)
 Metaspace       used 22150K, capacity 23138K, committed 23424K, reserved 1069056K
  class space    used 2614K, capacity 2850K, committed 2944K, reserved 1048576K
Event: 7.215 GC heap after
Heap after GC invocations=6 (full 1):
 PSYoungGen      total 138752K, used 10323K [0x000000076b400000, 0x0000000775c80000, 0x00000007c0000000)
  eden space 128000K, 0% used [0x000000076b400000,0x000000076b400000,0x0000000773100000)
  from space 10752K, 96% used [0x0000000773100000,0x0000000773b14f88,0x0000000773b80000)
  to   space 14848K, 0% used [0x0000000774e00000,0x0000000774e00000,0x0000000775c80000)
 ParOldGen       total 117760K, used 12673K [0x00000006c1c00000, 0x00000006c8f00000, 0x000000076b400000)
  object space 117760K, 10% used [0x00000006c1c00000,0x00000006c2860748,0x00000006c8f00000)
 Metaspace       used 22150K, capacity 23138K, committed 23424K, reserved 1069056K
  class space    used 2614K, capacity 2850K, committed 2944K, reserved 1048576K
}

Deoptimization events (10 events):
Event: 9.028 Thread 0x00000296847fb000 Uncommon trap: reason=class_check action=maybe_recompile pc=0x0000029686cf9408 method=java.util.Collections$UnmodifiableMap$UnmodifiableEntrySet$UnmodifiableEntry.getValue()Ljava/lang/Object; @ 4
Event: 9.028 Thread 0x00000296847fb000 Uncommon trap: reason=class_check action=maybe_recompile pc=0x0000029686bc3b10 method=java.util.Collections$UnmodifiableMap$UnmodifiableEntrySet$1.hasNext()Z @ 4
Event: 9.028 Thread 0x00000296847fb000 Uncommon trap: reason=class_check action=maybe_recompile pc=0x0000029686c38e04 method=java.util.Collections$UnmodifiableMap$UnmodifiableEntrySet$1.next()Ljava/util/Map$Entry; @ 8
Event: 9.028 Thread 0x00000296847fb000 Uncommon trap: reason=class_check action=maybe_recompile pc=0x0000029686bfe3c8 method=java.util.Collections$UnmodifiableMap$UnmodifiableEntrySet$UnmodifiableEntry.getKey()Ljava/lang/Object; @ 4
Event: 9.028 Thread 0x00000296847fb000 Uncommon trap: reason=class_check action=maybe_recompile pc=0x0000029686cf9408 method=java.util.Collections$UnmodifiableMap$UnmodifiableEntrySet$UnmodifiableEntry.getValue()Ljava/lang/Object; @ 4
Event: 9.028 Thread 0x00000296847fb000 Uncommon trap: reason=class_check action=maybe_recompile pc=0x0000029686bc3b10 method=java.util.Collections$UnmodifiableMap$UnmodifiableEntrySet$1.hasNext()Z @ 4
Event: 9.028 Thread 0x00000296847fb000 Uncommon trap: reason=class_check action=maybe_recompile pc=0x0000029686c38e04 method=java.util.Collections$UnmodifiableMap$UnmodifiableEntrySet$1.next()Ljava/util/Map$Entry; @ 8
Event: 9.028 Thread 0x00000296847fb000 Uncommon trap: reason=class_check action=maybe_recompile pc=0x0000029686bfe3c8 method=java.util.Collections$UnmodifiableMap$UnmodifiableEntrySet$UnmodifiableEntry.getKey()Ljava/lang/Object; @ 4
Event: 9.028 Thread 0x00000296847fb000 Uncommon trap: reason=class_check action=maybe_recompile pc=0x0000029686cf9408 method=java.util.Collections$UnmodifiableMap$UnmodifiableEntrySet$UnmodifiableEntry.getValue()Ljava/lang/Object; @ 4
Event: 9.032 Thread 0x00000296847fb000 Uncommon trap: reason=predicate action=maybe_recompile pc=0x0000029686866e90 method=java.util.TimSort.binarySort([Ljava/lang/Object;IIILjava/util/Comparator;)V @ 76

Classes redefined (0 events):
No events

Internal exceptions (10 events):
Event: 4.212 Thread 0x00000296847fb000 Implicit null exception at 0x0000029686b8265b to 0x0000029686b8404d
Event: 4.412 Thread 0x00000296847fb000 Implicit null exception at 0x0000029686bd1983 to 0x0000029686bd1bcd
Event: 4.683 Thread 0x00000296847fb000 Implicit null exception at 0x00000296869dfb15 to 0x00000296869dfd15
Event: 4.815 Thread 0x00000296847fb000 Exception <a 'sun/nio/fs/WindowsException'> (0x000000076b492ae8) thrown at [C:\jenkins\workspace\8-2-build-windows-amd64-cygwin\jdk8u291\1294\hotspot\src\share\vm\prims\jni.cpp, line 710]
Event: 4.824 Thread 0x00000296847fb000 Exception <a 'sun/nio/fs/WindowsException'> (0x000000076b4b6e90) thrown at [C:\jenkins\workspace\8-2-build-windows-amd64-cygwin\jdk8u291\1294\hotspot\src\share\vm\prims\jni.cpp, line 710]
Event: 4.956 Thread 0x00000296847fb000 Exception <a 'java/lang/NoSuchMethodError': java.lang.Object.lambda$and$0(Ljava/util/function/Predicate;Ljava/lang/Object;)Z> (0x000000076bd7f810) thrown at [C:\jenkins\workspace\8-2-build-windows-amd64-cygwin\jdk8u291\1294\hotspot\src\share\vm\interprete
Event: 6.325 Thread 0x00000296847fb000 Implicit null exception at 0x0000029686669155 to 0x0000029686669359
Event: 6.325 Thread 0x00000296847fb000 Implicit null exception at 0x000002968656f16f to 0x000002968656f1d9
Event: 8.089 Thread 0x00000296847fb000 Exception <a 'java/lang/NoSuchMethodError': org.apache.maven.execution.MavenExecutionRequest.getFailureBehavior()Ljava/lang/String;> (0x000000076db090e0) thrown at [C:\jenkins\workspace\8-2-build-windows-amd64-cygwin\jdk8u291\1294\hotspot\src\share\vm\int
Event: 8.778 Thread 0x00000296847fb000 Exception <a 'java/lang/NoSuchMethodError': java.lang.Object.lambda$or$2(Ljava/util/function/Predicate;Ljava/lang/Object;)Z> (0x000000076e133a98) thrown at [C:\jenkins\workspace\8-2-build-windows-amd64-cygwin\jdk8u291\1294\hotspot\src\share\vm\interpreter

Events (10 events):
Event: 9.045 Thread 0x00000296a1792800 Thread added: 0x00000296a1792800
Event: 9.045 Thread 0x00000296a1a58800 Thread added: 0x00000296a1a58800
Event: 9.045 loading class org/apache/maven/surefire/shade/org/apache/maven/shared/utils/cli/CommandLineUtils$1
Event: 9.045 loading class org/apache/maven/surefire/shade/org/apache/maven/shared/utils/cli/CommandLineUtils$1 done
Event: 9.045 loading class org/apache/maven/surefire/shade/org/apache/maven/shared/utils/cli/CommandLineUtils$1
Event: 9.045 loading class org/apache/maven/surefire/shade/org/apache/maven/shared/utils/cli/CommandLineUtils$1 done
Event: 9.045 loading class org/apache/maven/surefire/shade/org/apache/maven/shared/utils/cli/CommandLineTimeOutException
Event: 9.046 loading class org/apache/maven/surefire/shade/org/apache/maven/shared/utils/cli/CommandLineTimeOutException done
Event: 9.046 loading class org/apache/maven/surefire/shade/org/apache/maven/shared/utils/cli/CommandLineTimeOutException
Event: 9.046 loading class org/apache/maven/surefire/shade/org/apache/maven/shared/utils/cli/CommandLineTimeOutException done


Dynamic libraries:
0x00007ff623a70000 - 0x00007ff623ab7000 	E:\java\jdk1.8.0_211\bin\java.exe
0x00007ffa7e530000 - 0x00007ffa7e728000 	C:\WINDOWS\SYSTEM32\ntdll.dll
0x00007ffa7e290000 - 0x00007ffa7e352000 	C:\WINDOWS\System32\KERNEL32.DLL
0x00007ffa7bf10000 - 0x00007ffa7c206000 	C:\WINDOWS\System32\KERNELBASE.dll
0x00007ffa7e1e0000 - 0x00007ffa7e28f000 	C:\WINDOWS\System32\ADVAPI32.dll
0x00007ffa7ca70000 - 0x00007ffa7cb0e000 	C:\WINDOWS\System32\msvcrt.dll
0x00007ffa7e450000 - 0x00007ffa7e4ef000 	C:\WINDOWS\System32\sechost.dll
0x00007ffa7d5e0000 - 0x00007ffa7d703000 	C:\WINDOWS\System32\RPCRT4.dll
0x00007ffa7bd80000 - 0x00007ffa7bda7000 	C:\WINDOWS\System32\bcrypt.dll
0x00007ffa7c690000 - 0x00007ffa7c82d000 	C:\WINDOWS\System32\USER32.dll
0x00007ffa7c520000 - 0x00007ffa7c542000 	C:\WINDOWS\System32\win32u.dll
0x00007ffa7e360000 - 0x00007ffa7e38b000 	C:\WINDOWS\System32\GDI32.dll
0x00007ffa7bbc0000 - 0x00007ffa7bcda000 	C:\WINDOWS\System32\gdi32full.dll
0x00007ffa7bce0000 - 0x00007ffa7bd7d000 	C:\WINDOWS\System32\msvcp_win.dll
0x00007ffa7c210000 - 0x00007ffa7c310000 	C:\WINDOWS\System32\ucrtbase.dll
0x00007ffa5ee20000 - 0x00007ffa5f0ba000 	C:\WINDOWS\WinSxS\amd64_microsoft.windows.common-controls_6595b64144ccf1df_6.0.19041.4355_none_60b8b9eb71f62e16\COMCTL32.dll
0x00007ffa7c920000 - 0x00007ffa7c94f000 	C:\WINDOWS\System32\IMM32.DLL
0x00007ffa63880000 - 0x00007ffa63895000 	E:\java\jdk1.8.0_211\jre\bin\vcruntime140.dll
0x00007ffa26d00000 - 0x00007ffa26d9b000 	E:\java\jdk1.8.0_211\jre\bin\msvcp140.dll
0x00000000528a0000 - 0x0000000053100000 	E:\java\jdk1.8.0_211\jre\bin\server\jvm.dll
0x00007ffa7ca60000 - 0x00007ffa7ca68000 	C:\WINDOWS\System32\PSAPI.DLL
0x00007ffa68ab0000 - 0x00007ffa68ab9000 	C:\WINDOWS\SYSTEM32\WSOCK32.dll
0x00007ffa7d490000 - 0x00007ffa7d4fb000 	C:\WINDOWS\System32\WS2_32.dll
0x00007ffa659c0000 - 0x00007ffa659e7000 	C:\WINDOWS\SYSTEM32\WINMM.dll
0x00007ffa737c0000 - 0x00007ffa737ca000 	C:\WINDOWS\SYSTEM32\VERSION.dll
0x00007ffa7a5e0000 - 0x00007ffa7a5f2000 	C:\WINDOWS\SYSTEM32\kernel.appcore.dll
0x00007ffa63870000 - 0x00007ffa63880000 	E:\java\jdk1.8.0_211\jre\bin\verify.dll
0x00007ffa26cd0000 - 0x00007ffa26cfb000 	E:\java\jdk1.8.0_211\jre\bin\java.dll
0x00007ffa61720000 - 0x00007ffa61738000 	E:\java\jdk1.8.0_211\jre\bin\zip.dll
0x00007ffa7cd20000 - 0x00007ffa7d48f000 	C:\WINDOWS\System32\SHELL32.dll
0x00007ffa79bb0000 - 0x00007ffa7a353000 	C:\WINDOWS\SYSTEM32\windows.storage.dll
0x00007ffa7d8e0000 - 0x00007ffa7dc35000 	C:\WINDOWS\System32\combase.dll
0x00007ffa7b580000 - 0x00007ffa7b5ab000 	C:\WINDOWS\SYSTEM32\Wldp.dll
0x00007ffa7c830000 - 0x00007ffa7c8fd000 	C:\WINDOWS\System32\OLEAUT32.dll
0x00007ffa7c950000 - 0x00007ffa7c9fd000 	C:\WINDOWS\System32\SHCORE.dll
0x00007ffa7c630000 - 0x00007ffa7c685000 	C:\WINDOWS\System32\shlwapi.dll
0x00007ffa7ba80000 - 0x00007ffa7baa5000 	C:\WINDOWS\SYSTEM32\profapi.dll
0x00007ffa47750000 - 0x00007ffa4776c000 	E:\java\jdk1.8.0_211\jre\bin\net.dll
0x00007ffa7b2e0000 - 0x00007ffa7b34c000 	C:\WINDOWS\system32\mswsock.dll
0x00007ffa26cb0000 - 0x00007ffa26cc3000 	E:\java\jdk1.8.0_211\jre\bin\nio.dll
0x0000000069ac0000 - 0x0000000069ae4000 	C:\Users\13214\AppData\Local\Temp\jansi-2.4.0-5def0243462d4fe2-jansi.dll
0x00007ffa4ecd0000 - 0x00007ffa4ecdd000 	E:\java\jdk1.8.0_211\jre\bin\management.dll
0x00007ffa52c60000 - 0x00007ffa52c77000 	C:\WINDOWS\system32\napinsp.dll
0x00007ffa52c40000 - 0x00007ffa52c5b000 	C:\WINDOWS\system32\pnrpnsp.dll
0x00007ffa77580000 - 0x00007ffa77595000 	C:\WINDOWS\system32\wshbth.dll
0x00007ffa75e80000 - 0x00007ffa75e9d000 	C:\WINDOWS\system32\NLAapi.dll
0x00007ffa7af70000 - 0x00007ffa7afab000 	C:\WINDOWS\SYSTEM32\IPHLPAPI.DLL
0x00007ffa7afc0000 - 0x00007ffa7b08a000 	C:\WINDOWS\SYSTEM32\DNSAPI.dll
0x00007ffa7e440000 - 0x00007ffa7e448000 	C:\WINDOWS\System32\NSI.dll
0x00007ffa52c20000 - 0x00007ffa52c32000 	C:\WINDOWS\System32\winrnr.dll
0x00007ffa72430000 - 0x00007ffa7243a000 	C:\Windows\System32\rasadhlp.dll
0x00007ffa70560000 - 0x00007ffa705e0000 	C:\WINDOWS\System32\fwpuclnt.dll
0x00007ffa7b4d0000 - 0x00007ffa7b4e8000 	C:\WINDOWS\SYSTEM32\CRYPTSP.dll
0x00007ffa7ab90000 - 0x00007ffa7abc8000 	C:\WINDOWS\system32\rsaenh.dll
0x00007ffa7ba40000 - 0x00007ffa7ba6e000 	C:\WINDOWS\SYSTEM32\USERENV.dll
0x00007ffa7c310000 - 0x00007ffa7c392000 	C:\WINDOWS\System32\bcryptprimitives.dll
0x00007ffa7b4f0000 - 0x00007ffa7b4fc000 	C:\WINDOWS\SYSTEM32\CRYPTBASE.dll
0x00007ffa72440000 - 0x00007ffa72457000 	C:\WINDOWS\SYSTEM32\dhcpcsvc6.DLL
0x00007ffa72410000 - 0x00007ffa7242d000 	C:\WINDOWS\SYSTEM32\dhcpcsvc.DLL
0x00007ffa79710000 - 0x00007ffa798f4000 	C:\WINDOWS\SYSTEM32\dbghelp.dll

VM Arguments:
jvm_args: -Dmaven.multiModuleProjectDirectory=E:\node\GitResp1\online-taxi-public -Djansi.passthrough=true -Dmaven.home=E:\SOFT\IntelliJIDEA2024.1.7\plugins\maven\lib\maven3 -Dclassworlds.conf=E:\SOFT\IntelliJIDEA2024.1.7\plugins\maven\lib\maven3\bin\m2.conf -Dmaven.ext.class.path=E:\SOFT\IntelliJIDEA2024.1.7\plugins\maven\lib\maven-event-listener.jar -Dfile.encoding=UTF-8 
java_command: org.codehaus.classworlds.Launcher -Didea.version=2024.1.7 -s E:\apache-maven-3.9.9-bin\apache-maven-3.9.9\conf\settings.xml install --projects com.msb:service-map,com.msb:service-passenger-user,com.msb:service-vericationcode,com.msb:service-price,com.msb:online-taxi-public,com.msb:api-passenger,com.msb:service-driver-user,com.msb:api-boss,com.msb:api-driver
java_class_path (initial): E:\SOFT\IntelliJIDEA2024.1.7\plugins\maven\lib\maven3\boot\plexus-classworlds-2.7.0.jar;E:\SOFT\IntelliJIDEA2024.1.7\plugins\maven\lib\maven3\boot\plexus-classworlds.license
Launcher Type: SUN_STANDARD

Environment Variables:
JAVA_HOME=E:\java\jdk1.8.0_211
USERNAME=13214
OS=Windows_NT
PROCESSOR_IDENTIFIER=Intel64 Family 6 Model 158 Stepping 9, GenuineIntel



---------------  S Y S T E M  ---------------

OS: Windows 10.0 , 64 bit Build 19041 (10.0.19041.5678)

CPU:total 8 (initial active 8) (4 cores per cpu, 2 threads per core) family 6 model 158 stepping 9, cmov, cx8, fxsr, mmx, sse, sse2, sse3, ssse3, sse4.1, sse4.2, popcnt, avx, avx2, aes, clmul, erms, 3dnowpref, lzcnt, ht, tsc, tscinvbit, bmi1, bmi2, adx

Memory: 4k page, physical 16658612k(1458044k free), swap 42873008k(33612k free)

vm_info: Java HotSpot(TM) 64-Bit Server VM (25.291-b10) for windows-amd64 JRE (1.8.0_291-b10), built on Apr  9 2021 00:02:00 by "java_re" with MS VC++ 15.9 (VS2017)

time: Thu Apr 24 13:46:06 2025
timezone: 中国标准时间
elapsed time: 9.155170 seconds (0d 0h 0m 9s)

