#
# There is insufficient memory for the Java Runtime Environment to continue.
# Native memory allocation (malloc) failed to allocate 131088 bytes for Chunk::new
# Possible reasons:
#   The system is out of physical RAM or swap space
#   The process is running with CompressedOops enabled, and the Java Heap may be blocking the growth of the native heap
# Possible solutions:
#   Reduce memory load on the system
#   Increase physical memory or swap space
#   Check if swap backing store is full
#   Decrease Java heap size (-Xmx/-Xms)
#   Decrease number of Java threads
#   Decrease Java thread stack sizes (-Xss)
#   Set larger code cache with -XX:ReservedCodeCacheSize=
#   JVM is running with Zero Based Compressed Oops mode in which the Java heap is
#     placed in the first 32GB address space. The Java Heap base address is the
#     maximum limit for the native heap growth. Please use -XX:HeapBaseMinAddress
#     to set the Java Heap base and to place the Java Heap above 32GB virtual address.
# This output file may be truncated or incomplete.
#
#  Out of Memory Error (allocation.cpp:389), pid=5904, tid=0x000000000000671c
#
# JRE version: Java(TM) SE Runtime Environment (8.0_291-b10) (build 1.8.0_291-b10)
# Java VM: Java HotSpot(TM) 64-Bit Server VM (25.291-b10 mixed mode windows-amd64 compressed oops)
# Failed to write core dump. Minidumps are not enabled by default on client versions of Windows
#

---------------  T H R E A D  ---------------

Current thread (0x0000026ad7103000):  JavaThread "C2 CompilerThread2" daemon [_thread_in_native, id=26396, stack(0x000000eee4300000,0x000000eee4400000)]

Stack: [0x000000eee4300000,0x000000eee4400000]
Native frames: (J=compiled Java code, j=interpreted, Vv=VM code, C=native code)
V  [jvm.dll+0x32ea19]


Current CompileTask:
C2:   6508 4853   !   4       org.apache.maven.model.Model::clone (502 bytes)


---------------  P R O C E S S  ---------------

Java Threads: ( => current thread )
  0x0000026adc515800 JavaThread "Thread-5" [_thread_in_native, id=15140, stack(0x000000eee5100000,0x000000eee5200000)]
  0x0000026ad9f15000 JavaThread "Thread-4" [_thread_in_native, id=25672, stack(0x000000eee5000000,0x000000eee5100000)]
  0x0000026ad9f13800 JavaThread "Thread-3" [_thread_blocked, id=27368, stack(0x000000eee4f00000,0x000000eee5000000)]
  0x0000026ad9f19800 JavaThread "ThreadedStreamConsumer" daemon [_thread_blocked, id=12804, stack(0x000000eee4e00000,0x000000eee4f00000)]
  0x0000026ad9f16800 JavaThread "ping-timer-10s" daemon [_thread_blocked, id=16548, stack(0x000000eee4d00000,0x000000eee4e00000)]
  0x0000026ad9f18800 JavaThread "timeout-check-timer" daemon [_thread_blocked, id=1960, stack(0x000000eee4c00000,0x000000eee4d00000)]
  0x0000026ad9f1a000 JavaThread "resolver-5" daemon [_thread_blocked, id=9668, stack(0x000000eee4b00000,0x000000eee4c00000)]
  0x0000026ad9f18000 JavaThread "resolver-4" daemon [_thread_blocked, id=15976, stack(0x000000eee4a00000,0x000000eee4b00000)]
  0x0000026ad9f14000 JavaThread "resolver-3" daemon [_thread_blocked, id=20664, stack(0x000000eee4900000,0x000000eee4a00000)]
  0x0000026ad9f15800 JavaThread "resolver-2" daemon [_thread_blocked, id=15820, stack(0x000000eee4800000,0x000000eee4900000)]
  0x0000026ad9f17000 JavaThread "resolver-1" daemon [_thread_blocked, id=11296, stack(0x000000eee4700000,0x000000eee4800000)]
  0x0000026ad8359000 JavaThread "Service Thread" daemon [_thread_blocked, id=27476, stack(0x000000eee4500000,0x000000eee4600000)]
  0x0000026ad7108800 JavaThread "C1 CompilerThread3" daemon [_thread_blocked, id=26156, stack(0x000000eee4400000,0x000000eee4500000)]
=>0x0000026ad7103000 JavaThread "C2 CompilerThread2" daemon [_thread_in_native, id=26396, stack(0x000000eee4300000,0x000000eee4400000)]
  0x0000026ad7100000 JavaThread "C2 CompilerThread1" daemon [_thread_blocked, id=15204, stack(0x000000eee4200000,0x000000eee4300000)]
  0x0000026ad70f8000 JavaThread "C2 CompilerThread0" daemon [_thread_blocked, id=22120, stack(0x000000eee4100000,0x000000eee4200000)]
  0x0000026ad70a5800 JavaThread "Attach Listener" daemon [_thread_blocked, id=27424, stack(0x000000eee4000000,0x000000eee4100000)]
  0x0000026ad70a5000 JavaThread "Signal Dispatcher" daemon [_thread_blocked, id=9156, stack(0x000000eee3f00000,0x000000eee4000000)]
  0x0000026ad7074000 JavaThread "Finalizer" daemon [_thread_blocked, id=23360, stack(0x000000eee3e00000,0x000000eee3f00000)]
  0x0000026ad706c800 JavaThread "Reference Handler" daemon [_thread_blocked, id=11192, stack(0x000000eee3d00000,0x000000eee3e00000)]
  0x0000026abb89d000 JavaThread "main" [_thread_in_native, id=20364, stack(0x000000eee3300000,0x000000eee3400000)]

Other Threads:
  0x0000026ad7042800 VMThread [stack: 0x000000eee3c00000,0x000000eee3d00000] [id=10152]
  0x0000026ad83c0000 WatcherThread [stack: 0x000000eee4600000,0x000000eee4700000] [id=25904]

VM state:not at safepoint (normal execution)

VM Mutex/Monitor currently owned by a thread: None

heap address: 0x00000006c1c00000, size: 4068 MB, Compressed Oops mode: Zero based, Oop shift amount: 3
Narrow klass base: 0x0000000000000000, Narrow klass shift: 3
Compressed class space size: 1073741824 Address: 0x00000007c0000000

Heap:
 PSYoungGen      total 138752K, used 90307K [0x000000076b400000, 0x0000000775480000, 0x00000007c0000000)
  eden space 128000K, 62% used [0x000000076b400000,0x0000000770253f60,0x0000000773100000)
  from space 10752K, 93% used [0x0000000773100000,0x0000000773adcf68,0x0000000773b80000)
  to   space 14848K, 0% used [0x0000000774600000,0x0000000774600000,0x0000000775480000)
 ParOldGen       total 119808K, used 12732K [0x00000006c1c00000, 0x00000006c9100000, 0x000000076b400000)
  object space 119808K, 10% used [0x00000006c1c00000,0x00000006c286f0c8,0x00000006c9100000)
 Metaspace       used 24362K, capacity 25484K, committed 25728K, reserved 1071104K
  class space    used 2828K, capacity 3090K, committed 3200K, reserved 1048576K

Card table byte_map: [0x0000026acc700000,0x0000026accf00000] byte_map_base: 0x0000026ac90f2000

Marking Bits: (ParMarkBitMap*) 0x0000000053087fe0
 Begin Bits: [0x0000026acd450000, 0x0000026ad13e0000)
 End Bits:   [0x0000026ad13e0000, 0x0000026ad5370000)

Polling page: 0x0000026abba30000

CodeCache: size=245760Kb used=14997Kb max_used=16605Kb free=230762Kb
 bounds [0x0000026abd340000, 0x0000026abe390000, 0x0000026acc340000]
 total_blobs=4742 nmethods=4310 adapters=342
 compilation: enabled

Compilation events (10 events):
Event: 6.366 Thread 0x0000026ad70f8000 nmethod 4920 0x0000026abd838f90 code [0x0000026abd8390c0, 0x0000026abd839158]
Event: 6.366 Thread 0x0000026ad70f8000 4921       4       java.util.zip.CRC32::update (51 bytes)
Event: 6.367 Thread 0x0000026ad70f8000 nmethod 4921 0x0000026abd58b510 code [0x0000026abd58b660, 0x0000026abd58b778]
Event: 6.367 Thread 0x0000026ad70f8000 4922       4       java.util.zip.DeflaterOutputStream::write (21 bytes)
Event: 6.371 Thread 0x0000026ad70f8000 nmethod 4922 0x0000026abd6b1550 code [0x0000026abd6b16c0, 0x0000026abd6b1b88]
Event: 6.371 Thread 0x0000026ad70f8000 4925   !   4       java.util.zip.Deflater::setInput (74 bytes)
Event: 6.372 Thread 0x0000026ad70f8000 nmethod 4925 0x0000026abdd117d0 code [0x0000026abdd11920, 0x0000026abdd11bf8]
Event: 6.373 Thread 0x0000026ad7100000 nmethod 4923 0x0000026abdb4d850 code [0x0000026abdb4da00, 0x0000026abdb4f1f8]
Event: 6.471 Thread 0x0000026ad7108800 4934       1       java.util.Calendar::getZone (5 bytes)
Event: 6.471 Thread 0x0000026ad7108800 nmethod 4934 0x0000026abd53dad0 code [0x0000026abd53dc20, 0x0000026abd53dd38]

GC Heap History (10 events):
Event: 2.570 GC heap before
{Heap before GC invocations=2 (full 0):
 PSYoungGen      total 76288K, used 75702K [0x000000076b400000, 0x0000000770900000, 0x00000007c0000000)
  eden space 65536K, 100% used [0x000000076b400000,0x000000076f400000,0x000000076f400000)
  from space 10752K, 94% used [0x000000076f400000,0x000000076fdedad8,0x000000076fe80000)
  to   space 10752K, 0% used [0x000000076fe80000,0x000000076fe80000,0x0000000770900000)
 ParOldGen       total 175104K, used 16K [0x00000006c1c00000, 0x00000006cc700000, 0x000000076b400000)
  object space 175104K, 0% used [0x00000006c1c00000,0x00000006c1c04000,0x00000006cc700000)
 Metaspace       used 19054K, capacity 19668K, committed 19968K, reserved 1067008K
  class space    used 2359K, capacity 2529K, committed 2560K, reserved 1048576K
Event: 2.588 GC heap after
Heap after GC invocations=2 (full 0):
 PSYoungGen      total 76288K, used 10723K [0x000000076b400000, 0x0000000774900000, 0x00000007c0000000)
  eden space 65536K, 0% used [0x000000076b400000,0x000000076b400000,0x000000076f400000)
  from space 10752K, 99% used [0x000000076fe80000,0x00000007708f8c18,0x0000000770900000)
  to   space 10752K, 0% used [0x000000076f400000,0x000000076f400000,0x000000076fe80000)
 ParOldGen       total 175104K, used 2654K [0x00000006c1c00000, 0x00000006cc700000, 0x000000076b400000)
  object space 175104K, 1% used [0x00000006c1c00000,0x00000006c1e97b20,0x00000006cc700000)
 Metaspace       used 19054K, capacity 19668K, committed 19968K, reserved 1067008K
  class space    used 2359K, capacity 2529K, committed 2560K, reserved 1048576K
}
Event: 3.262 GC heap before
{Heap before GC invocations=3 (full 0):
 PSYoungGen      total 76288K, used 50097K [0x000000076b400000, 0x0000000774900000, 0x00000007c0000000)
  eden space 65536K, 60% used [0x000000076b400000,0x000000076da73ba8,0x000000076f400000)
  from space 10752K, 99% used [0x000000076fe80000,0x00000007708f8c18,0x0000000770900000)
  to   space 10752K, 0% used [0x000000076f400000,0x000000076f400000,0x000000076fe80000)
 ParOldGen       total 175104K, used 2654K [0x00000006c1c00000, 0x00000006cc700000, 0x000000076b400000)
  object space 175104K, 1% used [0x00000006c1c00000,0x00000006c1e97b20,0x00000006cc700000)
 Metaspace       used 20385K, capacity 21076K, committed 21248K, reserved 1067008K
  class space    used 2516K, capacity 2689K, committed 2816K, reserved 1048576K
Event: 3.273 GC heap after
Heap after GC invocations=3 (full 0):
 PSYoungGen      total 76288K, used 10744K [0x000000076b400000, 0x0000000774900000, 0x00000007c0000000)
  eden space 65536K, 0% used [0x000000076b400000,0x000000076b400000,0x000000076f400000)
  from space 10752K, 99% used [0x000000076f400000,0x000000076fe7e060,0x000000076fe80000)
  to   space 10752K, 0% used [0x0000000773e80000,0x0000000773e80000,0x0000000774900000)
 ParOldGen       total 175104K, used 4815K [0x00000006c1c00000, 0x00000006cc700000, 0x000000076b400000)
  object space 175104K, 2% used [0x00000006c1c00000,0x00000006c20b3c98,0x00000006cc700000)
 Metaspace       used 20385K, capacity 21076K, committed 21248K, reserved 1067008K
  class space    used 2516K, capacity 2689K, committed 2816K, reserved 1048576K
}
Event: 3.273 GC heap before
{Heap before GC invocations=4 (full 1):
 PSYoungGen      total 76288K, used 10744K [0x000000076b400000, 0x0000000774900000, 0x00000007c0000000)
  eden space 65536K, 0% used [0x000000076b400000,0x000000076b400000,0x000000076f400000)
  from space 10752K, 99% used [0x000000076f400000,0x000000076fe7e060,0x000000076fe80000)
  to   space 10752K, 0% used [0x0000000773e80000,0x0000000773e80000,0x0000000774900000)
 ParOldGen       total 175104K, used 4815K [0x00000006c1c00000, 0x00000006cc700000, 0x000000076b400000)
  object space 175104K, 2% used [0x00000006c1c00000,0x00000006c20b3c98,0x00000006cc700000)
 Metaspace       used 20385K, capacity 21076K, committed 21248K, reserved 1067008K
  class space    used 2516K, capacity 2689K, committed 2816K, reserved 1048576K
Event: 3.326 GC heap after
Heap after GC invocations=4 (full 1):
 PSYoungGen      total 76288K, used 0K [0x000000076b400000, 0x0000000774900000, 0x00000007c0000000)
  eden space 65536K, 0% used [0x000000076b400000,0x000000076b400000,0x000000076f400000)
  from space 10752K, 0% used [0x000000076f400000,0x000000076f400000,0x000000076fe80000)
  to   space 10752K, 0% used [0x0000000773e80000,0x0000000773e80000,0x0000000774900000)
 ParOldGen       total 119808K, used 12716K [0x00000006c1c00000, 0x00000006c9100000, 0x000000076b400000)
  object space 119808K, 10% used [0x00000006c1c00000,0x00000006c286b0c8,0x00000006c9100000)
 Metaspace       used 20385K, capacity 21076K, committed 21248K, reserved 1067008K
  class space    used 2516K, capacity 2689K, committed 2816K, reserved 1048576K
}
Event: 4.183 GC heap before
{Heap before GC invocations=5 (full 1):
 PSYoungGen      total 76288K, used 65536K [0x000000076b400000, 0x0000000774900000, 0x00000007c0000000)
  eden space 65536K, 100% used [0x000000076b400000,0x000000076f400000,0x000000076f400000)
  from space 10752K, 0% used [0x000000076f400000,0x000000076f400000,0x000000076fe80000)
  to   space 10752K, 0% used [0x0000000773e80000,0x0000000773e80000,0x0000000774900000)
 ParOldGen       total 119808K, used 12716K [0x00000006c1c00000, 0x00000006c9100000, 0x000000076b400000)
  object space 119808K, 10% used [0x00000006c1c00000,0x00000006c286b0c8,0x00000006c9100000)
 Metaspace       used 21244K, capacity 22130K, committed 22272K, reserved 1069056K
  class space    used 2557K, capacity 2770K, committed 2816K, reserved 1048576K
Event: 4.193 GC heap after
Heap after GC invocations=5 (full 1):
 PSYoungGen      total 100864K, used 7221K [0x000000076b400000, 0x0000000774600000, 0x00000007c0000000)
  eden space 93184K, 0% used [0x000000076b400000,0x000000076b400000,0x0000000770f00000)
  from space 7680K, 94% used [0x0000000773e80000,0x000000077458d478,0x0000000774600000)
  to   space 10752K, 0% used [0x0000000773100000,0x0000000773100000,0x0000000773b80000)
 ParOldGen       total 119808K, used 12724K [0x00000006c1c00000, 0x00000006c9100000, 0x000000076b400000)
  object space 119808K, 10% used [0x00000006c1c00000,0x00000006c286d0c8,0x00000006c9100000)
 Metaspace       used 21244K, capacity 22130K, committed 22272K, reserved 1069056K
  class space    used 2557K, capacity 2770K, committed 2816K, reserved 1048576K
}
Event: 5.035 GC heap before
{Heap before GC invocations=6 (full 1):
 PSYoungGen      total 100864K, used 100405K [0x000000076b400000, 0x0000000774600000, 0x00000007c0000000)
  eden space 93184K, 100% used [0x000000076b400000,0x0000000770f00000,0x0000000770f00000)
  from space 7680K, 94% used [0x0000000773e80000,0x000000077458d478,0x0000000774600000)
  to   space 10752K, 0% used [0x0000000773100000,0x0000000773100000,0x0000000773b80000)
 ParOldGen       total 119808K, used 12724K [0x00000006c1c00000, 0x00000006c9100000, 0x000000076b400000)
  object space 119808K, 10% used [0x00000006c1c00000,0x00000006c286d0c8,0x00000006c9100000)
 Metaspace       used 22124K, capacity 23078K, committed 23424K, reserved 1069056K
  class space    used 2615K, capacity 2850K, committed 2944K, reserved 1048576K
Event: 5.049 GC heap after
Heap after GC invocations=6 (full 1):
 PSYoungGen      total 138752K, used 10099K [0x000000076b400000, 0x0000000775480000, 0x00000007c0000000)
  eden space 128000K, 0% used [0x000000076b400000,0x000000076b400000,0x0000000773100000)
  from space 10752K, 93% used [0x0000000773100000,0x0000000773adcf68,0x0000000773b80000)
  to   space 14848K, 0% used [0x0000000774600000,0x0000000774600000,0x0000000775480000)
 ParOldGen       total 119808K, used 12732K [0x00000006c1c00000, 0x00000006c9100000, 0x000000076b400000)
  object space 119808K, 10% used [0x00000006c1c00000,0x00000006c286f0c8,0x00000006c9100000)
 Metaspace       used 22124K, capacity 23078K, committed 23424K, reserved 1069056K
  class space    used 2615K, capacity 2850K, committed 2944K, reserved 1048576K
}

Deoptimization events (10 events):
Event: 6.361 Thread 0x0000026abb89d000 Uncommon trap: reason=class_check action=maybe_recompile pc=0x0000026abde21c88 method=java.util.Collections$UnmodifiableMap$UnmodifiableEntrySet$UnmodifiableEntry.getValue()Ljava/lang/Object; @ 4
Event: 6.361 Thread 0x0000026abb89d000 Uncommon trap: reason=class_check action=maybe_recompile pc=0x0000026abdd31d90 method=java.util.Collections$UnmodifiableMap$UnmodifiableEntrySet$1.hasNext()Z @ 4
Event: 6.361 Thread 0x0000026abb89d000 Uncommon trap: reason=class_check action=maybe_recompile pc=0x0000026abdd5e304 method=java.util.Collections$UnmodifiableMap$UnmodifiableEntrySet$1.next()Ljava/util/Map$Entry; @ 8
Event: 6.361 Thread 0x0000026abb89d000 Uncommon trap: reason=class_check action=maybe_recompile pc=0x0000026abdd52f88 method=java.util.Collections$UnmodifiableMap$UnmodifiableEntrySet$UnmodifiableEntry.getKey()Ljava/lang/Object; @ 4
Event: 6.361 Thread 0x0000026abb89d000 Uncommon trap: reason=class_check action=maybe_recompile pc=0x0000026abde21c88 method=java.util.Collections$UnmodifiableMap$UnmodifiableEntrySet$UnmodifiableEntry.getValue()Ljava/lang/Object; @ 4
Event: 6.361 Thread 0x0000026abb89d000 Uncommon trap: reason=class_check action=maybe_recompile pc=0x0000026abdd31d90 method=java.util.Collections$UnmodifiableMap$UnmodifiableEntrySet$1.hasNext()Z @ 4
Event: 6.361 Thread 0x0000026abb89d000 Uncommon trap: reason=class_check action=maybe_recompile pc=0x0000026abdd5e304 method=java.util.Collections$UnmodifiableMap$UnmodifiableEntrySet$1.next()Ljava/util/Map$Entry; @ 8
Event: 6.361 Thread 0x0000026abb89d000 Uncommon trap: reason=class_check action=maybe_recompile pc=0x0000026abdd52f88 method=java.util.Collections$UnmodifiableMap$UnmodifiableEntrySet$UnmodifiableEntry.getKey()Ljava/lang/Object; @ 4
Event: 6.361 Thread 0x0000026abb89d000 Uncommon trap: reason=class_check action=maybe_recompile pc=0x0000026abde21c88 method=java.util.Collections$UnmodifiableMap$UnmodifiableEntrySet$UnmodifiableEntry.getValue()Ljava/lang/Object; @ 4
Event: 6.363 Thread 0x0000026abb89d000 Uncommon trap: reason=predicate action=maybe_recompile pc=0x0000026abd9a004c method=java.util.TimSort.binarySort([Ljava/lang/Object;IIILjava/util/Comparator;)V @ 76

Classes redefined (0 events):
No events

Internal exceptions (10 events):
Event: 3.047 Thread 0x0000026abb89d000 Implicit null exception at 0x0000026abdd115c3 to 0x0000026abdd1180d
Event: 3.231 Thread 0x0000026abb89d000 Implicit null exception at 0x0000026abdb74755 to 0x0000026abdb74955
Event: 3.235 Thread 0x0000026abb89d000 Implicit null exception at 0x0000026abdd0402f to 0x0000026abdd0553d
Event: 3.332 Thread 0x0000026abb89d000 Exception <a 'sun/nio/fs/WindowsException'> (0x000000076b43a2d8) thrown at [C:\jenkins\workspace\8-2-build-windows-amd64-cygwin\jdk8u291\1294\hotspot\src\share\vm\prims\jni.cpp, line 710]
Event: 3.339 Thread 0x0000026abb89d000 Exception <a 'sun/nio/fs/WindowsException'> (0x000000076b45e680) thrown at [C:\jenkins\workspace\8-2-build-windows-amd64-cygwin\jdk8u291\1294\hotspot\src\share\vm\prims\jni.cpp, line 710]
Event: 3.470 Thread 0x0000026abb89d000 Exception <a 'java/lang/NoSuchMethodError': java.lang.Object.lambda$and$0(Ljava/util/function/Predicate;Ljava/lang/Object;)Z> (0x000000076bd275f0) thrown at [C:\jenkins\workspace\8-2-build-windows-amd64-cygwin\jdk8u291\1294\hotspot\src\share\vm\interprete
Event: 4.450 Thread 0x0000026abb89d000 Implicit null exception at 0x0000026abd7b90d5 to 0x0000026abd7b92d9
Event: 4.450 Thread 0x0000026abb89d000 Implicit null exception at 0x0000026abd6b876f to 0x0000026abd6b87d9
Event: 5.654 Thread 0x0000026abb89d000 Exception <a 'java/lang/NoSuchMethodError': org.apache.maven.execution.MavenExecutionRequest.getFailureBehavior()Ljava/lang/String;> (0x000000076de37238) thrown at [C:\jenkins\workspace\8-2-build-windows-amd64-cygwin\jdk8u291\1294\hotspot\src\share\vm\int
Event: 6.147 Thread 0x0000026abb89d000 Exception <a 'java/lang/NoSuchMethodError': java.lang.Object.lambda$or$2(Ljava/util/function/Predicate;Ljava/lang/Object;)Z> (0x000000076e455f20) thrown at [C:\jenkins\workspace\8-2-build-windows-amd64-cygwin\jdk8u291\1294\hotspot\src\share\vm\interpreter

Events (10 events):
Event: 6.468 loading class org/apache/maven/plugin/surefire/booterclient/output/InPluginProcessDumpSingleton
Event: 6.468 loading class org/apache/maven/plugin/surefire/booterclient/output/InPluginProcessDumpSingleton done
Event: 6.468 loading class org/apache/maven/plugin/surefire/booterclient/output/InPluginProcessDumpSingleton
Event: 6.468 loading class org/apache/maven/plugin/surefire/booterclient/output/InPluginProcessDumpSingleton done
Event: 6.470 Executing VM operation: RevokeBias
Event: 6.470 Executing VM operation: RevokeBias done
Event: 6.471 loading class java/lang/Throwable$WrappedPrintWriter
Event: 6.471 loading class java/lang/Throwable$PrintStreamOrWriter
Event: 6.471 loading class java/lang/Throwable$PrintStreamOrWriter done
Event: 6.471 loading class java/lang/Throwable$WrappedPrintWriter done


Dynamic libraries:
0x00007ff623a70000 - 0x00007ff623ab7000 	E:\java\jdk1.8.0_211\bin\java.exe
0x00007ffa7e530000 - 0x00007ffa7e728000 	C:\WINDOWS\SYSTEM32\ntdll.dll
0x00007ffa7e290000 - 0x00007ffa7e352000 	C:\WINDOWS\System32\KERNEL32.DLL
0x00007ffa7bf10000 - 0x00007ffa7c206000 	C:\WINDOWS\System32\KERNELBASE.dll
0x00007ffa7e1e0000 - 0x00007ffa7e28f000 	C:\WINDOWS\System32\ADVAPI32.dll
0x00007ffa7ca70000 - 0x00007ffa7cb0e000 	C:\WINDOWS\System32\msvcrt.dll
0x00007ffa7e450000 - 0x00007ffa7e4ef000 	C:\WINDOWS\System32\sechost.dll
0x00007ffa7d5e0000 - 0x00007ffa7d703000 	C:\WINDOWS\System32\RPCRT4.dll
0x00007ffa7bd80000 - 0x00007ffa7bda7000 	C:\WINDOWS\System32\bcrypt.dll
0x00007ffa7c690000 - 0x00007ffa7c82d000 	C:\WINDOWS\System32\USER32.dll
0x00007ffa7c520000 - 0x00007ffa7c542000 	C:\WINDOWS\System32\win32u.dll
0x00007ffa7e360000 - 0x00007ffa7e38b000 	C:\WINDOWS\System32\GDI32.dll
0x00007ffa7bbc0000 - 0x00007ffa7bcda000 	C:\WINDOWS\System32\gdi32full.dll
0x00007ffa7bce0000 - 0x00007ffa7bd7d000 	C:\WINDOWS\System32\msvcp_win.dll
0x00007ffa7c210000 - 0x00007ffa7c310000 	C:\WINDOWS\System32\ucrtbase.dll
0x00007ffa5ee20000 - 0x00007ffa5f0ba000 	C:\WINDOWS\WinSxS\amd64_microsoft.windows.common-controls_6595b64144ccf1df_6.0.19041.4355_none_60b8b9eb71f62e16\COMCTL32.dll
0x00007ffa7c920000 - 0x00007ffa7c94f000 	C:\WINDOWS\System32\IMM32.DLL
0x00007ffa63880000 - 0x00007ffa63895000 	E:\java\jdk1.8.0_211\jre\bin\vcruntime140.dll
0x00007ffa26d00000 - 0x00007ffa26d9b000 	E:\java\jdk1.8.0_211\jre\bin\msvcp140.dll
0x00000000528a0000 - 0x0000000053100000 	E:\java\jdk1.8.0_211\jre\bin\server\jvm.dll
0x00007ffa7ca60000 - 0x00007ffa7ca68000 	C:\WINDOWS\System32\PSAPI.DLL
0x00007ffa68ab0000 - 0x00007ffa68ab9000 	C:\WINDOWS\SYSTEM32\WSOCK32.dll
0x00007ffa659c0000 - 0x00007ffa659e7000 	C:\WINDOWS\SYSTEM32\WINMM.dll
0x00007ffa737c0000 - 0x00007ffa737ca000 	C:\WINDOWS\SYSTEM32\VERSION.dll
0x00007ffa7d490000 - 0x00007ffa7d4fb000 	C:\WINDOWS\System32\WS2_32.dll
0x00007ffa7a5e0000 - 0x00007ffa7a5f2000 	C:\WINDOWS\SYSTEM32\kernel.appcore.dll
0x00007ffa63870000 - 0x00007ffa63880000 	E:\java\jdk1.8.0_211\jre\bin\verify.dll
0x00007ffa26cd0000 - 0x00007ffa26cfb000 	E:\java\jdk1.8.0_211\jre\bin\java.dll
0x00007ffa61720000 - 0x00007ffa61738000 	E:\java\jdk1.8.0_211\jre\bin\zip.dll
0x00007ffa7cd20000 - 0x00007ffa7d48f000 	C:\WINDOWS\System32\SHELL32.dll
0x00007ffa79bb0000 - 0x00007ffa7a353000 	C:\WINDOWS\SYSTEM32\windows.storage.dll
0x00007ffa7d8e0000 - 0x00007ffa7dc35000 	C:\WINDOWS\System32\combase.dll
0x00007ffa7b580000 - 0x00007ffa7b5ab000 	C:\WINDOWS\SYSTEM32\Wldp.dll
0x00007ffa7c830000 - 0x00007ffa7c8fd000 	C:\WINDOWS\System32\OLEAUT32.dll
0x00007ffa7c950000 - 0x00007ffa7c9fd000 	C:\WINDOWS\System32\SHCORE.dll
0x00007ffa7c630000 - 0x00007ffa7c685000 	C:\WINDOWS\System32\shlwapi.dll
0x00007ffa7ba80000 - 0x00007ffa7baa5000 	C:\WINDOWS\SYSTEM32\profapi.dll
0x00007ffa47750000 - 0x00007ffa4776c000 	E:\java\jdk1.8.0_211\jre\bin\net.dll
0x00007ffa7b2e0000 - 0x00007ffa7b34c000 	C:\WINDOWS\system32\mswsock.dll
0x00007ffa26cb0000 - 0x00007ffa26cc3000 	E:\java\jdk1.8.0_211\jre\bin\nio.dll
0x0000000069ac0000 - 0x0000000069ae4000 	C:\Users\13214\AppData\Local\Temp\jansi-2.4.0-e9f2bdfe494df318-jansi.dll
0x00007ffa4ecd0000 - 0x00007ffa4ecdd000 	E:\java\jdk1.8.0_211\jre\bin\management.dll
0x00007ffa52c60000 - 0x00007ffa52c77000 	C:\WINDOWS\system32\napinsp.dll
0x00007ffa52c40000 - 0x00007ffa52c5b000 	C:\WINDOWS\system32\pnrpnsp.dll
0x00007ffa77580000 - 0x00007ffa77595000 	C:\WINDOWS\system32\wshbth.dll
0x00007ffa75e80000 - 0x00007ffa75e9d000 	C:\WINDOWS\system32\NLAapi.dll
0x00007ffa7af70000 - 0x00007ffa7afab000 	C:\WINDOWS\SYSTEM32\IPHLPAPI.DLL
0x00007ffa7afc0000 - 0x00007ffa7b08a000 	C:\WINDOWS\SYSTEM32\DNSAPI.dll
0x00007ffa7e440000 - 0x00007ffa7e448000 	C:\WINDOWS\System32\NSI.dll
0x00007ffa52c20000 - 0x00007ffa52c32000 	C:\WINDOWS\System32\winrnr.dll
0x00007ffa72430000 - 0x00007ffa7243a000 	C:\Windows\System32\rasadhlp.dll
0x00007ffa70560000 - 0x00007ffa705e0000 	C:\WINDOWS\System32\fwpuclnt.dll
0x00007ffa7b4d0000 - 0x00007ffa7b4e8000 	C:\WINDOWS\SYSTEM32\CRYPTSP.dll
0x00007ffa7ab90000 - 0x00007ffa7abc8000 	C:\WINDOWS\system32\rsaenh.dll
0x00007ffa7ba40000 - 0x00007ffa7ba6e000 	C:\WINDOWS\SYSTEM32\USERENV.dll
0x00007ffa7c310000 - 0x00007ffa7c392000 	C:\WINDOWS\System32\bcryptprimitives.dll
0x00007ffa7b4f0000 - 0x00007ffa7b4fc000 	C:\WINDOWS\SYSTEM32\CRYPTBASE.dll
0x00007ffa72440000 - 0x00007ffa72457000 	C:\WINDOWS\SYSTEM32\dhcpcsvc6.DLL
0x00007ffa72410000 - 0x00007ffa7242d000 	C:\WINDOWS\SYSTEM32\dhcpcsvc.DLL

VM Arguments:
jvm_args: -Dmaven.multiModuleProjectDirectory=E:\node\GitResp1\online-taxi-public -Djansi.passthrough=true -Dmaven.home=E:\SOFT\IntelliJIDEA2024.1.7\plugins\maven\lib\maven3 -Dclassworlds.conf=E:\SOFT\IntelliJIDEA2024.1.7\plugins\maven\lib\maven3\bin\m2.conf -Dmaven.ext.class.path=E:\SOFT\IntelliJIDEA2024.1.7\plugins\maven\lib\maven-event-listener.jar -Dfile.encoding=UTF-8 
java_command: org.codehaus.classworlds.Launcher -Didea.version=2024.1.7 -s E:\apache-maven-3.9.9-bin\apache-maven-3.9.9\conf\settings.xml install --projects com.msb:service-map,com.msb:service-passenger-user,com.msb:service-vericationcode,com.msb:service-price,com.msb:online-taxi-public,com.msb:api-passenger,com.msb:service-driver-user,com.msb:api-boss,com.msb:api-driver
java_class_path (initial): E:\SOFT\IntelliJIDEA2024.1.7\plugins\maven\lib\maven3\boot\plexus-classworlds-2.7.0.jar;E:\SOFT\IntelliJIDEA2024.1.7\plugins\maven\lib\maven3\boot\plexus-classworlds.license
Launcher Type: SUN_STANDARD

Environment Variables:
JAVA_HOME=E:\java\jdk1.8.0_211
USERNAME=13214
OS=Windows_NT
PROCESSOR_IDENTIFIER=Intel64 Family 6 Model 158 Stepping 9, GenuineIntel



---------------  S Y S T E M  ---------------

OS: Windows 10.0 , 64 bit Build 19041 (10.0.19041.5678)

CPU:total 8 (initial active 8) (4 cores per cpu, 2 threads per core) family 6 model 158 stepping 9, cmov, cx8, fxsr, mmx, sse, sse2, sse3, ssse3, sse4.1, sse4.2, popcnt, avx, avx2, aes, clmul, erms, 3dnowpref, lzcnt, ht, tsc, tscinvbit, bmi1, bmi2, adx

Memory: 4k page, physical 16658612k(2265848k free), swap 42873008k(4100k free)

vm_info: Java HotSpot(TM) 64-Bit Server VM (25.291-b10) for windows-amd64 JRE (1.8.0_291-b10), built on Apr  9 2021 00:02:00 by "java_re" with MS VC++ 15.9 (VS2017)

time: Thu Apr 24 15:22:41 2025
timezone: 中国标准时间
elapsed time: 6.513460 seconds (0d 0h 0m 6s)

