#
# There is insufficient memory for the Java Runtime Environment to continue.
# Native memory allocation (malloc) failed to allocate 55216 bytes for Chunk::new
# Possible reasons:
#   The system is out of physical RAM or swap space
#   The process is running with CompressedOops enabled, and the Java Heap may be blocking the growth of the native heap
# Possible solutions:
#   Reduce memory load on the system
#   Increase physical memory or swap space
#   Check if swap backing store is full
#   Decrease Java heap size (-Xmx/-Xms)
#   Decrease number of Java threads
#   Decrease Java thread stack sizes (-Xss)
#   Set larger code cache with -XX:ReservedCodeCacheSize=
#   JVM is running with Zero Based Compressed Oops mode in which the Java heap is
#     placed in the first 32GB address space. The Java Heap base address is the
#     maximum limit for the native heap growth. Please use -XX:HeapBaseMinAddress
#     to set the Java Heap base and to place the Java Heap above 32GB virtual address.
# This output file may be truncated or incomplete.
#
#  Out of Memory Error (allocation.cpp:389), pid=25256, tid=0x0000000000006084
#
# JRE version: Java(TM) SE Runtime Environment (8.0_291-b10) (build 1.8.0_291-b10)
# Java VM: Java HotSpot(TM) 64-Bit Server VM (25.291-b10 mixed mode windows-amd64 compressed oops)
# Failed to write core dump. Minidumps are not enabled by default on client versions of Windows
#

---------------  T H R E A D  ---------------

Current thread (0x00000232fac87800):  JavaThread "C2 CompilerThread2" daemon [_thread_in_native, id=24708, stack(0x00000055e8000000,0x00000055e8100000)]

Stack: [0x00000055e8000000,0x00000055e8100000]
Native frames: (J=compiled Java code, j=interpreted, Vv=VM code, C=native code)
V  [jvm.dll+0x32ea19]


Current CompileTask:
C2:   3340 2656   !   4       java.lang.ref.Reference::tryHandlePending (115 bytes)


---------------  P R O C E S S  ---------------

Java Threads: ( => current thread )
  0x00000232fc99e000 JavaThread "Service Thread" daemon [_thread_blocked, id=15152, stack(0x00000055e8200000,0x00000055e8300000)]
  0x00000232fc944000 JavaThread "C1 CompilerThread3" daemon [_thread_blocked, id=9016, stack(0x00000055e8100000,0x00000055e8200000)]
=>0x00000232fac87800 JavaThread "C2 CompilerThread2" daemon [_thread_in_native, id=24708, stack(0x00000055e8000000,0x00000055e8100000)]
  0x00000232fac81800 JavaThread "C2 CompilerThread1" daemon [_thread_in_native, id=21984, stack(0x00000055e7f00000,0x00000055e8000000)]
  0x00000232fac2b800 JavaThread "C2 CompilerThread0" daemon [_thread_blocked, id=2624, stack(0x00000055e7e00000,0x00000055e7f00000)]
  0x00000232fac2a800 JavaThread "Attach Listener" daemon [_thread_blocked, id=5348, stack(0x00000055e7d00000,0x00000055e7e00000)]
  0x00000232fac13000 JavaThread "Signal Dispatcher" daemon [_thread_blocked, id=25488, stack(0x00000055e7c00000,0x00000055e7d00000)]
  0x00000232fabf8000 JavaThread "Finalizer" daemon [_thread_blocked, id=19480, stack(0x00000055e7b00000,0x00000055e7c00000)]
  0x00000232fabe9000 JavaThread "Reference Handler" daemon [_thread_blocked, id=22224, stack(0x00000055e7a00000,0x00000055e7b00000)]
  0x00000232f6e07800 JavaThread "main" [_thread_in_native, id=9004, stack(0x00000055e7000000,0x00000055e7100000)]

Other Threads:
  0x00000232fabbf800 VMThread [stack: 0x00000055e7900000,0x00000055e7a00000] [id=25160]
  0x00000232fc99f000 WatcherThread [stack: 0x00000055e8300000,0x00000055e8400000] [id=24784]

VM state:not at safepoint (normal execution)

VM Mutex/Monitor currently owned by a thread: None

heap address: 0x00000006c1c00000, size: 4068 MB, Compressed Oops mode: Zero based, Oop shift amount: 3
Narrow klass base: 0x0000000000000000, Narrow klass shift: 3
Compressed class space size: 1073741824 Address: 0x00000007c0000000

Heap:
 PSYoungGen      total 76288K, used 9811K [0x000000076b400000, 0x0000000772900000, 0x00000007c0000000)
  eden space 65536K, 3% used [0x000000076b400000,0x000000076b6287c0,0x000000076f400000)
  from space 10752K, 70% used [0x000000076f400000,0x000000076fb6c4a0,0x000000076fe80000)
  to   space 10752K, 0% used [0x0000000771e80000,0x0000000771e80000,0x0000000772900000)
 ParOldGen       total 110080K, used 9241K [0x00000006c1c00000, 0x00000006c8780000, 0x000000076b400000)
  object space 110080K, 8% used [0x00000006c1c00000,0x00000006c2506740,0x00000006c8780000)
 Metaspace       used 25040K, capacity 26376K, committed 26496K, reserved 1073152K
  class space    used 3195K, capacity 3456K, committed 3456K, reserved 1048576K

Card table byte_map: [0x00000232f8c40000,0x00000232f9440000] byte_map_base: 0x00000232f5632000

Marking Bits: (ParMarkBitMap*) 0x0000000053087fe0
 Begin Bits: [0x000002328f000000, 0x0000023292f90000)
 End Bits:   [0x0000023292f90000, 0x0000023296f20000)

Polling page: 0x00000232f6fa0000

CodeCache: size=245760Kb used=8929Kb max_used=8959Kb free=236830Kb
 bounds [0x0000023280000000, 0x00000232808d0000, 0x000002328f000000]
 total_blobs=3049 nmethods=2664 adapters=297
 compilation: enabled

Compilation events (10 events):
Event: 3.330 Thread 0x00000232fc944000 2665       3       java.util.concurrent.ConcurrentHashMap::remove (8 bytes)
Event: 3.330 Thread 0x00000232fc944000 nmethod 2665 0x00000232808a2990 code [0x00000232808a2b00, 0x00000232808a2d30]
Event: 3.330 Thread 0x00000232fc944000 2666       3       jdk.internal.org.objectweb.asm.Item::isEqualTo (354 bytes)
Event: 3.331 Thread 0x00000232fc944000 nmethod 2666 0x00000232808ba250 code [0x00000232808ba480, 0x00000232808bb190]
Event: 3.331 Thread 0x00000232fac87800 nmethod 2658% 0x00000232808bb550 code [0x00000232808bb720, 0x00000232808bc660]
Event: 3.331 Thread 0x00000232fac87800 2656   !   4       java.lang.ref.Reference::tryHandlePending (115 bytes)
Event: 3.333 Thread 0x00000232fac2b800 nmethod 2565 0x00000232808bd290 code [0x00000232808bd680, 0x00000232808c2930]
Event: 3.334 Thread 0x00000232fac2b800 2655       4       java.lang.ref.ReferenceQueue::reallyPoll (65 bytes)
Event: 3.335 Thread 0x00000232fac2b800 nmethod 2655 0x00000232808aabd0 code [0x00000232808aad00, 0x00000232808aae58]
Event: 3.335 Thread 0x00000232fac2b800 2657   !   4       java.lang.ref.ReferenceQueue::enqueue (119 bytes)

GC Heap History (8 events):
Event: 1.806 GC heap before
{Heap before GC invocations=1 (full 0):
 PSYoungGen      total 76288K, used 65536K [0x000000076b400000, 0x0000000770900000, 0x00000007c0000000)
  eden space 65536K, 100% used [0x000000076b400000,0x000000076f400000,0x000000076f400000)
  from space 10752K, 0% used [0x000000076fe80000,0x000000076fe80000,0x0000000770900000)
  to   space 10752K, 0% used [0x000000076f400000,0x000000076f400000,0x000000076fe80000)
 ParOldGen       total 175104K, used 0K [0x00000006c1c00000, 0x00000006cc700000, 0x000000076b400000)
  object space 175104K, 0% used [0x00000006c1c00000,0x00000006c1c00000,0x00000006cc700000)
 Metaspace       used 16067K, capacity 16916K, committed 17152K, reserved 1064960K
  class space    used 1989K, capacity 2184K, committed 2304K, reserved 1048576K
Event: 1.815 GC heap after
Heap after GC invocations=1 (full 0):
 PSYoungGen      total 76288K, used 10737K [0x000000076b400000, 0x0000000770900000, 0x00000007c0000000)
  eden space 65536K, 0% used [0x000000076b400000,0x000000076b400000,0x000000076f400000)
  from space 10752K, 99% used [0x000000076f400000,0x000000076fe7c7a8,0x000000076fe80000)
  to   space 10752K, 0% used [0x000000076fe80000,0x000000076fe80000,0x0000000770900000)
 ParOldGen       total 175104K, used 588K [0x00000006c1c00000, 0x00000006cc700000, 0x000000076b400000)
  object space 175104K, 0% used [0x00000006c1c00000,0x00000006c1c93078,0x00000006cc700000)
 Metaspace       used 16067K, capacity 16916K, committed 17152K, reserved 1064960K
  class space    used 1989K, capacity 2184K, committed 2304K, reserved 1048576K
}
Event: 2.188 GC heap before
{Heap before GC invocations=2 (full 0):
 PSYoungGen      total 76288K, used 46081K [0x000000076b400000, 0x0000000770900000, 0x00000007c0000000)
  eden space 65536K, 53% used [0x000000076b400000,0x000000076d683e98,0x000000076f400000)
  from space 10752K, 99% used [0x000000076f400000,0x000000076fe7c7a8,0x000000076fe80000)
  to   space 10752K, 0% used [0x000000076fe80000,0x000000076fe80000,0x0000000770900000)
 ParOldGen       total 175104K, used 588K [0x00000006c1c00000, 0x00000006cc700000, 0x000000076b400000)
  object space 175104K, 0% used [0x00000006c1c00000,0x00000006c1c93078,0x00000006cc700000)
 Metaspace       used 20319K, capacity 21226K, committed 21296K, reserved 1069056K
  class space    used 2566K, capacity 2793K, committed 2816K, reserved 1048576K
Event: 2.197 GC heap after
Heap after GC invocations=2 (full 0):
 PSYoungGen      total 76288K, used 9578K [0x000000076b400000, 0x0000000770900000, 0x00000007c0000000)
  eden space 65536K, 0% used [0x000000076b400000,0x000000076b400000,0x000000076f400000)
  from space 10752K, 89% used [0x000000076fe80000,0x00000007707dab70,0x0000000770900000)
  to   space 10752K, 0% used [0x000000076f400000,0x000000076f400000,0x000000076fe80000)
 ParOldGen       total 175104K, used 596K [0x00000006c1c00000, 0x00000006cc700000, 0x000000076b400000)
  object space 175104K, 0% used [0x00000006c1c00000,0x00000006c1c95078,0x00000006cc700000)
 Metaspace       used 20319K, capacity 21226K, committed 21296K, reserved 1069056K
  class space    used 2566K, capacity 2793K, committed 2816K, reserved 1048576K
}
Event: 2.197 GC heap before
{Heap before GC invocations=3 (full 1):
 PSYoungGen      total 76288K, used 9578K [0x000000076b400000, 0x0000000770900000, 0x00000007c0000000)
  eden space 65536K, 0% used [0x000000076b400000,0x000000076b400000,0x000000076f400000)
  from space 10752K, 89% used [0x000000076fe80000,0x00000007707dab70,0x0000000770900000)
  to   space 10752K, 0% used [0x000000076f400000,0x000000076f400000,0x000000076fe80000)
 ParOldGen       total 175104K, used 596K [0x00000006c1c00000, 0x00000006cc700000, 0x000000076b400000)
  object space 175104K, 0% used [0x00000006c1c00000,0x00000006c1c95078,0x00000006cc700000)
 Metaspace       used 20319K, capacity 21226K, committed 21296K, reserved 1069056K
  class space    used 2566K, capacity 2793K, committed 2816K, reserved 1048576K
Event: 2.231 GC heap after
Heap after GC invocations=3 (full 1):
 PSYoungGen      total 76288K, used 0K [0x000000076b400000, 0x0000000770900000, 0x00000007c0000000)
  eden space 65536K, 0% used [0x000000076b400000,0x000000076b400000,0x000000076f400000)
  from space 10752K, 0% used [0x000000076fe80000,0x000000076fe80000,0x0000000770900000)
  to   space 10752K, 0% used [0x000000076f400000,0x000000076f400000,0x000000076fe80000)
 ParOldGen       total 110080K, used 9233K [0x00000006c1c00000, 0x00000006c8780000, 0x000000076b400000)
  object space 110080K, 8% used [0x00000006c1c00000,0x00000006c2504740,0x00000006c8780000)
 Metaspace       used 20319K, capacity 21226K, committed 21296K, reserved 1069056K
  class space    used 2566K, capacity 2793K, committed 2816K, reserved 1048576K
}
Event: 3.273 GC heap before
{Heap before GC invocations=4 (full 1):
 PSYoungGen      total 76288K, used 65536K [0x000000076b400000, 0x0000000770900000, 0x00000007c0000000)
  eden space 65536K, 100% used [0x000000076b400000,0x000000076f400000,0x000000076f400000)
  from space 10752K, 0% used [0x000000076fe80000,0x000000076fe80000,0x0000000770900000)
  to   space 10752K, 0% used [0x000000076f400000,0x000000076f400000,0x000000076fe80000)
 ParOldGen       total 110080K, used 9233K [0x00000006c1c00000, 0x00000006c8780000, 0x000000076b400000)
  object space 110080K, 8% used [0x00000006c1c00000,0x00000006c2504740,0x00000006c8780000)
 Metaspace       used 24874K, capacity 26222K, committed 26240K, reserved 1073152K
  class space    used 3172K, capacity 3451K, committed 3456K, reserved 1048576K
Event: 3.291 GC heap after
Heap after GC invocations=4 (full 1):
 PSYoungGen      total 76288K, used 7601K [0x000000076b400000, 0x0000000772900000, 0x00000007c0000000)
  eden space 65536K, 0% used [0x000000076b400000,0x000000076b400000,0x000000076f400000)
  from space 10752K, 70% used [0x000000076f400000,0x000000076fb6c4a0,0x000000076fe80000)
  to   space 10752K, 0% used [0x0000000771e80000,0x0000000771e80000,0x0000000772900000)
 ParOldGen       total 110080K, used 9241K [0x00000006c1c00000, 0x00000006c8780000, 0x000000076b400000)
  object space 110080K, 8% used [0x00000006c1c00000,0x00000006c2506740,0x00000006c8780000)
 Metaspace       used 24874K, capacity 26222K, committed 26240K, reserved 1073152K
  class space    used 3172K, capacity 3451K, committed 3456K, reserved 1048576K
}

Deoptimization events (10 events):
Event: 2.903 Thread 0x00000232f6e07800 Uncommon trap: reason=unstable_if action=reinterpret pc=0x0000023280782848 method=org.springframework.beans.factory.support.DefaultSingletonBeanRegistry.getSingleton(Ljava/lang/String;Z)Ljava/lang/Object; @ 20
Event: 2.937 Thread 0x00000232f6e07800 Uncommon trap: reason=unstable_if action=reinterpret pc=0x0000023280787db8 method=org.springframework.beans.factory.support.AbstractBeanFactory.isFactoryBean(Ljava/lang/String;Lorg/springframework/beans/factory/support/RootBeanDefinition;)Z @ 38
Event: 3.048 Thread 0x00000232f6e07800 Uncommon trap: reason=unstable_if action=reinterpret pc=0x000002328079d6d8 method=org.springframework.beans.factory.support.AbstractBeanFactory.getBeanPostProcessorCache()Lorg/springframework/beans/factory/support/AbstractBeanFactory$BeanPostProcessorCach
Event: 3.048 Thread 0x00000232f6e07800 Uncommon trap: reason=unstable_if action=reinterpret pc=0x00000232807e9468 method=org.springframework.beans.factory.support.AbstractBeanFactory.hasInstantiationAwareBeanPostProcessors()Z @ 12
Event: 3.071 Thread 0x00000232f6e07800 Uncommon trap: reason=unstable_if action=reinterpret pc=0x000002328072a058 method=org.springframework.beans.factory.support.AbstractBeanFactory.getBeanPostProcessorCache()Lorg/springframework/beans/factory/support/AbstractBeanFactory$BeanPostProcessorCach
Event: 3.102 Thread 0x00000232f6e07800 Uncommon trap: reason=bimorphic action=maybe_recompile pc=0x00000232808349a0 method=java.util.concurrent.ConcurrentHashMap.putVal(Ljava/lang/Object;Ljava/lang/Object;Z)Ljava/lang/Object; @ 192
Event: 3.115 Thread 0x00000232f6e07800 Uncommon trap: reason=unstable_if action=reinterpret pc=0x00000232804f7afc method=jdk.internal.org.objectweb.asm.Item.isEqualTo(Ljdk/internal/org/objectweb/asm/Item;)Z @ 331
Event: 3.176 Thread 0x00000232f6e07800 Uncommon trap: reason=unstable_if action=reinterpret pc=0x0000023280874588 method=java.lang.reflect.Method.equals(Ljava/lang/Object;)Z @ 1
Event: 3.198 Thread 0x00000232f6e07800 Uncommon trap: reason=unstable_if action=reinterpret pc=0x000002328078eb98 method=org.springframework.util.ConcurrentReferenceHashMap$Segment.findInChain(Lorg/springframework/util/ConcurrentReferenceHashMap$Reference;Ljava/lang/Object;I)Lorg/springframewo
Event: 3.198 Thread 0x00000232f6e07800 Uncommon trap: reason=unstable_if action=reinterpret pc=0x0000023280660b08 method=org.springframework.util.ConcurrentReferenceHashMap$Segment.findInChain(Lorg/springframework/util/ConcurrentReferenceHashMap$Reference;Ljava/lang/Object;I)Lorg/springframewo

Classes redefined (0 events):
No events

Internal exceptions (10 events):
Event: 3.156 Thread 0x00000232f6e07800 Exception <a 'java/lang/ClassNotFoundException': org/springframework/core/OrderedCustomizer> (0x000000076f037ae8) thrown at [C:\jenkins\workspace\8-2-build-windows-amd64-cygwin\jdk8u291\1294\hotspot\src\share\vm\classfile\systemDictionary.cpp, line 212]
Event: 3.157 Thread 0x00000232f6e07800 Exception <a 'java/lang/ClassNotFoundException': org/springframework/beans/factory/BeanClassLoaderAwareCustomizer> (0x000000076f04f408) thrown at [C:\jenkins\workspace\8-2-build-windows-amd64-cygwin\jdk8u291\1294\hotspot\src\share\vm\classfile\systemDicti
Event: 3.158 Thread 0x00000232f6e07800 Exception <a 'java/lang/ClassNotFoundException': org/springframework/beans/factory/AwareCustomizer> (0x000000076f063270) thrown at [C:\jenkins\workspace\8-2-build-windows-amd64-cygwin\jdk8u291\1294\hotspot\src\share\vm\classfile\systemDictionary.cpp, line
Event: 3.159 Thread 0x00000232f6e07800 Exception <a 'java/lang/ClassNotFoundException': org/springframework/aop/framework/AopInfrastructureBeanCustomizer> (0x000000076f079ea8) thrown at [C:\jenkins\workspace\8-2-build-windows-amd64-cygwin\jdk8u291\1294\hotspot\src\share\vm\classfile\systemDict
Event: 3.171 Thread 0x00000232f6e07800 Exception <a 'java/lang/ClassNotFoundException': java/lang/ObjectCustomizer> (0x000000076f0ac2b0) thrown at [C:\jenkins\workspace\8-2-build-windows-amd64-cygwin\jdk8u291\1294\hotspot\src\share\vm\classfile\systemDictionary.cpp, line 212]
Event: 3.174 Thread 0x00000232f6e07800 Exception <a 'java/lang/ClassNotFoundException': org/springframework/transaction/annotation/AbstractTransactionManagementConfigurationCustomizer> (0x000000076f0cea88) thrown at [C:\jenkins\workspace\8-2-build-windows-amd64-cygwin\jdk8u291\1294\hotspot\src
Event: 3.175 Thread 0x00000232f6e07800 Exception <a 'java/lang/ClassNotFoundException': org/springframework/transaction/annotation/ProxyTransactionManagementConfigurationCustomizer> (0x000000076f0ef4c0) thrown at [C:\jenkins\workspace\8-2-build-windows-amd64-cygwin\jdk8u291\1294\hotspot\src\sh
Event: 3.176 Thread 0x00000232f6e07800 Exception <a 'java/lang/ClassNotFoundException': org/springframework/context/annotation/ImportAwareCustomizer> (0x000000076f10a228) thrown at [C:\jenkins\workspace\8-2-build-windows-amd64-cygwin\jdk8u291\1294\hotspot\src\share\vm\classfile\systemDictionar
Event: 3.176 Thread 0x00000232f6e07800 Exception <a 'java/lang/ClassNotFoundException': org/springframework/beans/factory/AwareCustomizer> (0x000000076f11e860) thrown at [C:\jenkins\workspace\8-2-build-windows-amd64-cygwin\jdk8u291\1294\hotspot\src\share\vm\classfile\systemDictionary.cpp, line
Event: 3.176 Thread 0x00000232f6e07800 Implicit null exception at 0x00000232808743cc to 0x0000023280874575

Events (10 events):
Event: 3.333 loading class java/util/stream/SortedOps$OfRef
Event: 3.333 loading class java/util/stream/SortedOps$OfRef done
Event: 3.333 loading class java/util/stream/SortedOps$RefSortingSink
Event: 3.334 loading class java/util/stream/SortedOps$AbstractRefSortingSink
Event: 3.334 loading class java/util/stream/SortedOps$AbstractRefSortingSink done
Event: 3.334 loading class java/util/stream/SortedOps$RefSortingSink done
Event: 3.335 loading class org/apache/catalina/Valve
Event: 3.335 loading class org/apache/catalina/Valve done
Event: 3.336 loading class org/apache/catalina/connector/Connector
Event: 3.336 loading class org/apache/catalina/connector/Connector done


Dynamic libraries:
0x00007ff623a70000 - 0x00007ff623ab7000 	E:\java\jdk1.8.0_211\bin\java.exe
0x00007ffa7e530000 - 0x00007ffa7e728000 	C:\WINDOWS\SYSTEM32\ntdll.dll
0x00007ffa7e290000 - 0x00007ffa7e352000 	C:\WINDOWS\System32\KERNEL32.DLL
0x00007ffa7bf10000 - 0x00007ffa7c206000 	C:\WINDOWS\System32\KERNELBASE.dll
0x00007ffa7e1e0000 - 0x00007ffa7e28f000 	C:\WINDOWS\System32\ADVAPI32.dll
0x00007ffa7ca70000 - 0x00007ffa7cb0e000 	C:\WINDOWS\System32\msvcrt.dll
0x00007ffa7e450000 - 0x00007ffa7e4ef000 	C:\WINDOWS\System32\sechost.dll
0x00007ffa7d5e0000 - 0x00007ffa7d703000 	C:\WINDOWS\System32\RPCRT4.dll
0x00007ffa7bd80000 - 0x00007ffa7bda7000 	C:\WINDOWS\System32\bcrypt.dll
0x00007ffa7c690000 - 0x00007ffa7c82d000 	C:\WINDOWS\System32\USER32.dll
0x00007ffa7c520000 - 0x00007ffa7c542000 	C:\WINDOWS\System32\win32u.dll
0x00007ffa7e360000 - 0x00007ffa7e38b000 	C:\WINDOWS\System32\GDI32.dll
0x00007ffa7bbc0000 - 0x00007ffa7bcda000 	C:\WINDOWS\System32\gdi32full.dll
0x00007ffa7bce0000 - 0x00007ffa7bd7d000 	C:\WINDOWS\System32\msvcp_win.dll
0x00007ffa7c210000 - 0x00007ffa7c310000 	C:\WINDOWS\System32\ucrtbase.dll
0x00007ffa5ee20000 - 0x00007ffa5f0ba000 	C:\WINDOWS\WinSxS\amd64_microsoft.windows.common-controls_6595b64144ccf1df_6.0.19041.4355_none_60b8b9eb71f62e16\COMCTL32.dll
0x00007ffa7c920000 - 0x00007ffa7c94f000 	C:\WINDOWS\System32\IMM32.DLL
0x00007ffa63880000 - 0x00007ffa63895000 	E:\java\jdk1.8.0_211\jre\bin\vcruntime140.dll
0x00007ffa26d00000 - 0x00007ffa26d9b000 	E:\java\jdk1.8.0_211\jre\bin\msvcp140.dll
0x00000000528a0000 - 0x0000000053100000 	E:\java\jdk1.8.0_211\jre\bin\server\jvm.dll
0x00007ffa7ca60000 - 0x00007ffa7ca68000 	C:\WINDOWS\System32\PSAPI.DLL
0x00007ffa68ab0000 - 0x00007ffa68ab9000 	C:\WINDOWS\SYSTEM32\WSOCK32.dll
0x00007ffa659c0000 - 0x00007ffa659e7000 	C:\WINDOWS\SYSTEM32\WINMM.dll
0x00007ffa7d490000 - 0x00007ffa7d4fb000 	C:\WINDOWS\System32\WS2_32.dll
0x00007ffa737c0000 - 0x00007ffa737ca000 	C:\WINDOWS\SYSTEM32\VERSION.dll
0x00007ffa7a5e0000 - 0x00007ffa7a5f2000 	C:\WINDOWS\SYSTEM32\kernel.appcore.dll
0x00007ffa63870000 - 0x00007ffa63880000 	E:\java\jdk1.8.0_211\jre\bin\verify.dll
0x00007ffa26cd0000 - 0x00007ffa26cfb000 	E:\java\jdk1.8.0_211\jre\bin\java.dll
0x00007ffa61720000 - 0x00007ffa61738000 	E:\java\jdk1.8.0_211\jre\bin\zip.dll
0x00007ffa7cd20000 - 0x00007ffa7d48f000 	C:\WINDOWS\System32\SHELL32.dll
0x00007ffa79bb0000 - 0x00007ffa7a353000 	C:\WINDOWS\SYSTEM32\windows.storage.dll
0x00007ffa7d8e0000 - 0x00007ffa7dc35000 	C:\WINDOWS\System32\combase.dll
0x00007ffa7b580000 - 0x00007ffa7b5ab000 	C:\WINDOWS\SYSTEM32\Wldp.dll
0x00007ffa7c830000 - 0x00007ffa7c8fd000 	C:\WINDOWS\System32\OLEAUT32.dll
0x00007ffa7c950000 - 0x00007ffa7c9fd000 	C:\WINDOWS\System32\SHCORE.dll
0x00007ffa7c630000 - 0x00007ffa7c685000 	C:\WINDOWS\System32\shlwapi.dll
0x00007ffa7ba80000 - 0x00007ffa7baa5000 	C:\WINDOWS\SYSTEM32\profapi.dll
0x00007ffa47750000 - 0x00007ffa4776c000 	E:\java\jdk1.8.0_211\jre\bin\net.dll
0x00007ffa7b2e0000 - 0x00007ffa7b34c000 	C:\WINDOWS\system32\mswsock.dll
0x00007ffa7af70000 - 0x00007ffa7afab000 	C:\WINDOWS\SYSTEM32\IPHLPAPI.DLL
0x00007ffa7e440000 - 0x00007ffa7e448000 	C:\WINDOWS\System32\NSI.dll
0x00007ffa72440000 - 0x00007ffa72457000 	C:\WINDOWS\SYSTEM32\dhcpcsvc6.DLL
0x00007ffa72410000 - 0x00007ffa7242d000 	C:\WINDOWS\SYSTEM32\dhcpcsvc.DLL
0x00007ffa7afc0000 - 0x00007ffa7b08a000 	C:\WINDOWS\SYSTEM32\DNSAPI.dll
0x00007ffa72430000 - 0x00007ffa7243a000 	C:\Windows\System32\rasadhlp.dll
0x00007ffa70560000 - 0x00007ffa705e0000 	C:\WINDOWS\System32\fwpuclnt.dll
0x00007ffa4ecd0000 - 0x00007ffa4ecdd000 	E:\java\jdk1.8.0_211\jre\bin\management.dll
0x00007ffa52c60000 - 0x00007ffa52c77000 	C:\WINDOWS\system32\napinsp.dll
0x00007ffa52c40000 - 0x00007ffa52c5b000 	C:\WINDOWS\system32\pnrpnsp.dll
0x00007ffa77580000 - 0x00007ffa77595000 	C:\WINDOWS\system32\wshbth.dll
0x00007ffa75e80000 - 0x00007ffa75e9d000 	C:\WINDOWS\system32\NLAapi.dll
0x00007ffa52c20000 - 0x00007ffa52c32000 	C:\WINDOWS\System32\winrnr.dll
0x00007ffa26cb0000 - 0x00007ffa26cc3000 	E:\java\jdk1.8.0_211\jre\bin\nio.dll

VM Arguments:
java_command: com.msb.serviceDriverUserApplication
java_class_path (initial): E:\node\GitResp1\online-taxi-public\service-driver-user\target\classes;E:\Repo\org\springframework\boot\spring-boot-starter-web\2.4.13\spring-boot-starter-web-2.4.13.jar;E:\Repo\org\springframework\boot\spring-boot-starter\2.4.13\spring-boot-starter-2.4.13.jar;E:\Repo\org\springframework\boot\spring-boot\2.4.13\spring-boot-2.4.13.jar;E:\Repo\org\springframework\boot\spring-boot-starter-logging\2.4.13\spring-boot-starter-logging-2.4.13.jar;E:\Repo\ch\qos\logback\logback-classic\1.2.7\logback-classic-1.2.7.jar;E:\Repo\ch\qos\logback\logback-core\1.2.7\logback-core-1.2.7.jar;E:\Repo\org\apache\logging\log4j\log4j-to-slf4j\2.13.3\log4j-to-slf4j-2.13.3.jar;E:\Repo\org\apache\logging\log4j\log4j-api\2.13.3\log4j-api-2.13.3.jar;E:\Repo\org\slf4j\jul-to-slf4j\1.7.32\jul-to-slf4j-1.7.32.jar;E:\Repo\jakarta\annotation\jakarta.annotation-api\1.3.5\jakarta.annotation-api-1.3.5.jar;E:\Repo\org\springframework\spring-core\5.3.13\spring-core-5.3.13.jar;E:\Repo\org\springframework\spring-jcl\5.3.13\spring-jcl-5.3.13.jar;E:\Repo\org\yaml\snakeyaml\1.27\snakeyaml-1.27.jar;E:\Repo\org\springframework\boot\spring-boot-starter-json\2.4.13\spring-boot-starter-json-2.4.13.jar;E:\Repo\com\fasterxml\jackson\core\jackson-databind\2.11.4\jackson-databind-2.11.4.jar;E:\Repo\com\fasterxml\jackson\core\jackson-annotations\2.11.4\jackson-annotations-2.11.4.jar;E:\Repo\com\fasterxml\jackson\datatype\jackson-datatype-jdk8\2.11.4\jackson-datatype-jdk8-2.11.4.jar;E:\Repo\com\fasterxml\jackson\datatype\jackson-datatype-jsr310\2.11.4\jackson-datatype-jsr310-2.11.4.jar;E:\Repo\com\fasterxml\jackson\module\jackson-module-parameter-names\2.11.4\jackson-module-parameter-names-2.11.4.jar;E:\Repo\org\springframework\boot\spring-boot-starter-tomcat\2.4.13\spring-boot-starter-tomcat-2.4.13.jar;E:\Repo\org\apache\tomcat\embed\tomcat-embed-core\9.0.55\tomcat-embed-core-9.0.55.jar;E:\Repo\org\glassfish\jakarta.el\3.0.4\jakarta.el-3.0.4.jar;E:\Repo\org\apache\tomcat\embed\tomcat-embed-
Launcher Type: SUN_STANDARD

Environment Variables:
JAVA_HOME=E:\java\jdk1.8.0_211
USERNAME=13214
OS=Windows_NT
PROCESSOR_IDENTIFIER=Intel64 Family 6 Model 158 Stepping 9, GenuineIntel



---------------  S Y S T E M  ---------------

OS: Windows 10.0 , 64 bit Build 19041 (10.0.19041.5678)

CPU:total 8 (initial active 8) (4 cores per cpu, 2 threads per core) family 6 model 158 stepping 9, cmov, cx8, fxsr, mmx, sse, sse2, sse3, ssse3, sse4.1, sse4.2, popcnt, avx, avx2, aes, clmul, erms, 3dnowpref, lzcnt, ht, tsc, tscinvbit, bmi1, bmi2, adx

Memory: 4k page, physical 16658612k(2090128k free), swap 42873008k(4112k free)

vm_info: Java HotSpot(TM) 64-Bit Server VM (25.291-b10) for windows-amd64 JRE (1.8.0_291-b10), built on Apr  9 2021 00:02:00 by "java_re" with MS VC++ 15.9 (VS2017)

time: Thu Apr 24 13:36:31 2025
timezone: 中国标准时间
elapsed time: 3.346591 seconds (0d 0h 0m 3s)

