#
# There is insufficient memory for the Java Runtime Environment to continue.
# Native memory allocation (malloc) failed to allocate 682976 bytes for Chunk::new
# Possible reasons:
#   The system is out of physical RAM or swap space
#   The process is running with CompressedOops enabled, and the Java Heap may be blocking the growth of the native heap
# Possible solutions:
#   Reduce memory load on the system
#   Increase physical memory or swap space
#   Check if swap backing store is full
#   Decrease Java heap size (-Xmx/-Xms)
#   Decrease number of Java threads
#   Decrease Java thread stack sizes (-Xss)
#   Set larger code cache with -XX:ReservedCodeCacheSize=
#   JVM is running with Zero Based Compressed Oops mode in which the Java heap is
#     placed in the first 32GB address space. The Java Heap base address is the
#     maximum limit for the native heap growth. Please use -XX:HeapBaseMinAddress
#     to set the Java Heap base and to place the Java Heap above 32GB virtual address.
# This output file may be truncated or incomplete.
#
#  Out of Memory Error (allocation.cpp:389), pid=12884, tid=0x0000000000006180
#
# JRE version: Java(TM) SE Runtime Environment (8.0_291-b10) (build 1.8.0_291-b10)
# Java VM: Java HotSpot(TM) 64-Bit Server VM (25.291-b10 mixed mode windows-amd64 compressed oops)
# Failed to write core dump. Minidumps are not enabled by default on client versions of Windows
#

---------------  T H R E A D  ---------------

Current thread (0x0000020cd48f8800):  JavaThread "C2 CompilerThread2" daemon [_thread_in_native, id=24960, stack(0x0000008c0f900000,0x0000008c0fa00000)]

Stack: [0x0000008c0f900000,0x0000008c0fa00000]
Native frames: (J=compiled Java code, j=interpreted, Vv=VM code, C=native code)
V  [jvm.dll+0x32ea19]


Current CompileTask:
C2:   2297 1662 %     4       java.io.WinNTFileSystem::normalize @ 22 (143 bytes)


---------------  P R O C E S S  ---------------

Java Threads: ( => current thread )
  0x0000020cd4936000 JavaThread "Service Thread" daemon [_thread_blocked, id=16664, stack(0x0000008c0fb00000,0x0000008c0fc00000)]
  0x0000020cd2b8c000 JavaThread "C1 CompilerThread3" daemon [_thread_blocked, id=12132, stack(0x0000008c0fa00000,0x0000008c0fb00000)]
=>0x0000020cd48f8800 JavaThread "C2 CompilerThread2" daemon [_thread_in_native, id=24960, stack(0x0000008c0f900000,0x0000008c0fa00000)]
  0x0000020cd2b7b800 JavaThread "C2 CompilerThread1" daemon [_thread_in_native, id=8468, stack(0x0000008c0f800000,0x0000008c0f900000)]
  0x0000020cd2b21800 JavaThread "C2 CompilerThread0" daemon [_thread_in_native, id=1620, stack(0x0000008c0f700000,0x0000008c0f800000)]
  0x0000020cd2b21000 JavaThread "Attach Listener" daemon [_thread_blocked, id=16236, stack(0x0000008c0f600000,0x0000008c0f700000)]
  0x0000020cd2b75000 JavaThread "Signal Dispatcher" daemon [_thread_blocked, id=19872, stack(0x0000008c0f500000,0x0000008c0f600000)]
  0x0000020cd2aed800 JavaThread "Finalizer" daemon [_thread_blocked, id=11472, stack(0x0000008c0f400000,0x0000008c0f500000)]
  0x0000020cd2ae6800 JavaThread "Reference Handler" daemon [_thread_blocked, id=9332, stack(0x0000008c0f300000,0x0000008c0f400000)]
  0x0000020cb7e16000 JavaThread "main" [_thread_in_native, id=23768, stack(0x0000008c0e900000,0x0000008c0ea00000)]

Other Threads:
  0x0000020cd2abd000 VMThread [stack: 0x0000008c0f200000,0x0000008c0f300000] [id=15828]
  0x0000020cd4939800 WatcherThread [stack: 0x0000008c0fc00000,0x0000008c0fd00000] [id=21068]

VM state:not at safepoint (normal execution)

VM Mutex/Monitor currently owned by a thread: None

heap address: 0x00000006c1c00000, size: 4068 MB, Compressed Oops mode: Zero based, Oop shift amount: 3
Narrow klass base: 0x0000000000000000, Narrow klass shift: 3
Compressed class space size: 1073741824 Address: 0x00000007c0000000

Heap:
 PSYoungGen      total 76288K, used 17904K [0x000000076b400000, 0x0000000770900000, 0x00000007c0000000)
  eden space 65536K, 10% used [0x000000076b400000,0x000000076bb01020,0x000000076f400000)
  from space 10752K, 99% used [0x000000076fe80000,0x00000007708fb1c0,0x0000000770900000)
  to   space 10752K, 0% used [0x000000076f400000,0x000000076f400000,0x000000076fe80000)
 ParOldGen       total 120320K, used 3843K [0x00000006c1c00000, 0x00000006c9180000, 0x000000076b400000)
  object space 120320K, 3% used [0x00000006c1c00000,0x00000006c1fc0dd0,0x00000006c9180000)
 Metaspace       used 19802K, capacity 20756K, committed 20992K, reserved 1069056K
  class space    used 2502K, capacity 2720K, committed 2816K, reserved 1048576K

Card table byte_map: [0x0000020cc8bd0000,0x0000020cc93d0000] byte_map_base: 0x0000020cc55c2000

Marking Bits: (ParMarkBitMap*) 0x0000000053087fe0
 Begin Bits: [0x0000020cc9920000, 0x0000020ccd8b0000)
 End Bits:   [0x0000020ccd8b0000, 0x0000020cd1840000)

Polling page: 0x0000020cb97e0000

CodeCache: size=245760Kb used=5472Kb max_used=5472Kb free=240287Kb
 bounds [0x0000020cb9810000, 0x0000020cb9d70000, 0x0000020cc8810000]
 total_blobs=2061 nmethods=1691 adapters=279
 compilation: enabled

Compilation events (10 events):
Event: 2.288 Thread 0x0000020cd2b8c000 1691       3       java.util.Hashtable$Enumerator::next (27 bytes)
Event: 2.288 Thread 0x0000020cd2b8c000 nmethod 1691 0x0000020cb9d64750 code [0x0000020cb9d648e0, 0x0000020cb9d64b80]
Event: 2.288 Thread 0x0000020cd2b8c000 1692       3       java.util.Hashtable$Enumerator::nextElement (111 bytes)
Event: 2.288 Thread 0x0000020cd2b8c000 nmethod 1692 0x0000020cb9d64cd0 code [0x0000020cb9d64e60, 0x0000020cb9d65310]
Event: 2.288 Thread 0x0000020cd2b8c000 1693       1       java.util.Hashtable$Entry::getKey (5 bytes)
Event: 2.288 Thread 0x0000020cd2b8c000 nmethod 1693 0x0000020cb9d5fe10 code [0x0000020cb9d5ff60, 0x0000020cb9d60078]
Event: 2.288 Thread 0x0000020cd2b8c000 1694       1       java.util.Hashtable$Entry::getValue (5 bytes)
Event: 2.288 Thread 0x0000020cd2b8c000 nmethod 1694 0x0000020cb9d65510 code [0x0000020cb9d65660, 0x0000020cb9d65778]
Event: 2.289 Thread 0x0000020cd2b21800 nmethod 1687% 0x0000020cb9d68a90 code [0x0000020cb9d68c00, 0x0000020cb9d692b8]
Event: 2.289 Thread 0x0000020cd2b21800 1688 %     4       java.util.Properties$LineReader::readLine @ 21 (468 bytes)

GC Heap History (6 events):
Event: 0.801 GC heap before
{Heap before GC invocations=1 (full 0):
 PSYoungGen      total 76288K, used 19720K [0x000000076b400000, 0x0000000770900000, 0x00000007c0000000)
  eden space 65536K, 30% used [0x000000076b400000,0x000000076c742200,0x000000076f400000)
  from space 10752K, 0% used [0x000000076fe80000,0x000000076fe80000,0x0000000770900000)
  to   space 10752K, 0% used [0x000000076f400000,0x000000076f400000,0x000000076fe80000)
 ParOldGen       total 175104K, used 0K [0x00000006c1c00000, 0x00000006cc700000, 0x000000076b400000)
  object space 175104K, 0% used [0x00000006c1c00000,0x00000006c1c00000,0x00000006cc700000)
 Metaspace       used 7661K, capacity 7882K, committed 7936K, reserved 1060864K
  class space    used 885K, capacity 971K, committed 1024K, reserved 1048576K
Event: 0.805 GC heap after
Heap after GC invocations=1 (full 0):
 PSYoungGen      total 76288K, used 3926K [0x000000076b400000, 0x0000000770900000, 0x00000007c0000000)
  eden space 65536K, 0% used [0x000000076b400000,0x000000076b400000,0x000000076f400000)
  from space 10752K, 36% used [0x000000076f400000,0x000000076f7d5ab0,0x000000076fe80000)
  to   space 10752K, 0% used [0x000000076fe80000,0x000000076fe80000,0x0000000770900000)
 ParOldGen       total 175104K, used 16K [0x00000006c1c00000, 0x00000006cc700000, 0x000000076b400000)
  object space 175104K, 0% used [0x00000006c1c00000,0x00000006c1c04000,0x00000006cc700000)
 Metaspace       used 7661K, capacity 7882K, committed 7936K, reserved 1060864K
  class space    used 885K, capacity 971K, committed 1024K, reserved 1048576K
}
Event: 0.805 GC heap before
{Heap before GC invocations=2 (full 1):
 PSYoungGen      total 76288K, used 3926K [0x000000076b400000, 0x0000000770900000, 0x00000007c0000000)
  eden space 65536K, 0% used [0x000000076b400000,0x000000076b400000,0x000000076f400000)
  from space 10752K, 36% used [0x000000076f400000,0x000000076f7d5ab0,0x000000076fe80000)
  to   space 10752K, 0% used [0x000000076fe80000,0x000000076fe80000,0x0000000770900000)
 ParOldGen       total 175104K, used 16K [0x00000006c1c00000, 0x00000006cc700000, 0x000000076b400000)
  object space 175104K, 0% used [0x00000006c1c00000,0x00000006c1c04000,0x00000006cc700000)
 Metaspace       used 7661K, capacity 7882K, committed 7936K, reserved 1060864K
  class space    used 885K, capacity 971K, committed 1024K, reserved 1048576K
Event: 0.818 GC heap after
Heap after GC invocations=2 (full 1):
 PSYoungGen      total 76288K, used 0K [0x000000076b400000, 0x0000000770900000, 0x00000007c0000000)
  eden space 65536K, 0% used [0x000000076b400000,0x000000076b400000,0x000000076f400000)
  from space 10752K, 0% used [0x000000076f400000,0x000000076f400000,0x000000076fe80000)
  to   space 10752K, 0% used [0x000000076fe80000,0x000000076fe80000,0x0000000770900000)
 ParOldGen       total 120320K, used 3716K [0x00000006c1c00000, 0x00000006c9180000, 0x000000076b400000)
  object space 120320K, 3% used [0x00000006c1c00000,0x00000006c1fa10a0,0x00000006c9180000)
 Metaspace       used 7661K, capacity 7882K, committed 7936K, reserved 1058816K
  class space    used 885K, capacity 971K, committed 1024K, reserved 1048576K
}
Event: 2.159 GC heap before
{Heap before GC invocations=3 (full 1):
 PSYoungGen      total 76288K, used 65536K [0x000000076b400000, 0x0000000770900000, 0x00000007c0000000)
  eden space 65536K, 100% used [0x000000076b400000,0x000000076f400000,0x000000076f400000)
  from space 10752K, 0% used [0x000000076f400000,0x000000076f400000,0x000000076fe80000)
  to   space 10752K, 0% used [0x000000076fe80000,0x000000076fe80000,0x0000000770900000)
 ParOldGen       total 120320K, used 3716K [0x00000006c1c00000, 0x00000006c9180000, 0x000000076b400000)
  object space 120320K, 3% used [0x00000006c1c00000,0x00000006c1fa10a0,0x00000006c9180000)
 Metaspace       used 19020K, capacity 19876K, committed 20096K, reserved 1069056K
  class space    used 2412K, capacity 2594K, committed 2688K, reserved 1048576K
Event: 2.169 GC heap after
Heap after GC invocations=3 (full 1):
 PSYoungGen      total 76288K, used 10732K [0x000000076b400000, 0x0000000770900000, 0x00000007c0000000)
  eden space 65536K, 0% used [0x000000076b400000,0x000000076b400000,0x000000076f400000)
  from space 10752K, 99% used [0x000000076fe80000,0x00000007708fb1c0,0x0000000770900000)
  to   space 10752K, 0% used [0x000000076f400000,0x000000076f400000,0x000000076fe80000)
 ParOldGen       total 120320K, used 3843K [0x00000006c1c00000, 0x00000006c9180000, 0x000000076b400000)
  object space 120320K, 3% used [0x00000006c1c00000,0x00000006c1fc0dd0,0x00000006c9180000)
 Metaspace       used 19020K, capacity 19876K, committed 20096K, reserved 1069056K
  class space    used 2412K, capacity 2594K, committed 2688K, reserved 1048576K
}

Deoptimization events (10 events):
Event: 1.077 Thread 0x0000020cb7e16000 Uncommon trap: reason=unstable_if action=reinterpret pc=0x0000020cb9b00c98 method=java.util.HashMap.getNode(ILjava/lang/Object;)Ljava/util/HashMap$Node; @ 129
Event: 1.579 Thread 0x0000020cb7e16000 Uncommon trap: reason=unstable_if action=reinterpret pc=0x0000020cb9b944b0 method=org.springframework.boot.context.properties.source.ConfigurationPropertyName$ElementsParser.parse(Ljava/util/function/Function;)Lorg/springframework/boot/context/properties/
Event: 1.579 Thread 0x0000020cb7e16000 Uncommon trap: reason=unstable_if action=reinterpret pc=0x0000020cb9b5d420 method=org.springframework.boot.context.properties.source.ConfigurationPropertyName$ElementsParser.updateType(Lorg/springframework/boot/context/properties/source/ConfigurationPrope
Event: 1.718 Thread 0x0000020cb7e16000 Uncommon trap: reason=unstable_if action=reinterpret pc=0x0000020cb997b69c method=java.lang.String.startsWith(Ljava/lang/String;I)Z @ 25
Event: 1.914 Thread 0x0000020cb7e16000 Uncommon trap: reason=unstable_if action=reinterpret pc=0x0000020cb9c80c20 method=java.util.concurrent.ConcurrentHashMap.putVal(Ljava/lang/Object;Ljava/lang/Object;Z)Ljava/lang/Object; @ 113
Event: 1.941 Thread 0x0000020cb7e16000 Uncommon trap: reason=unstable_if action=reinterpret pc=0x0000020cb9b136a8 method=java.io.WinNTFileSystem.normalize(Ljava/lang/String;II)Ljava/lang/String; @ 90
Event: 1.993 Thread 0x0000020cb7e16000 Uncommon trap: reason=class_check action=maybe_recompile pc=0x0000020cb9c38db8 method=java.util.HashMap.putVal(ILjava/lang/Object;Ljava/lang/Object;ZZ)Ljava/lang/Object; @ 203
Event: 2.121 Thread 0x0000020cd5bd7000 Uncommon trap: reason=unstable_if action=reinterpret pc=0x0000020cb9b7aa68 method=jdk.internal.org.objectweb.asm.Type.getArgumentsAndReturnSizes(Ljava/lang/String;)I @ 47
Event: 2.276 Thread 0x0000020cb7e16000 Uncommon trap: reason=unstable_if action=reinterpret pc=0x0000020cb9c246f8 method=java.util.Hashtable$Enumerator.nextElement()Ljava/lang/Object; @ 71
Event: 2.276 Thread 0x0000020cb7e16000 Uncommon trap: reason=unstable_if action=reinterpret pc=0x0000020cb9c239c4 method=java.util.Hashtable$Enumerator.nextElement()Ljava/lang/Object; @ 71

Classes redefined (0 events):
No events

Internal exceptions (10 events):
Event: 2.113 Thread 0x0000020cb7e16000 Exception <a 'java/lang/ClassNotFoundException': org/springframework/context/ApplicationStartupAwareCustomizer> (0x000000076f06d0e0) thrown at [C:\jenkins\workspace\8-2-build-windows-amd64-cygwin\jdk8u291\1294\hotspot\src\share\vm\classfile\systemDictiona
Event: 2.114 Thread 0x0000020cb7e16000 Exception <a 'java/lang/ClassNotFoundException': org/springframework/beans/factory/AwareCustomizer> (0x000000076f081428) thrown at [C:\jenkins\workspace\8-2-build-windows-amd64-cygwin\jdk8u291\1294\hotspot\src\share\vm\classfile\systemDictionary.cpp, line
Event: 2.114 Thread 0x0000020cb7e16000 Exception <a 'java/lang/ClassNotFoundException': org/springframework/beans/factory/BeanClassLoaderAwareCustomizer> (0x000000076f098138) thrown at [C:\jenkins\workspace\8-2-build-windows-amd64-cygwin\jdk8u291\1294\hotspot\src\share\vm\classfile\systemDicti
Event: 2.115 Thread 0x0000020cb7e16000 Exception <a 'java/lang/ClassNotFoundException': org/springframework/beans/factory/AwareCustomizer> (0x000000076f0ac010) thrown at [C:\jenkins\workspace\8-2-build-windows-amd64-cygwin\jdk8u291\1294\hotspot\src\share\vm\classfile\systemDictionary.cpp, line
Event: 2.115 Thread 0x0000020cb7e16000 Exception <a 'java/lang/ClassNotFoundException': org/springframework/context/EnvironmentAwareCustomizer> (0x000000076f0c0278) thrown at [C:\jenkins\workspace\8-2-build-windows-amd64-cygwin\jdk8u291\1294\hotspot\src\share\vm\classfile\systemDictionary.cpp,
Event: 2.116 Thread 0x0000020cb7e16000 Exception <a 'java/lang/ClassNotFoundException': org/springframework/beans/factory/AwareCustomizer> (0x000000076f0d4030) thrown at [C:\jenkins\workspace\8-2-build-windows-amd64-cygwin\jdk8u291\1294\hotspot\src\share\vm\classfile\systemDictionary.cpp, line
Event: 2.125 Thread 0x0000020cd5bd7000 Exception <a 'java/lang/IncompatibleClassChangeError': Found class java.lang.Object, but interface was expected> (0x000000076f14d500) thrown at [C:\jenkins\workspace\8-2-build-windows-amd64-cygwin\jdk8u291\1294\hotspot\src\share\vm\interpreter\linkResolve
Event: 2.240 Thread 0x0000020cb7e16000 Exception <a 'java/lang/NoSuchMethodError': java.lang.Object.lambda$or$2(Ljava/util/function/Predicate;Ljava/lang/Object;)Z> (0x000000076b7789d0) thrown at [C:\jenkins\workspace\8-2-build-windows-amd64-cygwin\jdk8u291\1294\hotspot\src\share\vm\interpreter
Event: 2.252 Thread 0x0000020cb7e16000 Exception <a 'java/lang/NoSuchMethodError': java.lang.Object.lambda$getAllAnnotationAttributes$0(Lorg/springframework/util/MultiValueMap;)Lorg/springframework/util/MultiValueMap;> (0x000000076b847f70) thrown at [C:\jenkins\workspace\8-2-build-windows-amd6
Event: 2.253 Thread 0x0000020cb7e16000 Exception <a 'java/lang/NoSuchMethodError': java.lang.Object.lambda$identity$2(Ljava/lang/Object;)Ljava/lang/Object;> (0x000000076b856c40) thrown at [C:\jenkins\workspace\8-2-build-windows-amd64-cygwin\jdk8u291\1294\hotspot\src\share\vm\interpreter\linkRe

Events (10 events):
Event: 2.274 loading class org/springframework/boot/autoconfigure/AutoConfigurationMetadataLoader
Event: 2.274 loading class org/springframework/boot/autoconfigure/AutoConfigurationMetadataLoader done
Event: 2.274 loading class org/springframework/boot/autoconfigure/AutoConfigurationMetadata
Event: 2.275 loading class org/springframework/boot/autoconfigure/AutoConfigurationMetadata done
Event: 2.276 Thread 0x0000020cb7e16000 Uncommon trap: trap_request=0xffffff65 fr.pc=0x0000020cb9c246f8
Event: 2.276 Thread 0x0000020cb7e16000 DEOPT PACKING pc=0x0000020cb9c246f8 sp=0x0000008c0e9fe630
Event: 2.276 Thread 0x0000020cb7e16000 DEOPT UNPACKING pc=0x0000020cb9855843 sp=0x0000008c0e9fe570 mode 2
Event: 2.276 Thread 0x0000020cb7e16000 Uncommon trap: trap_request=0xffffff65 fr.pc=0x0000020cb9c239c4
Event: 2.276 Thread 0x0000020cb7e16000 DEOPT PACKING pc=0x0000020cb9c239c4 sp=0x0000008c0e9fe5e0
Event: 2.276 Thread 0x0000020cb7e16000 DEOPT UNPACKING pc=0x0000020cb9855843 sp=0x0000008c0e9fe578 mode 2


Dynamic libraries:
0x00007ff623a70000 - 0x00007ff623ab7000 	E:\java\jdk1.8.0_211\bin\java.exe
0x00007ffa7e530000 - 0x00007ffa7e728000 	C:\WINDOWS\SYSTEM32\ntdll.dll
0x00007ffa7e290000 - 0x00007ffa7e352000 	C:\WINDOWS\System32\KERNEL32.DLL
0x00007ffa7bf10000 - 0x00007ffa7c206000 	C:\WINDOWS\System32\KERNELBASE.dll
0x00007ffa7e1e0000 - 0x00007ffa7e28f000 	C:\WINDOWS\System32\ADVAPI32.dll
0x00007ffa7ca70000 - 0x00007ffa7cb0e000 	C:\WINDOWS\System32\msvcrt.dll
0x00007ffa7e450000 - 0x00007ffa7e4ef000 	C:\WINDOWS\System32\sechost.dll
0x00007ffa7d5e0000 - 0x00007ffa7d703000 	C:\WINDOWS\System32\RPCRT4.dll
0x00007ffa7bd80000 - 0x00007ffa7bda7000 	C:\WINDOWS\System32\bcrypt.dll
0x00007ffa7c690000 - 0x00007ffa7c82d000 	C:\WINDOWS\System32\USER32.dll
0x00007ffa7c520000 - 0x00007ffa7c542000 	C:\WINDOWS\System32\win32u.dll
0x00007ffa7e360000 - 0x00007ffa7e38b000 	C:\WINDOWS\System32\GDI32.dll
0x00007ffa7bbc0000 - 0x00007ffa7bcda000 	C:\WINDOWS\System32\gdi32full.dll
0x00007ffa7bce0000 - 0x00007ffa7bd7d000 	C:\WINDOWS\System32\msvcp_win.dll
0x00007ffa7c210000 - 0x00007ffa7c310000 	C:\WINDOWS\System32\ucrtbase.dll
0x00007ffa5ee20000 - 0x00007ffa5f0ba000 	C:\WINDOWS\WinSxS\amd64_microsoft.windows.common-controls_6595b64144ccf1df_6.0.19041.4355_none_60b8b9eb71f62e16\COMCTL32.dll
0x00007ffa7c920000 - 0x00007ffa7c94f000 	C:\WINDOWS\System32\IMM32.DLL
0x00007ffa63880000 - 0x00007ffa63895000 	E:\java\jdk1.8.0_211\jre\bin\vcruntime140.dll
0x00007ffa26d00000 - 0x00007ffa26d9b000 	E:\java\jdk1.8.0_211\jre\bin\msvcp140.dll
0x00000000528a0000 - 0x0000000053100000 	E:\java\jdk1.8.0_211\jre\bin\server\jvm.dll
0x00007ffa7ca60000 - 0x00007ffa7ca68000 	C:\WINDOWS\System32\PSAPI.DLL
0x00007ffa659c0000 - 0x00007ffa659e7000 	C:\WINDOWS\SYSTEM32\WINMM.dll
0x00007ffa68ab0000 - 0x00007ffa68ab9000 	C:\WINDOWS\SYSTEM32\WSOCK32.dll
0x00007ffa737c0000 - 0x00007ffa737ca000 	C:\WINDOWS\SYSTEM32\VERSION.dll
0x00007ffa7d490000 - 0x00007ffa7d4fb000 	C:\WINDOWS\System32\WS2_32.dll
0x00007ffa7a5e0000 - 0x00007ffa7a5f2000 	C:\WINDOWS\SYSTEM32\kernel.appcore.dll
0x00007ffa63870000 - 0x00007ffa63880000 	E:\java\jdk1.8.0_211\jre\bin\verify.dll
0x00007ffa26cd0000 - 0x00007ffa26cfb000 	E:\java\jdk1.8.0_211\jre\bin\java.dll
0x00007ffa61720000 - 0x00007ffa61738000 	E:\java\jdk1.8.0_211\jre\bin\zip.dll
0x00007ffa7cd20000 - 0x00007ffa7d48f000 	C:\WINDOWS\System32\SHELL32.dll
0x00007ffa79bb0000 - 0x00007ffa7a353000 	C:\WINDOWS\SYSTEM32\windows.storage.dll
0x00007ffa7d8e0000 - 0x00007ffa7dc35000 	C:\WINDOWS\System32\combase.dll
0x00007ffa7b580000 - 0x00007ffa7b5ab000 	C:\WINDOWS\SYSTEM32\Wldp.dll
0x00007ffa7c830000 - 0x00007ffa7c8fd000 	C:\WINDOWS\System32\OLEAUT32.dll
0x00007ffa7c950000 - 0x00007ffa7c9fd000 	C:\WINDOWS\System32\SHCORE.dll
0x00007ffa7c630000 - 0x00007ffa7c685000 	C:\WINDOWS\System32\shlwapi.dll
0x00007ffa7ba80000 - 0x00007ffa7baa5000 	C:\WINDOWS\SYSTEM32\profapi.dll
0x00007ffa47750000 - 0x00007ffa4776c000 	E:\java\jdk1.8.0_211\jre\bin\net.dll
0x00007ffa7b2e0000 - 0x00007ffa7b34c000 	C:\WINDOWS\system32\mswsock.dll
0x00007ffa7af70000 - 0x00007ffa7afab000 	C:\WINDOWS\SYSTEM32\IPHLPAPI.DLL
0x00007ffa7e440000 - 0x00007ffa7e448000 	C:\WINDOWS\System32\NSI.dll
0x00007ffa72440000 - 0x00007ffa72457000 	C:\WINDOWS\SYSTEM32\dhcpcsvc6.DLL
0x00007ffa72410000 - 0x00007ffa7242d000 	C:\WINDOWS\SYSTEM32\dhcpcsvc.DLL
0x00007ffa7afc0000 - 0x00007ffa7b08a000 	C:\WINDOWS\SYSTEM32\DNSAPI.dll
0x00007ffa72430000 - 0x00007ffa7243a000 	C:\Windows\System32\rasadhlp.dll
0x00007ffa70560000 - 0x00007ffa705e0000 	C:\WINDOWS\System32\fwpuclnt.dll
0x00007ffa4ecd0000 - 0x00007ffa4ecdd000 	E:\java\jdk1.8.0_211\jre\bin\management.dll
0x00007ffa52c60000 - 0x00007ffa52c77000 	C:\WINDOWS\system32\napinsp.dll
0x00007ffa52c40000 - 0x00007ffa52c5b000 	C:\WINDOWS\system32\pnrpnsp.dll
0x00007ffa77580000 - 0x00007ffa77595000 	C:\WINDOWS\system32\wshbth.dll
0x00007ffa75e80000 - 0x00007ffa75e9d000 	C:\WINDOWS\system32\NLAapi.dll
0x00007ffa52c20000 - 0x00007ffa52c32000 	C:\WINDOWS\System32\winrnr.dll
0x00007ffa26cb0000 - 0x00007ffa26cc3000 	E:\java\jdk1.8.0_211\jre\bin\nio.dll

VM Arguments:
java_command: com.msb.serviceDriverUserApplication
java_class_path (initial): E:\node\GitResp1\online-taxi-public\service-driver-user\target\classes;E:\Repo\org\springframework\boot\spring-boot-starter-web\2.4.13\spring-boot-starter-web-2.4.13.jar;E:\Repo\org\springframework\boot\spring-boot-starter\2.4.13\spring-boot-starter-2.4.13.jar;E:\Repo\org\springframework\boot\spring-boot\2.4.13\spring-boot-2.4.13.jar;E:\Repo\org\springframework\boot\spring-boot-starter-logging\2.4.13\spring-boot-starter-logging-2.4.13.jar;E:\Repo\ch\qos\logback\logback-classic\1.2.7\logback-classic-1.2.7.jar;E:\Repo\ch\qos\logback\logback-core\1.2.7\logback-core-1.2.7.jar;E:\Repo\org\apache\logging\log4j\log4j-to-slf4j\2.13.3\log4j-to-slf4j-2.13.3.jar;E:\Repo\org\apache\logging\log4j\log4j-api\2.13.3\log4j-api-2.13.3.jar;E:\Repo\org\slf4j\jul-to-slf4j\1.7.32\jul-to-slf4j-1.7.32.jar;E:\Repo\jakarta\annotation\jakarta.annotation-api\1.3.5\jakarta.annotation-api-1.3.5.jar;E:\Repo\org\springframework\spring-core\5.3.13\spring-core-5.3.13.jar;E:\Repo\org\springframework\spring-jcl\5.3.13\spring-jcl-5.3.13.jar;E:\Repo\org\yaml\snakeyaml\1.27\snakeyaml-1.27.jar;E:\Repo\org\springframework\boot\spring-boot-starter-json\2.4.13\spring-boot-starter-json-2.4.13.jar;E:\Repo\com\fasterxml\jackson\core\jackson-databind\2.11.4\jackson-databind-2.11.4.jar;E:\Repo\com\fasterxml\jackson\core\jackson-annotations\2.11.4\jackson-annotations-2.11.4.jar;E:\Repo\com\fasterxml\jackson\datatype\jackson-datatype-jdk8\2.11.4\jackson-datatype-jdk8-2.11.4.jar;E:\Repo\com\fasterxml\jackson\datatype\jackson-datatype-jsr310\2.11.4\jackson-datatype-jsr310-2.11.4.jar;E:\Repo\com\fasterxml\jackson\module\jackson-module-parameter-names\2.11.4\jackson-module-parameter-names-2.11.4.jar;E:\Repo\org\springframework\boot\spring-boot-starter-tomcat\2.4.13\spring-boot-starter-tomcat-2.4.13.jar;E:\Repo\org\apache\tomcat\embed\tomcat-embed-core\9.0.55\tomcat-embed-core-9.0.55.jar;E:\Repo\org\glassfish\jakarta.el\3.0.4\jakarta.el-3.0.4.jar;E:\Repo\org\apache\tomcat\embed\tomcat-embed-
Launcher Type: SUN_STANDARD

Environment Variables:
JAVA_HOME=E:\java\jdk1.8.0_211
USERNAME=13214
OS=Windows_NT
PROCESSOR_IDENTIFIER=Intel64 Family 6 Model 158 Stepping 9, GenuineIntel



---------------  S Y S T E M  ---------------

OS: Windows 10.0 , 64 bit Build 19041 (10.0.19041.5678)

CPU:total 8 (initial active 8) (4 cores per cpu, 2 threads per core) family 6 model 158 stepping 9, cmov, cx8, fxsr, mmx, sse, sse2, sse3, ssse3, sse4.1, sse4.2, popcnt, avx, avx2, aes, clmul, erms, 3dnowpref, lzcnt, ht, tsc, tscinvbit, bmi1, bmi2, adx

Memory: 4k page, physical 16658612k(1633024k free), swap 42873008k(5132k free)

vm_info: Java HotSpot(TM) 64-Bit Server VM (25.291-b10) for windows-amd64 JRE (1.8.0_291-b10), built on Apr  9 2021 00:02:00 by "java_re" with MS VC++ 15.9 (VS2017)

time: Thu Apr 24 13:47:12 2025
timezone: 中国标准时间
elapsed time: 2.302772 seconds (0d 0h 0m 2s)

