#
# There is insufficient memory for the Java Runtime Environment to continue.
# Native memory allocation (malloc) failed to allocate 32744 bytes for ChunkPool::allocate
# Possible reasons:
#   The system is out of physical RAM or swap space
#   The process is running with CompressedOops enabled, and the Java Heap may be blocking the growth of the native heap
# Possible solutions:
#   Reduce memory load on the system
#   Increase physical memory or swap space
#   Check if swap backing store is full
#   Decrease Java heap size (-Xmx/-Xms)
#   Decrease number of Java threads
#   Decrease Java thread stack sizes (-Xss)
#   Set larger code cache with -XX:ReservedCodeCacheSize=
#   JVM is running with Zero Based Compressed Oops mode in which the Java heap is
#     placed in the first 32GB address space. The Java Heap base address is the
#     maximum limit for the native heap growth. Please use -XX:HeapBaseMinAddress
#     to set the Java Heap base and to place the Java Heap above 32GB virtual address.
# This output file may be truncated or incomplete.
#
#  Out of Memory Error (allocation.cpp:272), pid=21500, tid=0x0000000000003bd8
#
# JRE version: Java(TM) SE Runtime Environment (8.0_291-b10) (build 1.8.0_291-b10)
# Java VM: Java HotSpot(TM) 64-Bit Server VM (25.291-b10 mixed mode windows-amd64 compressed oops)
# Failed to write core dump. Minidumps are not enabled by default on client versions of Windows
#

---------------  T H R E A D  ---------------

Current thread (0x000001ef7f578800):  JavaThread "C1 CompilerThread3" daemon [_thread_in_native, id=15320, stack(0x0000000b22500000,0x0000000b22600000)]

Stack: [0x0000000b22500000,0x0000000b22600000]
Native frames: (J=compiled Java code, j=interpreted, Vv=VM code, C=native code)
V  [jvm.dll+0x32ea19]


Current CompileTask:
C1:   3340 2403       3       org.springframework.util.ReflectionUtils::lambda$getUniqueDeclaredMethods$2 (149 bytes)


---------------  P R O C E S S  ---------------

Java Threads: ( => current thread )
  0x000001ef18494800 JavaThread "surefire-forkedjvm-ping-30s" daemon [_thread_in_native, id=7352, stack(0x0000000b22900000,0x0000000b22a00000)]
  0x000001ef1841f800 JavaThread "surefire-forkedjvm-command-thread" daemon [_thread_in_native, id=14900, stack(0x0000000b22800000,0x0000000b22900000)]
  0x000001ef182e1000 JavaThread "Service Thread" daemon [_thread_blocked, id=14944, stack(0x0000000b22600000,0x0000000b22700000)]
=>0x000001ef7f578800 JavaThread "C1 CompilerThread3" daemon [_thread_in_native, id=15320, stack(0x0000000b22500000,0x0000000b22600000)]
  0x000001ef7f56b000 JavaThread "C2 CompilerThread2" daemon [_thread_in_native, id=16296, stack(0x0000000b22400000,0x0000000b22500000)]
  0x000001ef7f565000 JavaThread "C2 CompilerThread1" daemon [_thread_in_native, id=20988, stack(0x0000000b22300000,0x0000000b22400000)]
  0x000001ef7f504800 JavaThread "C2 CompilerThread0" daemon [_thread_blocked, id=7684, stack(0x0000000b22200000,0x0000000b22300000)]
  0x000001ef7f55b800 JavaThread "Attach Listener" daemon [_thread_blocked, id=8888, stack(0x0000000b22100000,0x0000000b22200000)]
  0x000001ef7f55a800 JavaThread "Signal Dispatcher" daemon [_thread_blocked, id=12948, stack(0x0000000b22000000,0x0000000b22100000)]
  0x000001ef7f4d5000 JavaThread "Finalizer" daemon [_thread_blocked, id=20268, stack(0x0000000b21f00000,0x0000000b22000000)]
  0x000001ef7f4ce800 JavaThread "Reference Handler" daemon [_thread_blocked, id=22228, stack(0x0000000b21e00000,0x0000000b21f00000)]
  0x000001ef7b62b000 JavaThread "main" [_thread_in_vm, id=22484, stack(0x0000000b21400000,0x0000000b21500000)]

Other Threads:
  0x000001ef7f4a4000 VMThread [stack: 0x0000000b21d00000,0x0000000b21e00000] [id=6092]
  0x000001ef182f2000 WatcherThread [stack: 0x0000000b22700000,0x0000000b22800000] [id=16668]

VM state:not at safepoint (normal execution)

VM Mutex/Monitor currently owned by a thread: None

heap address: 0x00000006c1c00000, size: 4068 MB, Compressed Oops mode: Zero based, Oop shift amount: 3
Narrow klass base: 0x0000000000000000, Narrow klass shift: 3
Compressed class space size: 1073741824 Address: 0x00000007c0000000

Heap:
 PSYoungGen      total 76288K, used 10972K [0x000000076b400000, 0x0000000772580000, 0x00000007c0000000)
  eden space 65536K, 5% used [0x000000076b400000,0x000000076b76c108,0x000000076f400000)
  from space 10752K, 69% used [0x000000076f400000,0x000000076fb4b250,0x000000076fe80000)
  to   space 10752K, 0% used [0x0000000771b00000,0x0000000771b00000,0x0000000772580000)
 ParOldGen       total 114176K, used 9146K [0x00000006c1c00000, 0x00000006c8b80000, 0x000000076b400000)
  object space 114176K, 8% used [0x00000006c1c00000,0x00000006c24ee958,0x00000006c8b80000)
 Metaspace       used 25078K, capacity 26840K, committed 27008K, reserved 1073152K
  class space    used 3282K, capacity 3630K, committed 3712K, reserved 1048576K

Card table byte_map: [0x000001ef7d530000,0x000001ef7dd30000] byte_map_base: 0x000001ef79f22000

Marking Bits: (ParMarkBitMap*) 0x0000000053087fe0
 Begin Bits: [0x000001ef0f000000, 0x000001ef12f90000)
 End Bits:   [0x000001ef12f90000, 0x000001ef16f20000)

Polling page: 0x000001ef7b870000

CodeCache: size=245760Kb used=7922Kb max_used=7935Kb free=237837Kb
 bounds [0x000001ef00000000, 0x000001ef007d0000, 0x000001ef0f000000]
 total_blobs=2781 nmethods=2400 adapters=293
 compilation: enabled

Compilation events (10 events):
Event: 3.275 Thread 0x000001ef7f578800 2399       3       org.springframework.util.MultiValueMapAdapter::get (14 bytes)
Event: 3.275 Thread 0x000001ef7f578800 nmethod 2399 0x000001ef007bbed0 code [0x000001ef007bc040, 0x000001ef007bc370]
Event: 3.276 Thread 0x000001ef7f578800 2400       3       java.util.Spliterator::forEachRemaining (11 bytes)
Event: 3.276 Thread 0x000001ef7f578800 nmethod 2400 0x000001ef007bb9d0 code [0x000001ef007bbb40, 0x000001ef007bbe10]
Event: 3.278 Thread 0x000001ef7f578800 2401       1       org.springframework.beans.factory.support.AbstractBeanDefinition::getScope (5 bytes)
Event: 3.278 Thread 0x000001ef7f578800 nmethod 2401 0x000001ef007bb710 code [0x000001ef007bb860, 0x000001ef007bb978]
Event: 3.278 Thread 0x000001ef7f578800 2402       1       java.util.LinkedHashMap$LinkedKeySet::size (8 bytes)
Event: 3.278 Thread 0x000001ef7f578800 nmethod 2402 0x000001ef007bb410 code [0x000001ef007bb560, 0x000001ef007bb678]
Event: 3.279 Thread 0x000001ef7f504800 nmethod 2397 0x000001ef007c3950 code [0x000001ef007c3b00, 0x000001ef007c4468]
Event: 3.336 Thread 0x000001ef7f578800 2403       3       org.springframework.util.ReflectionUtils::lambda$getUniqueDeclaredMethods$2 (149 bytes)

GC Heap History (8 events):
Event: 1.279 GC heap before
{Heap before GC invocations=1 (full 0):
 PSYoungGen      total 76288K, used 65536K [0x000000076b400000, 0x0000000770900000, 0x00000007c0000000)
  eden space 65536K, 100% used [0x000000076b400000,0x000000076f400000,0x000000076f400000)
  from space 10752K, 0% used [0x000000076fe80000,0x000000076fe80000,0x0000000770900000)
  to   space 10752K, 0% used [0x000000076f400000,0x000000076f400000,0x000000076fe80000)
 ParOldGen       total 175104K, used 0K [0x00000006c1c00000, 0x00000006cc700000, 0x000000076b400000)
  object space 175104K, 0% used [0x00000006c1c00000,0x00000006c1c00000,0x00000006cc700000)
 Metaspace       used 14195K, capacity 15202K, committed 15360K, reserved 1062912K
  class space    used 1783K, capacity 1989K, committed 2048K, reserved 1048576K
Event: 1.288 GC heap after
Heap after GC invocations=1 (full 0):
 PSYoungGen      total 76288K, used 9024K [0x000000076b400000, 0x0000000770900000, 0x00000007c0000000)
  eden space 65536K, 0% used [0x000000076b400000,0x000000076b400000,0x000000076f400000)
  from space 10752K, 83% used [0x000000076f400000,0x000000076fcd02d8,0x000000076fe80000)
  to   space 10752K, 0% used [0x000000076fe80000,0x000000076fe80000,0x0000000770900000)
 ParOldGen       total 175104K, used 16K [0x00000006c1c00000, 0x00000006cc700000, 0x000000076b400000)
  object space 175104K, 0% used [0x00000006c1c00000,0x00000006c1c04000,0x00000006cc700000)
 Metaspace       used 14195K, capacity 15202K, committed 15360K, reserved 1062912K
  class space    used 1783K, capacity 1989K, committed 2048K, reserved 1048576K
}
Event: 2.538 GC heap before
{Heap before GC invocations=2 (full 0):
 PSYoungGen      total 76288K, used 54745K [0x000000076b400000, 0x0000000770900000, 0x00000007c0000000)
  eden space 65536K, 69% used [0x000000076b400000,0x000000076e0a64f8,0x000000076f400000)
  from space 10752K, 83% used [0x000000076f400000,0x000000076fcd02d8,0x000000076fe80000)
  to   space 10752K, 0% used [0x000000076fe80000,0x000000076fe80000,0x0000000770900000)
 ParOldGen       total 175104K, used 16K [0x00000006c1c00000, 0x00000006cc700000, 0x000000076b400000)
  object space 175104K, 0% used [0x00000006c1c00000,0x00000006c1c04000,0x00000006cc700000)
 Metaspace       used 19665K, capacity 21166K, committed 21296K, reserved 1067008K
  class space    used 2557K, capacity 2863K, committed 2944K, reserved 1048576K
Event: 2.552 GC heap after
Heap after GC invocations=2 (full 0):
 PSYoungGen      total 76288K, used 9486K [0x000000076b400000, 0x0000000770900000, 0x00000007c0000000)
  eden space 65536K, 0% used [0x000000076b400000,0x000000076b400000,0x000000076f400000)
  from space 10752K, 88% used [0x000000076fe80000,0x00000007707c3840,0x0000000770900000)
  to   space 10752K, 0% used [0x000000076f400000,0x000000076f400000,0x000000076fe80000)
 ParOldGen       total 175104K, used 24K [0x00000006c1c00000, 0x00000006cc700000, 0x000000076b400000)
  object space 175104K, 0% used [0x00000006c1c00000,0x00000006c1c06000,0x00000006cc700000)
 Metaspace       used 19665K, capacity 21166K, committed 21296K, reserved 1067008K
  class space    used 2557K, capacity 2863K, committed 2944K, reserved 1048576K
}
Event: 2.552 GC heap before
{Heap before GC invocations=3 (full 1):
 PSYoungGen      total 76288K, used 9486K [0x000000076b400000, 0x0000000770900000, 0x00000007c0000000)
  eden space 65536K, 0% used [0x000000076b400000,0x000000076b400000,0x000000076f400000)
  from space 10752K, 88% used [0x000000076fe80000,0x00000007707c3840,0x0000000770900000)
  to   space 10752K, 0% used [0x000000076f400000,0x000000076f400000,0x000000076fe80000)
 ParOldGen       total 175104K, used 24K [0x00000006c1c00000, 0x00000006cc700000, 0x000000076b400000)
  object space 175104K, 0% used [0x00000006c1c00000,0x00000006c1c06000,0x00000006cc700000)
 Metaspace       used 19665K, capacity 21166K, committed 21296K, reserved 1067008K
  class space    used 2557K, capacity 2863K, committed 2944K, reserved 1048576K
Event: 2.585 GC heap after
Heap after GC invocations=3 (full 1):
 PSYoungGen      total 76288K, used 0K [0x000000076b400000, 0x0000000770900000, 0x00000007c0000000)
  eden space 65536K, 0% used [0x000000076b400000,0x000000076b400000,0x000000076f400000)
  from space 10752K, 0% used [0x000000076fe80000,0x000000076fe80000,0x0000000770900000)
  to   space 10752K, 0% used [0x000000076f400000,0x000000076f400000,0x000000076fe80000)
 ParOldGen       total 114176K, used 9138K [0x00000006c1c00000, 0x00000006c8b80000, 0x000000076b400000)
  object space 114176K, 8% used [0x00000006c1c00000,0x00000006c24ec958,0x00000006c8b80000)
 Metaspace       used 19665K, capacity 21166K, committed 21296K, reserved 1067008K
  class space    used 2557K, capacity 2863K, committed 2944K, reserved 1048576K
}
Event: 3.262 GC heap before
{Heap before GC invocations=4 (full 1):
 PSYoungGen      total 76288K, used 65536K [0x000000076b400000, 0x0000000770900000, 0x00000007c0000000)
  eden space 65536K, 100% used [0x000000076b400000,0x000000076f400000,0x000000076f400000)
  from space 10752K, 0% used [0x000000076fe80000,0x000000076fe80000,0x0000000770900000)
  to   space 10752K, 0% used [0x000000076f400000,0x000000076f400000,0x000000076fe80000)
 ParOldGen       total 114176K, used 9138K [0x00000006c1c00000, 0x00000006c8b80000, 0x000000076b400000)
  object space 114176K, 8% used [0x00000006c1c00000,0x00000006c24ec958,0x00000006c8b80000)
 Metaspace       used 24720K, capacity 26484K, committed 26752K, reserved 1073152K
  class space    used 3242K, capacity 3598K, committed 3712K, reserved 1048576K
Event: 3.271 GC heap after
Heap after GC invocations=4 (full 1):
 PSYoungGen      total 76288K, used 7468K [0x000000076b400000, 0x0000000772580000, 0x00000007c0000000)
  eden space 65536K, 0% used [0x000000076b400000,0x000000076b400000,0x000000076f400000)
  from space 10752K, 69% used [0x000000076f400000,0x000000076fb4b250,0x000000076fe80000)
  to   space 10752K, 0% used [0x0000000771b00000,0x0000000771b00000,0x0000000772580000)
 ParOldGen       total 114176K, used 9146K [0x00000006c1c00000, 0x00000006c8b80000, 0x000000076b400000)
  object space 114176K, 8% used [0x00000006c1c00000,0x00000006c24ee958,0x00000006c8b80000)
 Metaspace       used 24720K, capacity 26484K, committed 26752K, reserved 1073152K
  class space    used 3242K, capacity 3598K, committed 3712K, reserved 1048576K
}

Deoptimization events (10 events):
Event: 2.533 Thread 0x000001ef7b62b000 Uncommon trap: reason=array_check action=maybe_recompile pc=0x000001ef005af048 method=java.util.AbstractCollection.toArray([Ljava/lang/Object;)[Ljava/lang/Object; @ 119
Event: 2.759 Thread 0x000001ef19c65800 Uncommon trap: reason=unstable_if action=reinterpret pc=0x000001ef0041e428 method=jdk.internal.org.objectweb.asm.Type.getArgumentsAndReturnSizes(Ljava/lang/String;)I @ 47
Event: 2.890 Thread 0x000001ef7b62b000 Uncommon trap: reason=class_check action=maybe_recompile pc=0x000001ef003f4744 method=java.util.HashMap.putVal(ILjava/lang/Object;Ljava/lang/Object;ZZ)Ljava/lang/Object; @ 203
Event: 2.891 Thread 0x000001ef7b62b000 Uncommon trap: reason=class_check action=maybe_recompile pc=0x000001ef003f4744 method=java.util.HashMap.putVal(ILjava/lang/Object;Ljava/lang/Object;ZZ)Ljava/lang/Object; @ 203
Event: 2.891 Thread 0x000001ef7b62b000 Uncommon trap: reason=class_check action=maybe_recompile pc=0x000001ef003f4744 method=java.util.HashMap.putVal(ILjava/lang/Object;Ljava/lang/Object;ZZ)Ljava/lang/Object; @ 203
Event: 2.892 Thread 0x000001ef7b62b000 Uncommon trap: reason=class_check action=maybe_recompile pc=0x000001ef003f4744 method=java.util.HashMap.putVal(ILjava/lang/Object;Ljava/lang/Object;ZZ)Ljava/lang/Object; @ 203
Event: 2.916 Thread 0x000001ef7b62b000 Uncommon trap: reason=bimorphic action=maybe_recompile pc=0x000001ef00670e14 method=java.util.HashMap.putVal(ILjava/lang/Object;Ljava/lang/Object;ZZ)Ljava/lang/Object; @ 203
Event: 2.948 Thread 0x000001ef7b62b000 Uncommon trap: reason=bimorphic action=maybe_recompile pc=0x000001ef00670e14 method=java.util.HashMap.putVal(ILjava/lang/Object;Ljava/lang/Object;ZZ)Ljava/lang/Object; @ 203
Event: 3.137 Thread 0x000001ef7b62b000 Uncommon trap: reason=bimorphic action=maybe_recompile pc=0x000001ef00670e14 method=java.util.HashMap.putVal(ILjava/lang/Object;Ljava/lang/Object;ZZ)Ljava/lang/Object; @ 203
Event: 3.304 Thread 0x000001ef7b62b000 Uncommon trap: reason=unstable_if action=reinterpret pc=0x000001ef0055f600 method=java.util.Arrays.equals([Ljava/lang/Object;[Ljava/lang/Object;)Z @ 65

Classes redefined (0 events):
No events

Internal exceptions (10 events):
Event: 2.694 Thread 0x000001ef7b62b000 Exception <a 'java/lang/ClassNotFoundException': org/springframework/context/ApplicationStartupAwareCustomizer> (0x000000076c58cd90) thrown at [C:\jenkins\workspace\8-2-build-windows-amd64-cygwin\jdk8u291\1294\hotspot\src\share\vm\classfile\systemDictiona
Event: 2.695 Thread 0x000001ef7b62b000 Exception <a 'java/lang/ClassNotFoundException': org/springframework/beans/factory/AwareCustomizer> (0x000000076c5a7cf8) thrown at [C:\jenkins\workspace\8-2-build-windows-amd64-cygwin\jdk8u291\1294\hotspot\src\share\vm\classfile\systemDictionary.cpp, line
Event: 2.695 Thread 0x000001ef7b62b000 Exception <a 'java/lang/ClassNotFoundException': org/springframework/beans/factory/BeanClassLoaderAwareCustomizer> (0x000000076c5c67b8) thrown at [C:\jenkins\workspace\8-2-build-windows-amd64-cygwin\jdk8u291\1294\hotspot\src\share\vm\classfile\systemDicti
Event: 2.696 Thread 0x000001ef7b62b000 Exception <a 'java/lang/ClassNotFoundException': org/springframework/beans/factory/AwareCustomizer> (0x000000076c5e12b0) thrown at [C:\jenkins\workspace\8-2-build-windows-amd64-cygwin\jdk8u291\1294\hotspot\src\share\vm\classfile\systemDictionary.cpp, line
Event: 2.697 Thread 0x000001ef7b62b000 Exception <a 'java/lang/ClassNotFoundException': org/springframework/context/EnvironmentAwareCustomizer> (0x000000076c5fc6f8) thrown at [C:\jenkins\workspace\8-2-build-windows-amd64-cygwin\jdk8u291\1294\hotspot\src\share\vm\classfile\systemDictionary.cpp,
Event: 2.698 Thread 0x000001ef7b62b000 Exception <a 'java/lang/ClassNotFoundException': org/springframework/beans/factory/AwareCustomizer> (0x000000076c6170d0) thrown at [C:\jenkins\workspace\8-2-build-windows-amd64-cygwin\jdk8u291\1294\hotspot\src\share\vm\classfile\systemDictionary.cpp, line
Event: 2.761 Thread 0x000001ef7b62b000 Exception <a 'java/lang/NoSuchMethodError': java.lang.Object.lambda$getAllAnnotationAttributes$0(Lorg/springframework/util/MultiValueMap;)Lorg/springframework/util/MultiValueMap;> (0x000000076cd84df0) thrown at [C:\jenkins\workspace\8-2-build-windows-amd6
Event: 2.761 Thread 0x000001ef19c65800 Exception <a 'java/lang/IncompatibleClassChangeError': Found class java.lang.Object, but interface was expected> (0x000000076ce7fd80) thrown at [C:\jenkins\workspace\8-2-build-windows-amd64-cygwin\jdk8u291\1294\hotspot\src\share\vm\interpreter\linkResolve
Event: 2.762 Thread 0x000001ef7b62b000 Exception <a 'java/lang/NoSuchMethodError': java.lang.Object.lambda$identity$2(Ljava/lang/Object;)Ljava/lang/Object;> (0x000000076cd88870) thrown at [C:\jenkins\workspace\8-2-build-windows-amd64-cygwin\jdk8u291\1294\hotspot\src\share\vm\interpreter\linkRe
Event: 2.838 Thread 0x000001ef7b62b000 Exception <a 'java/lang/IncompatibleClassChangeError': Found class java.lang.Object, but interface was expected> (0x000000076d92e228) thrown at [C:\jenkins\workspace\8-2-build-windows-amd64-cygwin\jdk8u291\1294\hotspot\src\share\vm\interpreter\linkResolve

Events (10 events):
Event: 3.333 loading class org/springframework/web/servlet/handler/AbstractDetectingUrlHandlerMapping
Event: 3.333 loading class org/springframework/web/servlet/handler/AbstractDetectingUrlHandlerMapping done
Event: 3.333 loading class org/springframework/web/servlet/function/support/RouterFunctionMapping
Event: 3.333 loading class org/springframework/web/servlet/function/support/RouterFunctionMapping done
Event: 3.334 loading class org/springframework/web/servlet/function/support/HandlerFunctionAdapter
Event: 3.334 loading class org/springframework/web/servlet/function/support/HandlerFunctionAdapter done
Event: 3.335 loading class org/springframework/web/util/pattern/PathPatternParser
Event: 3.335 loading class org/springframework/web/util/pattern/PathPatternParser done
Event: 3.335 loading class org/springframework/web/util/UrlPathHelper
Event: 3.335 loading class org/springframework/web/util/UrlPathHelper done


Dynamic libraries:
0x00007ff64a680000 - 0x00007ff64a6c7000 	E:\java\jdk1.8.0_211\jre\bin\java.exe
0x00007ffa7e530000 - 0x00007ffa7e728000 	C:\WINDOWS\SYSTEM32\ntdll.dll
0x00007ffa7e290000 - 0x00007ffa7e352000 	C:\WINDOWS\System32\KERNEL32.DLL
0x00007ffa7bf10000 - 0x00007ffa7c206000 	C:\WINDOWS\System32\KERNELBASE.dll
0x00007ffa7e1e0000 - 0x00007ffa7e28f000 	C:\WINDOWS\System32\ADVAPI32.dll
0x00007ffa7ca70000 - 0x00007ffa7cb0e000 	C:\WINDOWS\System32\msvcrt.dll
0x00007ffa7e450000 - 0x00007ffa7e4ef000 	C:\WINDOWS\System32\sechost.dll
0x00007ffa7d5e0000 - 0x00007ffa7d703000 	C:\WINDOWS\System32\RPCRT4.dll
0x00007ffa7bd80000 - 0x00007ffa7bda7000 	C:\WINDOWS\System32\bcrypt.dll
0x00007ffa7c690000 - 0x00007ffa7c82d000 	C:\WINDOWS\System32\USER32.dll
0x00007ffa7c520000 - 0x00007ffa7c542000 	C:\WINDOWS\System32\win32u.dll
0x00007ffa7e360000 - 0x00007ffa7e38b000 	C:\WINDOWS\System32\GDI32.dll
0x00007ffa7bbc0000 - 0x00007ffa7bcda000 	C:\WINDOWS\System32\gdi32full.dll
0x00007ffa7bce0000 - 0x00007ffa7bd7d000 	C:\WINDOWS\System32\msvcp_win.dll
0x00007ffa7c210000 - 0x00007ffa7c310000 	C:\WINDOWS\System32\ucrtbase.dll
0x00007ffa5ee20000 - 0x00007ffa5f0ba000 	C:\WINDOWS\WinSxS\amd64_microsoft.windows.common-controls_6595b64144ccf1df_6.0.19041.4355_none_60b8b9eb71f62e16\COMCTL32.dll
0x00007ffa7c920000 - 0x00007ffa7c94f000 	C:\WINDOWS\System32\IMM32.DLL
0x00007ffa63880000 - 0x00007ffa63895000 	E:\java\jdk1.8.0_211\jre\bin\vcruntime140.dll
0x00007ffa26d00000 - 0x00007ffa26d9b000 	E:\java\jdk1.8.0_211\jre\bin\msvcp140.dll
0x00000000528a0000 - 0x0000000053100000 	E:\java\jdk1.8.0_211\jre\bin\server\jvm.dll
0x00007ffa7ca60000 - 0x00007ffa7ca68000 	C:\WINDOWS\System32\PSAPI.DLL
0x00007ffa68ab0000 - 0x00007ffa68ab9000 	C:\WINDOWS\SYSTEM32\WSOCK32.dll
0x00007ffa659c0000 - 0x00007ffa659e7000 	C:\WINDOWS\SYSTEM32\WINMM.dll
0x00007ffa737c0000 - 0x00007ffa737ca000 	C:\WINDOWS\SYSTEM32\VERSION.dll
0x00007ffa7d490000 - 0x00007ffa7d4fb000 	C:\WINDOWS\System32\WS2_32.dll
0x00007ffa7a5e0000 - 0x00007ffa7a5f2000 	C:\WINDOWS\SYSTEM32\kernel.appcore.dll
0x00007ffa63870000 - 0x00007ffa63880000 	E:\java\jdk1.8.0_211\jre\bin\verify.dll
0x00007ffa26cd0000 - 0x00007ffa26cfb000 	E:\java\jdk1.8.0_211\jre\bin\java.dll
0x00007ffa61720000 - 0x00007ffa61738000 	E:\java\jdk1.8.0_211\jre\bin\zip.dll
0x00007ffa7cd20000 - 0x00007ffa7d48f000 	C:\WINDOWS\System32\SHELL32.dll
0x00007ffa79bb0000 - 0x00007ffa7a353000 	C:\WINDOWS\SYSTEM32\windows.storage.dll
0x00007ffa7d8e0000 - 0x00007ffa7dc35000 	C:\WINDOWS\System32\combase.dll
0x00007ffa7b580000 - 0x00007ffa7b5ab000 	C:\WINDOWS\SYSTEM32\Wldp.dll
0x00007ffa7c830000 - 0x00007ffa7c8fd000 	C:\WINDOWS\System32\OLEAUT32.dll
0x00007ffa7c950000 - 0x00007ffa7c9fd000 	C:\WINDOWS\System32\SHCORE.dll
0x00007ffa7c630000 - 0x00007ffa7c685000 	C:\WINDOWS\System32\shlwapi.dll
0x00007ffa7ba80000 - 0x00007ffa7baa5000 	C:\WINDOWS\SYSTEM32\profapi.dll
0x00007ffa4ecd0000 - 0x00007ffa4ecdd000 	E:\java\jdk1.8.0_211\jre\bin\management.dll
0x00007ffa47750000 - 0x00007ffa4776c000 	E:\java\jdk1.8.0_211\jre\bin\net.dll
0x00007ffa7b2e0000 - 0x00007ffa7b34c000 	C:\WINDOWS\system32\mswsock.dll
0x00007ffa26cb0000 - 0x00007ffa26cc3000 	E:\java\jdk1.8.0_211\jre\bin\nio.dll
0x00007ffa7af70000 - 0x00007ffa7afab000 	C:\WINDOWS\SYSTEM32\IPHLPAPI.DLL
0x00007ffa7e440000 - 0x00007ffa7e448000 	C:\WINDOWS\System32\NSI.dll
0x00007ffa72440000 - 0x00007ffa72457000 	C:\WINDOWS\SYSTEM32\dhcpcsvc6.DLL
0x00007ffa72410000 - 0x00007ffa7242d000 	C:\WINDOWS\SYSTEM32\dhcpcsvc.DLL
0x00007ffa7afc0000 - 0x00007ffa7b08a000 	C:\WINDOWS\SYSTEM32\DNSAPI.dll
0x00007ffa72430000 - 0x00007ffa7243a000 	C:\Windows\System32\rasadhlp.dll
0x00007ffa70560000 - 0x00007ffa705e0000 	C:\WINDOWS\System32\fwpuclnt.dll
0x00007ffa52c60000 - 0x00007ffa52c77000 	C:\WINDOWS\system32\napinsp.dll
0x00007ffa52c40000 - 0x00007ffa52c5b000 	C:\WINDOWS\system32\pnrpnsp.dll
0x00007ffa77580000 - 0x00007ffa77595000 	C:\WINDOWS\system32\wshbth.dll
0x00007ffa75e80000 - 0x00007ffa75e9d000 	C:\WINDOWS\system32\NLAapi.dll
0x00007ffa52c20000 - 0x00007ffa52c32000 	C:\WINDOWS\System32\winrnr.dll

VM Arguments:
java_command: C:\Users\13214\AppData\Local\Temp\surefire8904013698858701228\surefirebooter9053422842131419524.jar C:\Users\13214\AppData\Local\Temp\surefire8904013698858701228 2025-04-24T13-36-24_460-jvmRun1 surefire588273885310658909tmp surefire_11700857347277848565tmp
java_class_path (initial): C:\Users\13214\AppData\Local\Temp\surefire8904013698858701228\surefirebooter9053422842131419524.jar
Launcher Type: SUN_STANDARD

Environment Variables:
JAVA_HOME=E:\java\jdk1.8.0_211
USERNAME=13214
OS=Windows_NT
PROCESSOR_IDENTIFIER=Intel64 Family 6 Model 158 Stepping 9, GenuineIntel



---------------  S Y S T E M  ---------------

OS: Windows 10.0 , 64 bit Build 19041 (10.0.19041.5678)

CPU:total 8 (initial active 8) (4 cores per cpu, 2 threads per core) family 6 model 158 stepping 9, cmov, cx8, fxsr, mmx, sse, sse2, sse3, ssse3, sse4.1, sse4.2, popcnt, avx, avx2, aes, clmul, erms, 3dnowpref, lzcnt, ht, tsc, tscinvbit, bmi1, bmi2, adx

Memory: 4k page, physical 16658612k(2090104k free), swap 42873008k(4112k free)

vm_info: Java HotSpot(TM) 64-Bit Server VM (25.291-b10) for windows-amd64 JRE (1.8.0_291-b10), built on Apr  9 2021 00:02:00 by "java_re" with MS VC++ 15.9 (VS2017)

time: Thu Apr 24 13:36:31 2025
timezone: 中国标准时间
elapsed time: 3.346037 seconds (0d 0h 0m 3s)

