#
# There is insufficient memory for the Java Runtime Environment to continue.
# Native memory allocation (malloc) failed to allocate 32744 bytes for ChunkPool::allocate
# Possible reasons:
#   The system is out of physical RAM or swap space
#   The process is running with CompressedOops enabled, and the Java Heap may be blocking the growth of the native heap
# Possible solutions:
#   Reduce memory load on the system
#   Increase physical memory or swap space
#   Check if swap backing store is full
#   Decrease Java heap size (-Xmx/-Xms)
#   Decrease number of Java threads
#   Decrease Java thread stack sizes (-Xss)
#   Set larger code cache with -XX:ReservedCodeCacheSize=
#   JVM is running with Zero Based Compressed Oops mode in which the Java heap is
#     placed in the first 32GB address space. The Java Heap base address is the
#     maximum limit for the native heap growth. Please use -XX:HeapBaseMinAddress
#     to set the Java Heap base and to place the Java Heap above 32GB virtual address.
# This output file may be truncated or incomplete.
#
#  Out of Memory Error (allocation.cpp:272), pid=20212, tid=0x0000000000005fa0
#
# JRE version: Java(TM) SE Runtime Environment (8.0_291-b10) (build 1.8.0_291-b10)
# Java VM: Java HotSpot(TM) 64-Bit Server VM (25.291-b10 mixed mode windows-amd64 compressed oops)
# Failed to write core dump. Minidumps are not enabled by default on client versions of Windows
#

---------------  T H R E A D  ---------------

Current thread (0x000001b2d82f4800):  JavaThread "C1 CompilerThread3" daemon [_thread_in_native, id=24480, stack(0x0000007087300000,0x0000007087400000)]

Stack: [0x0000007087300000,0x0000007087400000]
Native frames: (J=compiled Java code, j=interpreted, Vv=VM code, C=native code)
V  [jvm.dll+0x32ea19]
V  [jvm.dll+0x275462]
V  [jvm.dll+0x27610d]
V  [jvm.dll+0x26cb45]
V  [jvm.dll+0xd56ed]
V  [jvm.dll+0xd5a4c]
V  [jvm.dll+0x40cae9]
V  [jvm.dll+0x4080fe]
V  [jvm.dll+0x3f4a20]
V  [jvm.dll+0x3e09b3]
V  [jvm.dll+0x3e02ad]
V  [jvm.dll+0x3e048e]
V  [jvm.dll+0x3dfbe1]
V  [jvm.dll+0x3e161f]
V  [jvm.dll+0xabeeb]
V  [jvm.dll+0xaa54b]
V  [jvm.dll+0x23db02]
V  [jvm.dll+0x29210c]
C  [ucrtbase.dll+0x21bb2]
C  [KERNEL32.DLL+0x17374]
C  [ntdll.dll+0x4cc91]


Current CompileTask:
C1:   3872 2577       3       org.springframework.asm.Frame::execute (2305 bytes)


---------------  P R O C E S S  ---------------

Java Threads: ( => current thread )
  0x000001b2d9816800 JavaThread "surefire-forkedjvm-ping-30s" daemon [_thread_in_native, id=15244, stack(0x0000007087700000,0x0000007087800000)]
  0x000001b2d975e800 JavaThread "surefire-forkedjvm-command-thread" daemon [_thread_in_native, id=19272, stack(0x0000007087600000,0x0000007087700000)]
  0x000001b2d830e000 JavaThread "Service Thread" daemon [_thread_blocked, id=4940, stack(0x0000007087400000,0x0000007087500000)]
=>0x000001b2d82f4800 JavaThread "C1 CompilerThread3" daemon [_thread_in_native, id=24480, stack(0x0000007087300000,0x0000007087400000)]
  0x000001b2d82ee000 JavaThread "C2 CompilerThread2" daemon [_thread_blocked, id=24324, stack(0x0000007087200000,0x0000007087300000)]
  0x000001b2d82ec000 JavaThread "C2 CompilerThread1" daemon [_thread_blocked, id=23164, stack(0x0000007087100000,0x0000007087200000)]
  0x000001b2d8294000 JavaThread "C2 CompilerThread0" daemon [_thread_blocked, id=23480, stack(0x0000007087000000,0x0000007087100000)]
  0x000001b2d82e8800 JavaThread "Attach Listener" daemon [_thread_blocked, id=14452, stack(0x0000007086f00000,0x0000007087000000)]
  0x000001b2d82e7000 JavaThread "Signal Dispatcher" daemon [_thread_blocked, id=23612, stack(0x0000007086e00000,0x0000007086f00000)]
  0x000001b2d8262800 JavaThread "Finalizer" daemon [_thread_blocked, id=24880, stack(0x0000007086d00000,0x0000007086e00000)]
  0x000001b2d825a800 JavaThread "Reference Handler" daemon [_thread_blocked, id=21300, stack(0x0000007086c00000,0x0000007086d00000)]
  0x000001b2bcc38000 JavaThread "main" [_thread_in_vm, id=4324, stack(0x0000007086200000,0x0000007086300000)]

Other Threads:
  0x000001b2d766e000 VMThread [stack: 0x0000007086b00000,0x0000007086c00000] [id=9848]
  0x000001b2d9631000 WatcherThread [stack: 0x0000007087500000,0x0000007087600000] [id=12876]

VM state:not at safepoint (normal execution)

VM Mutex/Monitor currently owned by a thread:  ([mutex/lock_event])
[0x000001b2bcc23680] CodeCache_lock - owner thread: 0x0000000000000000
[0x000001b2bcc33930] CompiledIC_lock - owner thread: 0x000001b2d82ee000

heap address: 0x00000006c1c00000, size: 4068 MB, Compressed Oops mode: Zero based, Oop shift amount: 3
Narrow klass base: 0x0000000000000000, Narrow klass shift: 3
Compressed class space size: 1073741824 Address: 0x00000007c0000000

Heap:
 PSYoungGen      total 76288K, used 32226K [0x000000076b400000, 0x0000000772080000, 0x00000007c0000000)
  eden space 65536K, 37% used [0x000000076b400000,0x000000076cc21aa0,0x000000076f400000)
  from space 10752K, 69% used [0x000000076f400000,0x000000076fb570c0,0x000000076fe80000)
  to   space 10752K, 0% used [0x0000000771600000,0x0000000771600000,0x0000000772080000)
 ParOldGen       total 116736K, used 9122K [0x00000006c1c00000, 0x00000006c8e00000, 0x000000076b400000)
  object space 116736K, 7% used [0x00000006c1c00000,0x00000006c24e88c8,0x00000006c8e00000)
 Metaspace       used 26722K, capacity 28568K, committed 28800K, reserved 1075200K
  class space    used 3505K, capacity 3868K, committed 3968K, reserved 1048576K

Card table byte_map: [0x000001b2cd8b0000,0x000001b2ce0b0000] byte_map_base: 0x000001b2ca2a2000

Marking Bits: (ParMarkBitMap*) 0x0000000053087fe0
 Begin Bits: [0x000001b2ce600000, 0x000001b2d2590000)
 End Bits:   [0x000001b2d2590000, 0x000001b2d6520000)

Polling page: 0x000001b2be4c0000

CodeCache: size=245760Kb used=8745Kb max_used=8788Kb free=237014Kb
 bounds [0x000001b2be4f0000, 0x000001b2bed90000, 0x000001b2cd4f0000]
 total_blobs=2972 nmethods=2578 adapters=306
 compilation: enabled

Compilation events (10 events):
Event: 3.650 Thread 0x000001b2d82ee000 nmethod 2572 0x000001b2bed36a10 code [0x000001b2bed36b40, 0x000001b2bed36bd8]
Event: 3.650 Thread 0x000001b2d82f4800 2573       3       org.springframework.core.type.classreading.SimpleMethodMetadata::hashCode (8 bytes)
Event: 3.650 Thread 0x000001b2d82f4800 nmethod 2573 0x000001b2bed2d510 code [0x000001b2bed2d680, 0x000001b2bed2d8b0]
Event: 3.650 Thread 0x000001b2d82f4800 2574       3       org.springframework.core.type.classreading.SimpleMethodMetadataReadingVisitor$Source::hashCode (43 bytes)
Event: 3.650 Thread 0x000001b2d82f4800 nmethod 2574 0x000001b2bed41190 code [0x000001b2bed41320, 0x000001b2bed416f0]
Event: 3.650 Thread 0x000001b2d82f4800 2575       1       org.springframework.beans.BeanMetadataAttribute::getValue (5 bytes)
Event: 3.650 Thread 0x000001b2d82f4800 nmethod 2575 0x000001b2bed36550 code [0x000001b2bed366a0, 0x000001b2bed367b8]
Event: 3.753 Thread 0x000001b2d82f4800 2576       3       org.springframework.asm.ByteVector::putByte (39 bytes)
Event: 3.753 Thread 0x000001b2d82f4800 nmethod 2576 0x000001b2bed401d0 code [0x000001b2bed40340, 0x000001b2bed40590]
Event: 3.756 Thread 0x000001b2d82f4800 2577       3       org.springframework.asm.Frame::execute (2305 bytes)

GC Heap History (8 events):
Event: 1.427 GC heap before
{Heap before GC invocations=1 (full 0):
 PSYoungGen      total 76288K, used 65536K [0x000000076b400000, 0x0000000770900000, 0x00000007c0000000)
  eden space 65536K, 100% used [0x000000076b400000,0x000000076f400000,0x000000076f400000)
  from space 10752K, 0% used [0x000000076fe80000,0x000000076fe80000,0x0000000770900000)
  to   space 10752K, 0% used [0x000000076f400000,0x000000076f400000,0x000000076fe80000)
 ParOldGen       total 175104K, used 0K [0x00000006c1c00000, 0x00000006cc700000, 0x000000076b400000)
  object space 175104K, 0% used [0x00000006c1c00000,0x00000006c1c00000,0x00000006cc700000)
 Metaspace       used 14193K, capacity 15202K, committed 15360K, reserved 1062912K
  class space    used 1781K, capacity 1989K, committed 2048K, reserved 1048576K
Event: 1.434 GC heap after
Heap after GC invocations=1 (full 0):
 PSYoungGen      total 76288K, used 8876K [0x000000076b400000, 0x0000000770900000, 0x00000007c0000000)
  eden space 65536K, 0% used [0x000000076b400000,0x000000076b400000,0x000000076f400000)
  from space 10752K, 82% used [0x000000076f400000,0x000000076fcab3e8,0x000000076fe80000)
  to   space 10752K, 0% used [0x000000076fe80000,0x000000076fe80000,0x0000000770900000)
 ParOldGen       total 175104K, used 16K [0x00000006c1c00000, 0x00000006cc700000, 0x000000076b400000)
  object space 175104K, 0% used [0x00000006c1c00000,0x00000006c1c04000,0x00000006cc700000)
 Metaspace       used 14193K, capacity 15202K, committed 15360K, reserved 1062912K
  class space    used 1781K, capacity 1989K, committed 2048K, reserved 1048576K
}
Event: 2.591 GC heap before
{Heap before GC invocations=2 (full 0):
 PSYoungGen      total 76288K, used 55289K [0x000000076b400000, 0x0000000770900000, 0x00000007c0000000)
  eden space 65536K, 70% used [0x000000076b400000,0x000000076e1532d8,0x000000076f400000)
  from space 10752K, 82% used [0x000000076f400000,0x000000076fcab3e8,0x000000076fe80000)
  to   space 10752K, 0% used [0x000000076fe80000,0x000000076fe80000,0x0000000770900000)
 ParOldGen       total 175104K, used 16K [0x00000006c1c00000, 0x00000006cc700000, 0x000000076b400000)
  object space 175104K, 0% used [0x00000006c1c00000,0x00000006c1c04000,0x00000006cc700000)
 Metaspace       used 19670K, capacity 21162K, committed 21296K, reserved 1067008K
  class space    used 2551K, capacity 2863K, committed 2944K, reserved 1048576K
Event: 2.602 GC heap after
Heap after GC invocations=2 (full 0):
 PSYoungGen      total 76288K, used 9568K [0x000000076b400000, 0x0000000770900000, 0x00000007c0000000)
  eden space 65536K, 0% used [0x000000076b400000,0x000000076b400000,0x000000076f400000)
  from space 10752K, 88% used [0x000000076fe80000,0x00000007707d81d8,0x0000000770900000)
  to   space 10752K, 0% used [0x000000076f400000,0x000000076f400000,0x000000076fe80000)
 ParOldGen       total 175104K, used 24K [0x00000006c1c00000, 0x00000006cc700000, 0x000000076b400000)
  object space 175104K, 0% used [0x00000006c1c00000,0x00000006c1c06000,0x00000006cc700000)
 Metaspace       used 19670K, capacity 21162K, committed 21296K, reserved 1067008K
  class space    used 2551K, capacity 2863K, committed 2944K, reserved 1048576K
}
Event: 2.602 GC heap before
{Heap before GC invocations=3 (full 1):
 PSYoungGen      total 76288K, used 9568K [0x000000076b400000, 0x0000000770900000, 0x00000007c0000000)
  eden space 65536K, 0% used [0x000000076b400000,0x000000076b400000,0x000000076f400000)
  from space 10752K, 88% used [0x000000076fe80000,0x00000007707d81d8,0x0000000770900000)
  to   space 10752K, 0% used [0x000000076f400000,0x000000076f400000,0x000000076fe80000)
 ParOldGen       total 175104K, used 24K [0x00000006c1c00000, 0x00000006cc700000, 0x000000076b400000)
  object space 175104K, 0% used [0x00000006c1c00000,0x00000006c1c06000,0x00000006cc700000)
 Metaspace       used 19670K, capacity 21162K, committed 21296K, reserved 1067008K
  class space    used 2551K, capacity 2863K, committed 2944K, reserved 1048576K
Event: 2.634 GC heap after
Heap after GC invocations=3 (full 1):
 PSYoungGen      total 76288K, used 0K [0x000000076b400000, 0x0000000770900000, 0x00000007c0000000)
  eden space 65536K, 0% used [0x000000076b400000,0x000000076b400000,0x000000076f400000)
  from space 10752K, 0% used [0x000000076fe80000,0x000000076fe80000,0x0000000770900000)
  to   space 10752K, 0% used [0x000000076f400000,0x000000076f400000,0x000000076fe80000)
 ParOldGen       total 116736K, used 9114K [0x00000006c1c00000, 0x00000006c8e00000, 0x000000076b400000)
  object space 116736K, 7% used [0x00000006c1c00000,0x00000006c24e68c8,0x00000006c8e00000)
 Metaspace       used 19670K, capacity 21162K, committed 21296K, reserved 1067008K
  class space    used 2551K, capacity 2863K, committed 2944K, reserved 1048576K
}
Event: 3.325 GC heap before
{Heap before GC invocations=4 (full 1):
 PSYoungGen      total 76288K, used 65536K [0x000000076b400000, 0x0000000770900000, 0x00000007c0000000)
  eden space 65536K, 100% used [0x000000076b400000,0x000000076f400000,0x000000076f400000)
  from space 10752K, 0% used [0x000000076fe80000,0x000000076fe80000,0x0000000770900000)
  to   space 10752K, 0% used [0x000000076f400000,0x000000076f400000,0x000000076fe80000)
 ParOldGen       total 116736K, used 9114K [0x00000006c1c00000, 0x00000006c8e00000, 0x000000076b400000)
  object space 116736K, 7% used [0x00000006c1c00000,0x00000006c24e68c8,0x00000006c8e00000)
 Metaspace       used 24763K, capacity 26616K, committed 26752K, reserved 1073152K
  class space    used 3243K, capacity 3598K, committed 3712K, reserved 1048576K
Event: 3.330 GC heap after
Heap after GC invocations=4 (full 1):
 PSYoungGen      total 76288K, used 7516K [0x000000076b400000, 0x0000000772080000, 0x00000007c0000000)
  eden space 65536K, 0% used [0x000000076b400000,0x000000076b400000,0x000000076f400000)
  from space 10752K, 69% used [0x000000076f400000,0x000000076fb570c0,0x000000076fe80000)
  to   space 10752K, 0% used [0x0000000771600000,0x0000000771600000,0x0000000772080000)
 ParOldGen       total 116736K, used 9122K [0x00000006c1c00000, 0x00000006c8e00000, 0x000000076b400000)
  object space 116736K, 7% used [0x00000006c1c00000,0x00000006c24e88c8,0x00000006c8e00000)
 Metaspace       used 24763K, capacity 26616K, committed 26752K, reserved 1073152K
  class space    used 3243K, capacity 3598K, committed 3712K, reserved 1048576K
}

Deoptimization events (10 events):
Event: 2.970 Thread 0x000001b2bcc38000 Uncommon trap: reason=class_check action=maybe_recompile pc=0x000001b2be8e48c8 method=java.util.HashMap.putVal(ILjava/lang/Object;Ljava/lang/Object;ZZ)Ljava/lang/Object; @ 203
Event: 2.981 Thread 0x000001b2bcc38000 Uncommon trap: reason=class_check action=maybe_recompile pc=0x000001b2be8e48c8 method=java.util.HashMap.putVal(ILjava/lang/Object;Ljava/lang/Object;ZZ)Ljava/lang/Object; @ 203
Event: 2.985 Thread 0x000001b2bcc38000 Uncommon trap: reason=class_check action=maybe_recompile pc=0x000001b2be8e48c8 method=java.util.HashMap.putVal(ILjava/lang/Object;Ljava/lang/Object;ZZ)Ljava/lang/Object; @ 203
Event: 3.048 Thread 0x000001b2bcc38000 Uncommon trap: reason=bimorphic action=maybe_recompile pc=0x000001b2beb53fd4 method=java.util.HashMap.putVal(ILjava/lang/Object;Ljava/lang/Object;ZZ)Ljava/lang/Object; @ 203
Event: 3.078 Thread 0x000001b2bcc38000 Uncommon trap: reason=bimorphic action=maybe_recompile pc=0x000001b2beb53fd4 method=java.util.HashMap.putVal(ILjava/lang/Object;Ljava/lang/Object;ZZ)Ljava/lang/Object; @ 203
Event: 3.223 Thread 0x000001b2bcc38000 Uncommon trap: reason=bimorphic action=maybe_recompile pc=0x000001b2beb53fd4 method=java.util.HashMap.putVal(ILjava/lang/Object;Ljava/lang/Object;ZZ)Ljava/lang/Object; @ 203
Event: 3.350 Thread 0x000001b2bcc38000 Uncommon trap: reason=unstable_if action=reinterpret pc=0x000001b2bea4aac0 method=java.util.Arrays.equals([Ljava/lang/Object;[Ljava/lang/Object;)Z @ 65
Event: 3.631 Thread 0x000001b2bcc38000 Uncommon trap: reason=unstable_if action=reinterpret pc=0x000001b2bed325dc method=org.springframework.beans.factory.support.AbstractBeanFactory.isTypeMatch(Ljava/lang/String;Lorg/springframework/core/ResolvableType;Z)Z @ 99
Event: 3.638 Thread 0x000001b2bcc38000 Uncommon trap: reason=unstable_if action=reinterpret pc=0x000001b2becda4fc method=org.springframework.beans.factory.support.AbstractBeanFactory.getMergedLocalBeanDefinition(Ljava/lang/String;)Lorg/springframework/beans/factory/support/RootBeanDefinition; 
Event: 3.644 Thread 0x000001b2bcc38000 Uncommon trap: reason=unstable_if action=reinterpret pc=0x000001b2becec0a8 method=org.springframework.beans.factory.support.DefaultSingletonBeanRegistry.getSingleton(Ljava/lang/String;Z)Ljava/lang/Object; @ 20

Classes redefined (0 events):
No events

Internal exceptions (10 events):
Event: 2.753 Thread 0x000001b2bcc38000 Exception <a 'java/lang/ClassNotFoundException': org/springframework/context/ApplicationStartupAwareCustomizer> (0x000000076c3b3e10) thrown at [C:\jenkins\workspace\8-2-build-windows-amd64-cygwin\jdk8u291\1294\hotspot\src\share\vm\classfile\systemDictiona
Event: 2.754 Thread 0x000001b2bcc38000 Exception <a 'java/lang/ClassNotFoundException': org/springframework/beans/factory/AwareCustomizer> (0x000000076c3ced78) thrown at [C:\jenkins\workspace\8-2-build-windows-amd64-cygwin\jdk8u291\1294\hotspot\src\share\vm\classfile\systemDictionary.cpp, line
Event: 2.754 Thread 0x000001b2bcc38000 Exception <a 'java/lang/ClassNotFoundException': org/springframework/beans/factory/BeanClassLoaderAwareCustomizer> (0x000000076c3ed838) thrown at [C:\jenkins\workspace\8-2-build-windows-amd64-cygwin\jdk8u291\1294\hotspot\src\share\vm\classfile\systemDicti
Event: 2.755 Thread 0x000001b2bcc38000 Exception <a 'java/lang/ClassNotFoundException': org/springframework/beans/factory/AwareCustomizer> (0x000000076c460db8) thrown at [C:\jenkins\workspace\8-2-build-windows-amd64-cygwin\jdk8u291\1294\hotspot\src\share\vm\classfile\systemDictionary.cpp, line
Event: 2.755 Thread 0x000001b2bcc38000 Exception <a 'java/lang/ClassNotFoundException': org/springframework/context/EnvironmentAwareCustomizer> (0x000000076c47c200) thrown at [C:\jenkins\workspace\8-2-build-windows-amd64-cygwin\jdk8u291\1294\hotspot\src\share\vm\classfile\systemDictionary.cpp,
Event: 2.756 Thread 0x000001b2bcc38000 Exception <a 'java/lang/ClassNotFoundException': org/springframework/beans/factory/AwareCustomizer> (0x000000076c496bd8) thrown at [C:\jenkins\workspace\8-2-build-windows-amd64-cygwin\jdk8u291\1294\hotspot\src\share\vm\classfile\systemDictionary.cpp, line
Event: 2.832 Thread 0x000001b2bcc38000 Exception <a 'java/lang/NoSuchMethodError': java.lang.Object.lambda$getAllAnnotationAttributes$0(Lorg/springframework/util/MultiValueMap;)Lorg/springframework/util/MultiValueMap;> (0x000000076cc83da8) thrown at [C:\jenkins\workspace\8-2-build-windows-amd6
Event: 2.832 Thread 0x000001b2bcc38000 Exception <a 'java/lang/NoSuchMethodError': java.lang.Object.lambda$identity$2(Ljava/lang/Object;)Ljava/lang/Object;> (0x000000076cc87828) thrown at [C:\jenkins\workspace\8-2-build-windows-amd64-cygwin\jdk8u291\1294\hotspot\src\share\vm\interpreter\linkRe
Event: 2.866 Thread 0x000001b2da7b6800 Exception <a 'java/lang/IncompatibleClassChangeError': Found class java.lang.Object, but interface was expected> (0x000000076d05c0d0) thrown at [C:\jenkins\workspace\8-2-build-windows-amd64-cygwin\jdk8u291\1294\hotspot\src\share\vm\interpreter\linkResolve
Event: 2.938 Thread 0x000001b2bcc38000 Exception <a 'java/lang/IncompatibleClassChangeError': Found class java.lang.Object, but interface was expected> (0x000000076d93f648) thrown at [C:\jenkins\workspace\8-2-build-windows-amd64-cygwin\jdk8u291\1294\hotspot\src\share\vm\interpreter\linkResolve

Events (10 events):
Event: 3.750 loading class org/springframework/cglib/core/Local
Event: 3.750 loading class org/springframework/cglib/core/Local done
Event: 3.752 loading class org/springframework/cglib/core/EmitUtils$8
Event: 3.752 loading class org/springframework/cglib/core/EmitUtils$8 done
Event: 3.757 loading class org/springframework/cglib/core/EmitUtils$9
Event: 3.757 loading class org/springframework/cglib/core/EmitUtils$9 done
Event: 3.759 loading class org/springframework/asm/Handler
Event: 3.759 loading class org/springframework/asm/Handler done
Event: 3.760 loading class org/springframework/cglib/core/DebuggingClassWriter$1
Event: 3.760 loading class org/springframework/cglib/core/DebuggingClassWriter$1 done


Dynamic libraries:
0x00007ff64a680000 - 0x00007ff64a6c7000 	E:\java\jdk1.8.0_211\jre\bin\java.exe
0x00007ffa7e530000 - 0x00007ffa7e728000 	C:\WINDOWS\SYSTEM32\ntdll.dll
0x00007ffa7e290000 - 0x00007ffa7e352000 	C:\WINDOWS\System32\KERNEL32.DLL
0x00007ffa7bf10000 - 0x00007ffa7c206000 	C:\WINDOWS\System32\KERNELBASE.dll
0x00007ffa7e1e0000 - 0x00007ffa7e28f000 	C:\WINDOWS\System32\ADVAPI32.dll
0x00007ffa7ca70000 - 0x00007ffa7cb0e000 	C:\WINDOWS\System32\msvcrt.dll
0x00007ffa7e450000 - 0x00007ffa7e4ef000 	C:\WINDOWS\System32\sechost.dll
0x00007ffa7d5e0000 - 0x00007ffa7d703000 	C:\WINDOWS\System32\RPCRT4.dll
0x00007ffa7bd80000 - 0x00007ffa7bda7000 	C:\WINDOWS\System32\bcrypt.dll
0x00007ffa7c690000 - 0x00007ffa7c82d000 	C:\WINDOWS\System32\USER32.dll
0x00007ffa7c520000 - 0x00007ffa7c542000 	C:\WINDOWS\System32\win32u.dll
0x00007ffa7e360000 - 0x00007ffa7e38b000 	C:\WINDOWS\System32\GDI32.dll
0x00007ffa7bbc0000 - 0x00007ffa7bcda000 	C:\WINDOWS\System32\gdi32full.dll
0x00007ffa7bce0000 - 0x00007ffa7bd7d000 	C:\WINDOWS\System32\msvcp_win.dll
0x00007ffa7c210000 - 0x00007ffa7c310000 	C:\WINDOWS\System32\ucrtbase.dll
0x00007ffa5ee20000 - 0x00007ffa5f0ba000 	C:\WINDOWS\WinSxS\amd64_microsoft.windows.common-controls_6595b64144ccf1df_6.0.19041.4355_none_60b8b9eb71f62e16\COMCTL32.dll
0x00007ffa7c920000 - 0x00007ffa7c94f000 	C:\WINDOWS\System32\IMM32.DLL
0x00007ffa63880000 - 0x00007ffa63895000 	E:\java\jdk1.8.0_211\jre\bin\vcruntime140.dll
0x00007ffa26d00000 - 0x00007ffa26d9b000 	E:\java\jdk1.8.0_211\jre\bin\msvcp140.dll
0x00000000528a0000 - 0x0000000053100000 	E:\java\jdk1.8.0_211\jre\bin\server\jvm.dll
0x00007ffa7ca60000 - 0x00007ffa7ca68000 	C:\WINDOWS\System32\PSAPI.DLL
0x00007ffa68ab0000 - 0x00007ffa68ab9000 	C:\WINDOWS\SYSTEM32\WSOCK32.dll
0x00007ffa659c0000 - 0x00007ffa659e7000 	C:\WINDOWS\SYSTEM32\WINMM.dll
0x00007ffa7d490000 - 0x00007ffa7d4fb000 	C:\WINDOWS\System32\WS2_32.dll
0x00007ffa737c0000 - 0x00007ffa737ca000 	C:\WINDOWS\SYSTEM32\VERSION.dll
0x00007ffa7a5e0000 - 0x00007ffa7a5f2000 	C:\WINDOWS\SYSTEM32\kernel.appcore.dll
0x00007ffa63870000 - 0x00007ffa63880000 	E:\java\jdk1.8.0_211\jre\bin\verify.dll
0x00007ffa26cd0000 - 0x00007ffa26cfb000 	E:\java\jdk1.8.0_211\jre\bin\java.dll
0x00007ffa61720000 - 0x00007ffa61738000 	E:\java\jdk1.8.0_211\jre\bin\zip.dll
0x00007ffa7cd20000 - 0x00007ffa7d48f000 	C:\WINDOWS\System32\SHELL32.dll
0x00007ffa79bb0000 - 0x00007ffa7a353000 	C:\WINDOWS\SYSTEM32\windows.storage.dll
0x00007ffa7d8e0000 - 0x00007ffa7dc35000 	C:\WINDOWS\System32\combase.dll
0x00007ffa7b580000 - 0x00007ffa7b5ab000 	C:\WINDOWS\SYSTEM32\Wldp.dll
0x00007ffa7c830000 - 0x00007ffa7c8fd000 	C:\WINDOWS\System32\OLEAUT32.dll
0x00007ffa7c950000 - 0x00007ffa7c9fd000 	C:\WINDOWS\System32\SHCORE.dll
0x00007ffa7c630000 - 0x00007ffa7c685000 	C:\WINDOWS\System32\shlwapi.dll
0x00007ffa7ba80000 - 0x00007ffa7baa5000 	C:\WINDOWS\SYSTEM32\profapi.dll
0x00007ffa4ecd0000 - 0x00007ffa4ecdd000 	E:\java\jdk1.8.0_211\jre\bin\management.dll
0x00007ffa47750000 - 0x00007ffa4776c000 	E:\java\jdk1.8.0_211\jre\bin\net.dll
0x00007ffa7b2e0000 - 0x00007ffa7b34c000 	C:\WINDOWS\system32\mswsock.dll
0x00007ffa26cb0000 - 0x00007ffa26cc3000 	E:\java\jdk1.8.0_211\jre\bin\nio.dll
0x00007ffa7af70000 - 0x00007ffa7afab000 	C:\WINDOWS\SYSTEM32\IPHLPAPI.DLL
0x00007ffa7e440000 - 0x00007ffa7e448000 	C:\WINDOWS\System32\NSI.dll
0x00007ffa72440000 - 0x00007ffa72457000 	C:\WINDOWS\SYSTEM32\dhcpcsvc6.DLL
0x00007ffa72410000 - 0x00007ffa7242d000 	C:\WINDOWS\SYSTEM32\dhcpcsvc.DLL
0x00007ffa7afc0000 - 0x00007ffa7b08a000 	C:\WINDOWS\SYSTEM32\DNSAPI.dll
0x00007ffa72430000 - 0x00007ffa7243a000 	C:\Windows\System32\rasadhlp.dll
0x00007ffa70560000 - 0x00007ffa705e0000 	C:\WINDOWS\System32\fwpuclnt.dll
0x00007ffa52c60000 - 0x00007ffa52c77000 	C:\WINDOWS\system32\napinsp.dll
0x00007ffa52c40000 - 0x00007ffa52c5b000 	C:\WINDOWS\system32\pnrpnsp.dll
0x00007ffa77580000 - 0x00007ffa77595000 	C:\WINDOWS\system32\wshbth.dll
0x00007ffa75e80000 - 0x00007ffa75e9d000 	C:\WINDOWS\system32\NLAapi.dll
0x00007ffa52c20000 - 0x00007ffa52c32000 	C:\WINDOWS\System32\winrnr.dll
0x00007ffa79710000 - 0x00007ffa798f4000 	C:\WINDOWS\SYSTEM32\dbghelp.dll
0x00007ffa7c310000 - 0x00007ffa7c392000 	C:\WINDOWS\System32\bcryptPrimitives.dll

VM Arguments:
java_command: C:\Users\13214\AppData\Local\Temp\surefire2366950992116309061\surefirebooter2882973961677441436.jar C:\Users\13214\AppData\Local\Temp\surefire2366950992116309061 2025-04-24T13-54-21_080-jvmRun1 surefire162276515387438921tmp surefire_18235929350277311842tmp
java_class_path (initial): C:\Users\13214\AppData\Local\Temp\surefire2366950992116309061\surefirebooter2882973961677441436.jar
Launcher Type: SUN_STANDARD

Environment Variables:
JAVA_HOME=E:\java\jdk1.8.0_211
USERNAME=13214
OS=Windows_NT
PROCESSOR_IDENTIFIER=Intel64 Family 6 Model 158 Stepping 9, GenuineIntel



---------------  S Y S T E M  ---------------

OS: Windows 10.0 , 64 bit Build 19041 (10.0.19041.5678)

CPU:total 8 (initial active 8) (4 cores per cpu, 2 threads per core) family 6 model 158 stepping 9, cmov, cx8, fxsr, mmx, sse, sse2, sse3, ssse3, sse4.1, sse4.2, popcnt, avx, avx2, aes, clmul, erms, 3dnowpref, lzcnt, ht, tsc, tscinvbit, bmi1, bmi2, adx

Memory: 4k page, physical 16658612k(1637640k free), swap 42873008k(34148k free)

vm_info: Java HotSpot(TM) 64-Bit Server VM (25.291-b10) for windows-amd64 JRE (1.8.0_291-b10), built on Apr  9 2021 00:02:00 by "java_re" with MS VC++ 15.9 (VS2017)

time: Thu Apr 24 13:54:29 2025
timezone: 中国标准时间
elapsed time: 3.878221 seconds (0d 0h 0m 3s)

