#
# There is insufficient memory for the Java Runtime Environment to continue.
# Native memory allocation (malloc) failed to allocate 1103376 bytes for Chunk::new
# Possible reasons:
#   The system is out of physical RAM or swap space
#   The process is running with CompressedOops enabled, and the Java Heap may be blocking the growth of the native heap
# Possible solutions:
#   Reduce memory load on the system
#   Increase physical memory or swap space
#   Check if swap backing store is full
#   Decrease Java heap size (-Xmx/-Xms)
#   Decrease number of Java threads
#   Decrease Java thread stack sizes (-Xss)
#   Set larger code cache with -XX:ReservedCodeCacheSize=
#   JVM is running with Zero Based Compressed Oops mode in which the Java heap is
#     placed in the first 32GB address space. The Java Heap base address is the
#     maximum limit for the native heap growth. Please use -XX:HeapBaseMinAddress
#     to set the Java Heap base and to place the Java Heap above 32GB virtual address.
# This output file may be truncated or incomplete.
#
#  Out of Memory Error (allocation.cpp:389), pid=19184, tid=0x00000000000053a4
#
# JRE version: Java(TM) SE Runtime Environment (8.0_291-b10) (build 1.8.0_291-b10)
# Java VM: Java HotSpot(TM) 64-Bit Server VM (25.291-b10 mixed mode windows-amd64 compressed oops)
# Failed to write core dump. Minidumps are not enabled by default on client versions of Windows
#

---------------  T H R E A D  ---------------

Current thread (0x000001051d6d0000):  JavaThread "C2 CompilerThread0" daemon [_thread_in_native, id=21412, stack(0x0000000238500000,0x0000000238600000)]

Stack: [0x0000000238500000,0x0000000238600000]
Native frames: (J=compiled Java code, j=interpreted, Vv=VM code, C=native code)
V  [jvm.dll+0x32ea19]
V  [jvm.dll+0x275462]
V  [jvm.dll+0x27610d]
V  [jvm.dll+0x26cb45]
V  [jvm.dll+0xd524c]
V  [jvm.dll+0xd5a4c]
V  [jvm.dll+0x46fd43]
V  [jvm.dll+0x437a08]
V  [jvm.dll+0x440855]
V  [jvm.dll+0x43fc15]
V  [jvm.dll+0x42aa57]
V  [jvm.dll+0xabeeb]
V  [jvm.dll+0xaa54b]
V  [jvm.dll+0x23db02]
V  [jvm.dll+0x29210c]
C  [ucrtbase.dll+0x21bb2]
C  [KERNEL32.DLL+0x17374]
C  [ntdll.dll+0x4cc91]


Current CompileTask:
C2:   6818 3427   !   4       java.lang.reflect.Executable::sharedToGenericString (329 bytes)


---------------  P R O C E S S  ---------------

Java Threads: ( => current thread )
  0x0000010524321800 JavaThread "spring.cloud.inetutils" daemon [_thread_blocked, id=8412, stack(0x0000000239100000,0x0000000239200000)]
  0x0000010524323800 JavaThread "com.alibaba.nacos.client.Worker.fixed-localhost_8848" daemon [_thread_blocked, id=20648, stack(0x0000000239000000,0x0000000239100000)]
  0x0000010524320800 JavaThread "com.alibaba.nacos.client.config.security.updater" daemon [_thread_blocked, id=20524, stack(0x0000000238f00000,0x0000000239000000)]
  0x0000010524323000 JavaThread "com.alibaba.nacos.client.identify.watcher.0" daemon [_thread_blocked, id=3876, stack(0x0000000238e00000,0x0000000238f00000)]
  0x0000010525bd2000 JavaThread "logback-1" daemon [_thread_blocked, id=9672, stack(0x0000000238d00000,0x0000000238e00000)]
  0x000001051ebb9800 JavaThread "surefire-forkedjvm-ping-30s" daemon [_thread_blocked, id=12884, stack(0x0000000238c00000,0x0000000238d00000)]
  0x000001051eb04800 JavaThread "surefire-forkedjvm-command-thread" daemon [_thread_in_native, id=14460, stack(0x0000000238b00000,0x0000000238c00000)]
  0x000001051d6ee000 JavaThread "Service Thread" daemon [_thread_blocked, id=7844, stack(0x0000000238900000,0x0000000238a00000)]
  0x000001051d6e5800 JavaThread "C1 CompilerThread3" daemon [_thread_blocked, id=13044, stack(0x0000000238800000,0x0000000238900000)]
  0x000001051d6df800 JavaThread "C2 CompilerThread2" daemon [_thread_in_native, id=12776, stack(0x0000000238700000,0x0000000238800000)]
  0x000001051d67a800 JavaThread "C2 CompilerThread1" daemon [_thread_in_native, id=2340, stack(0x0000000238600000,0x0000000238700000)]
=>0x000001051d6d0000 JavaThread "C2 CompilerThread0" daemon [_thread_in_native, id=21412, stack(0x0000000238500000,0x0000000238600000)]
  0x000001051d67a000 JavaThread "Attach Listener" daemon [_thread_blocked, id=19276, stack(0x0000000238400000,0x0000000238500000)]
  0x000001051d6cd000 JavaThread "Signal Dispatcher" daemon [_thread_blocked, id=4540, stack(0x0000000238300000,0x0000000238400000)]
  0x000001051d647800 JavaThread "Finalizer" daemon [_thread_blocked, id=14796, stack(0x0000000238200000,0x0000000238300000)]
  0x000001051d638800 JavaThread "Reference Handler" daemon [_thread_blocked, id=24332, stack(0x0000000238100000,0x0000000238200000)]
  0x0000010502028800 JavaThread "main" [_thread_in_native, id=20068, stack(0x0000000237700000,0x0000000237800000)]

Other Threads:
  0x000001051ca3d800 VMThread [stack: 0x0000000238000000,0x0000000238100000] [id=17996]
  0x000001051e9aa800 WatcherThread [stack: 0x0000000238a00000,0x0000000238b00000] [id=20368]

VM state:not at safepoint (normal execution)

VM Mutex/Monitor currently owned by a thread: None

heap address: 0x00000006c1c00000, size: 4068 MB, Compressed Oops mode: Zero based, Oop shift amount: 3
Narrow klass base: 0x0000000000000000, Narrow klass shift: 3
Compressed class space size: 1073741824 Address: 0x00000007c0000000

Heap:
 PSYoungGen      total 101376K, used 10275K [0x000000076b400000, 0x0000000772580000, 0x00000007c0000000)
  eden space 90624K, 11% used [0x000000076b400000,0x000000076be08f98,0x0000000770c80000)
  from space 10752K, 0% used [0x0000000771700000,0x0000000771700000,0x0000000772180000)
  to   space 10752K, 0% used [0x0000000770c80000,0x0000000770c80000,0x0000000771700000)
 ParOldGen       total 115712K, used 14588K [0x00000006c1c00000, 0x00000006c8d00000, 0x000000076b400000)
  object space 115712K, 12% used [0x00000006c1c00000,0x00000006c2a3f3d8,0x00000006c8d00000)
 Metaspace       used 32838K, capacity 35480K, committed 35584K, reserved 1079296K
  class space    used 4323K, capacity 4780K, committed 4864K, reserved 1048576K

Card table byte_map: [0x0000010512c80000,0x0000010513480000] byte_map_base: 0x000001050f672000

Marking Bits: (ParMarkBitMap*) 0x0000000053087fe0
 Begin Bits: [0x00000105139d0000, 0x0000010517960000)
 End Bits:   [0x0000010517960000, 0x000001051b8f0000)

Polling page: 0x0000010501fc0000

CodeCache: size=245760Kb used=12873Kb max_used=12873Kb free=232886Kb
 bounds [0x00000105038c0000, 0x0000010504560000, 0x00000105128c0000]
 total_blobs=3857 nmethods=3444 adapters=322
 compilation: enabled

Compilation events (10 events):
Event: 6.621 Thread 0x000001051d6e5800 3439       3       org.springframework.core.convert.support.GenericConversionService$Converters::getRegisteredConverter (93 bytes)
Event: 6.621 Thread 0x000001051d6e5800 nmethod 3439 0x0000010504549c10 code [0x0000010504549e00, 0x000001050454a820]
Event: 6.621 Thread 0x000001051d6e5800 3440       3       java.util.concurrent.CopyOnWriteArraySet::iterator (8 bytes)
Event: 6.622 Thread 0x000001051d6e5800 nmethod 3440 0x000001050454ab50 code [0x000001050454acc0, 0x000001050454b138]
Event: 6.627 Thread 0x000001051d6e5800 3441       3       java.util.concurrent.locks.LockSupport::setBlocker (12 bytes)
Event: 6.628 Thread 0x000001051d6e5800 nmethod 3441 0x000001050454b310 code [0x000001050454b460, 0x000001050454b5b8]
Event: 6.726 Thread 0x000001051d6e5800 3442       3       java.util.TreeMap::getEntryUsingComparator (74 bytes)
Event: 6.727 Thread 0x000001051d6e5800 nmethod 3442 0x000001050454b650 code [0x000001050454b7e0, 0x000001050454bbf0]
Event: 6.742 Thread 0x000001051d6e5800 3443       3       java.util.concurrent.ScheduledThreadPoolExecutor::now (4 bytes)
Event: 6.742 Thread 0x000001051d6e5800 nmethod 3443 0x000001050454bd50 code [0x000001050454bea0, 0x000001050454c018]

GC Heap History (10 events):
Event: 3.262 GC heap before
{Heap before GC invocations=4 (full 1):
 PSYoungGen      total 76288K, used 65536K [0x000000076b400000, 0x0000000770900000, 0x00000007c0000000)
  eden space 65536K, 100% used [0x000000076b400000,0x000000076f400000,0x000000076f400000)
  from space 10752K, 0% used [0x000000076fe80000,0x000000076fe80000,0x0000000770900000)
  to   space 10752K, 0% used [0x000000076f400000,0x000000076f400000,0x000000076fe80000)
 ParOldGen       total 115712K, used 9177K [0x00000006c1c00000, 0x00000006c8d00000, 0x000000076b400000)
  object space 115712K, 7% used [0x00000006c1c00000,0x00000006c24f6790,0x00000006c8d00000)
 Metaspace       used 24729K, capacity 26556K, committed 26752K, reserved 1073152K
  class space    used 3239K, capacity 3598K, committed 3712K, reserved 1048576K
Event: 3.268 GC heap after
Heap after GC invocations=4 (full 1):
 PSYoungGen      total 76288K, used 7405K [0x000000076b400000, 0x0000000772180000, 0x00000007c0000000)
  eden space 65536K, 0% used [0x000000076b400000,0x000000076b400000,0x000000076f400000)
  from space 10752K, 68% used [0x000000076f400000,0x000000076fb3b5a0,0x000000076fe80000)
  to   space 10752K, 0% used [0x0000000771700000,0x0000000771700000,0x0000000772180000)
 ParOldGen       total 115712K, used 9185K [0x00000006c1c00000, 0x00000006c8d00000, 0x000000076b400000)
  object space 115712K, 7% used [0x00000006c1c00000,0x00000006c24f8790,0x00000006c8d00000)
 Metaspace       used 24729K, capacity 26556K, committed 26752K, reserved 1073152K
  class space    used 3239K, capacity 3598K, committed 3712K, reserved 1048576K
}
Event: 4.545 GC heap before
{Heap before GC invocations=5 (full 1):
 PSYoungGen      total 76288K, used 72941K [0x000000076b400000, 0x0000000772180000, 0x00000007c0000000)
  eden space 65536K, 100% used [0x000000076b400000,0x000000076f400000,0x000000076f400000)
  from space 10752K, 68% used [0x000000076f400000,0x000000076fb3b5a0,0x000000076fe80000)
  to   space 10752K, 0% used [0x0000000771700000,0x0000000771700000,0x0000000772180000)
 ParOldGen       total 115712K, used 9185K [0x00000006c1c00000, 0x00000006c8d00000, 0x000000076b400000)
  object space 115712K, 7% used [0x00000006c1c00000,0x00000006c24f8790,0x00000006c8d00000)
 Metaspace       used 28530K, capacity 30960K, committed 31104K, reserved 1077248K
  class space    used 3750K, capacity 4204K, committed 4224K, reserved 1048576K
Event: 4.566 GC heap after
Heap after GC invocations=5 (full 1):
 PSYoungGen      total 101376K, used 7649K [0x000000076b400000, 0x0000000772580000, 0x00000007c0000000)
  eden space 90624K, 0% used [0x000000076b400000,0x000000076b400000,0x0000000770c80000)
  from space 10752K, 71% used [0x0000000771700000,0x0000000771e784a8,0x0000000772180000)
  to   space 10752K, 0% used [0x0000000770c80000,0x0000000770c80000,0x0000000771700000)
 ParOldGen       total 115712K, used 9193K [0x00000006c1c00000, 0x00000006c8d00000, 0x000000076b400000)
  object space 115712K, 7% used [0x00000006c1c00000,0x00000006c24fa790,0x00000006c8d00000)
 Metaspace       used 28530K, capacity 30960K, committed 31104K, reserved 1077248K
  class space    used 3750K, capacity 4204K, committed 4224K, reserved 1048576K
}
Event: 6.404 GC heap before
{Heap before GC invocations=6 (full 1):
 PSYoungGen      total 101376K, used 98273K [0x000000076b400000, 0x0000000772580000, 0x00000007c0000000)
  eden space 90624K, 100% used [0x000000076b400000,0x0000000770c80000,0x0000000770c80000)
  from space 10752K, 71% used [0x0000000771700000,0x0000000771e784a8,0x0000000772180000)
  to   space 10752K, 0% used [0x0000000770c80000,0x0000000770c80000,0x0000000771700000)
 ParOldGen       total 115712K, used 9193K [0x00000006c1c00000, 0x00000006c8d00000, 0x000000076b400000)
  object space 115712K, 7% used [0x00000006c1c00000,0x00000006c24fa790,0x00000006c8d00000)
 Metaspace       used 32668K, capacity 35310K, committed 35496K, reserved 1079296K
  class space    used 4298K, capacity 4747K, committed 4864K, reserved 1048576K
Event: 6.418 GC heap after
Heap after GC invocations=6 (full 1):
 PSYoungGen      total 101376K, used 10751K [0x000000076b400000, 0x0000000772580000, 0x00000007c0000000)
  eden space 90624K, 0% used [0x000000076b400000,0x000000076b400000,0x0000000770c80000)
  from space 10752K, 99% used [0x0000000770c80000,0x00000007716ffe00,0x0000000771700000)
  to   space 10752K, 0% used [0x0000000771700000,0x0000000771700000,0x0000000772180000)
 ParOldGen       total 115712K, used 10207K [0x00000006c1c00000, 0x00000006c8d00000, 0x000000076b400000)
  object space 115712K, 8% used [0x00000006c1c00000,0x00000006c25f7e50,0x00000006c8d00000)
 Metaspace       used 32668K, capacity 35310K, committed 35496K, reserved 1079296K
  class space    used 4298K, capacity 4747K, committed 4864K, reserved 1048576K
}
Event: 6.501 GC heap before
{Heap before GC invocations=7 (full 1):
 PSYoungGen      total 101376K, used 17385K [0x000000076b400000, 0x0000000772580000, 0x00000007c0000000)
  eden space 90624K, 7% used [0x000000076b400000,0x000000076ba7a620,0x0000000770c80000)
  from space 10752K, 99% used [0x0000000770c80000,0x00000007716ffe00,0x0000000771700000)
  to   space 10752K, 0% used [0x0000000771700000,0x0000000771700000,0x0000000772180000)
 ParOldGen       total 115712K, used 10207K [0x00000006c1c00000, 0x00000006c8d00000, 0x000000076b400000)
  object space 115712K, 8% used [0x00000006c1c00000,0x00000006c25f7e50,0x00000006c8d00000)
 Metaspace       used 32758K, capacity 35410K, committed 35496K, reserved 1079296K
  class space    used 4310K, capacity 4779K, committed 4864K, reserved 1048576K
Event: 6.507 GC heap after
Heap after GC invocations=7 (full 1):
 PSYoungGen      total 101376K, used 9588K [0x000000076b400000, 0x0000000772580000, 0x00000007c0000000)
  eden space 90624K, 0% used [0x000000076b400000,0x000000076b400000,0x0000000770c80000)
  from space 10752K, 89% used [0x0000000771700000,0x000000077205d030,0x0000000772180000)
  to   space 10752K, 0% used [0x0000000770c80000,0x0000000770c80000,0x0000000771700000)
 ParOldGen       total 115712K, used 10215K [0x00000006c1c00000, 0x00000006c8d00000, 0x000000076b400000)
  object space 115712K, 8% used [0x00000006c1c00000,0x00000006c25f9e50,0x00000006c8d00000)
 Metaspace       used 32758K, capacity 35410K, committed 35496K, reserved 1079296K
  class space    used 4310K, capacity 4779K, committed 4864K, reserved 1048576K
}
Event: 6.507 GC heap before
{Heap before GC invocations=8 (full 2):
 PSYoungGen      total 101376K, used 9588K [0x000000076b400000, 0x0000000772580000, 0x00000007c0000000)
  eden space 90624K, 0% used [0x000000076b400000,0x000000076b400000,0x0000000770c80000)
  from space 10752K, 89% used [0x0000000771700000,0x000000077205d030,0x0000000772180000)
  to   space 10752K, 0% used [0x0000000770c80000,0x0000000770c80000,0x0000000771700000)
 ParOldGen       total 115712K, used 10215K [0x00000006c1c00000, 0x00000006c8d00000, 0x000000076b400000)
  object space 115712K, 8% used [0x00000006c1c00000,0x00000006c25f9e50,0x00000006c8d00000)
 Metaspace       used 32758K, capacity 35410K, committed 35496K, reserved 1079296K
  class space    used 4310K, capacity 4779K, committed 4864K, reserved 1048576K
Event: 6.548 GC heap after
Heap after GC invocations=8 (full 2):
 PSYoungGen      total 101376K, used 0K [0x000000076b400000, 0x0000000772580000, 0x00000007c0000000)
  eden space 90624K, 0% used [0x000000076b400000,0x000000076b400000,0x0000000770c80000)
  from space 10752K, 0% used [0x0000000771700000,0x0000000771700000,0x0000000772180000)
  to   space 10752K, 0% used [0x0000000770c80000,0x0000000770c80000,0x0000000771700000)
 ParOldGen       total 115712K, used 14588K [0x00000006c1c00000, 0x00000006c8d00000, 0x000000076b400000)
  object space 115712K, 12% used [0x00000006c1c00000,0x00000006c2a3f3d8,0x00000006c8d00000)
 Metaspace       used 32758K, capacity 35410K, committed 35496K, reserved 1079296K
  class space    used 4310K, capacity 4779K, committed 4864K, reserved 1048576K
}

Deoptimization events (10 events):
Event: 4.320 Thread 0x0000010502028800 Uncommon trap: reason=unstable_if action=reinterpret pc=0x0000010503f9f9cc method=org.springframework.util.ConcurrentReferenceHashMap$Segment.findInChain(Lorg/springframework/util/ConcurrentReferenceHashMap$Reference;Ljava/lang/Object;I)Lorg/springframewo
Event: 4.577 Thread 0x0000010502028800 Uncommon trap: reason=unstable_if action=reinterpret pc=0x000001050430a2d8 method=java.lang.reflect.Method.equals(Ljava/lang/Object;)Z @ 1
Event: 4.774 Thread 0x0000010502028800 Uncommon trap: reason=unstable_if action=reinterpret pc=0x0000010504379854 method=java.lang.Class$MethodArray.addIfNotPresent(Ljava/lang/reflect/Method;)V @ 19
Event: 4.800 Thread 0x0000010502028800 Uncommon trap: reason=unstable_if action=reinterpret pc=0x0000010504255c9c method=java.lang.invoke.MethodType.checkPtypes([Ljava/lang/Class;)I @ 40
Event: 4.839 Thread 0x0000010502028800 Uncommon trap: reason=unstable_if action=reinterpret pc=0x00000105043e66f8 method=org.springframework.beans.factory.support.AbstractBeanFactory.isTypeMatch(Ljava/lang/String;Lorg/springframework/core/ResolvableType;Z)Z @ 72
Event: 5.334 Thread 0x0000010502028800 Uncommon trap: reason=unstable_if action=reinterpret pc=0x0000010504215adc method=org.springframework.beans.factory.support.DefaultSingletonBeanRegistry.getSingleton(Ljava/lang/String;Z)Ljava/lang/Object; @ 39
Event: 5.404 Thread 0x0000010502028800 Uncommon trap: reason=class_check action=maybe_recompile pc=0x00000105043b86a0 method=java.lang.reflect.Array.newInstance(Ljava/lang/Class;I)Ljava/lang/Object; @ 2
Event: 5.410 Thread 0x0000010502028800 Uncommon trap: reason=class_check action=maybe_recompile pc=0x00000105043b86a0 method=java.lang.reflect.Array.newInstance(Ljava/lang/Class;I)Ljava/lang/Object; @ 2
Event: 5.800 Thread 0x0000010502028800 Uncommon trap: reason=class_check action=maybe_recompile pc=0x00000105043b86a0 method=java.lang.reflect.Array.newInstance(Ljava/lang/Class;I)Ljava/lang/Object; @ 2
Event: 5.800 Thread 0x0000010502028800 Uncommon trap: reason=class_check action=maybe_recompile pc=0x00000105043b86a0 method=java.lang.reflect.Array.newInstance(Ljava/lang/Class;I)Ljava/lang/Object; @ 2

Classes redefined (0 events):
No events

Internal exceptions (10 events):
Event: 6.609 Thread 0x0000010502028800 Exception <a 'java/lang/ClassNotFoundException': java/lang/ObjectCustomizer> (0x000000076bb39df0) thrown at [C:\jenkins\workspace\8-2-build-windows-amd64-cygwin\jdk8u291\1294\hotspot\src\share\vm\classfile\systemDictionary.cpp, line 212]
Event: 6.610 Thread 0x0000010502028800 Exception <a 'java/lang/ClassNotFoundException': org/springframework/cloud/context/environment/EnvironmentManagerCustomizer> (0x000000076bb5eac8) thrown at [C:\jenkins\workspace\8-2-build-windows-amd64-cygwin\jdk8u291\1294\hotspot\src\share\vm\classfile\s
Event: 6.611 Thread 0x0000010502028800 Exception <a 'java/lang/ClassNotFoundException': org/springframework/context/ApplicationEventPublisherAwareCustomizer> (0x000000076bb84798) thrown at [C:\jenkins\workspace\8-2-build-windows-amd64-cygwin\jdk8u291\1294\hotspot\src\share\vm\classfile\systemD
Event: 6.612 Thread 0x0000010502028800 Exception <a 'java/lang/ClassNotFoundException': org/springframework/beans/factory/AwareCustomizer> (0x000000076bb9f850) thrown at [C:\jenkins\workspace\8-2-build-windows-amd64-cygwin\jdk8u291\1294\hotspot\src\share\vm\classfile\systemDictionary.cpp, line
Event: 6.613 Thread 0x0000010502028800 Exception <a 'java/lang/ClassNotFoundException': java/lang/ObjectCustomizer> (0x000000076bbadee8) thrown at [C:\jenkins\workspace\8-2-build-windows-amd64-cygwin\jdk8u291\1294\hotspot\src\share\vm\classfile\systemDictionary.cpp, line 212]
Event: 6.613 Thread 0x0000010502028800 Exception <a 'java/lang/ClassNotFoundException': org/springframework/cloud/client/discovery/composite/CompositeDiscoveryClientAutoConfigurationCustomizer> (0x000000076bbdcf48) thrown at [C:\jenkins\workspace\8-2-build-windows-amd64-cygwin\jdk8u291\1294\ho
Event: 6.616 Thread 0x0000010502028800 Exception <a 'java/lang/ClassNotFoundException': java/lang/ObjectCustomizer> (0x000000076bc02ea0) thrown at [C:\jenkins\workspace\8-2-build-windows-amd64-cygwin\jdk8u291\1294\hotspot\src\share\vm\classfile\systemDictionary.cpp, line 212]
Event: 6.617 Thread 0x0000010502028800 Exception <a 'java/lang/ClassNotFoundException': org/springframework/cloud/client/discovery/simple/SimpleDiscoveryClientAutoConfigurationCustomizer> (0x000000076bc30030) thrown at [C:\jenkins\workspace\8-2-build-windows-amd64-cygwin\jdk8u291\1294\hotspot\
Event: 6.618 Thread 0x0000010502028800 Exception <a 'java/lang/ClassNotFoundException': org/springframework/context/ApplicationListenerCustomizer> (0x000000076bc56ec8) thrown at [C:\jenkins\workspace\8-2-build-windows-amd64-cygwin\jdk8u291\1294\hotspot\src\share\vm\classfile\systemDictionary.c
Event: 6.618 Thread 0x0000010502028800 Exception <a 'java/lang/ClassNotFoundException': java/util/EventListenerCustomizer> (0x000000076bc63890) thrown at [C:\jenkins\workspace\8-2-build-windows-amd64-cygwin\jdk8u291\1294\hotspot\src\share\vm\classfile\systemDictionary.cpp, line 212]

Events (10 events):
Event: 6.618 loading class org/springframework/context/ApplicationListenerCustomizer
Event: 6.618 loading class org/springframework/context/ApplicationListenerCustomizer done
Event: 6.618 loading class java/util/EventListenerCustomizer
Event: 6.618 loading class java/util/EventListenerCustomizer done
Event: 6.618 loading class java/util/EventListenerCustomizer
Event: 6.618 loading class java/util/EventListenerCustomizer done
Event: 6.620 loading class sun/reflect/annotation/AnnotationInvocationHandler$1
Event: 6.620 loading class sun/reflect/annotation/AnnotationInvocationHandler$1 done
Event: 6.621 loading class java/lang/reflect/WeakCache$LookupValue
Event: 6.621 loading class java/lang/reflect/WeakCache$LookupValue done


Dynamic libraries:
0x00007ff64a680000 - 0x00007ff64a6c7000 	E:\java\jdk1.8.0_211\jre\bin\java.exe
0x00007ffa7e530000 - 0x00007ffa7e728000 	C:\WINDOWS\SYSTEM32\ntdll.dll
0x00007ffa7e290000 - 0x00007ffa7e352000 	C:\WINDOWS\System32\KERNEL32.DLL
0x00007ffa7bf10000 - 0x00007ffa7c206000 	C:\WINDOWS\System32\KERNELBASE.dll
0x00007ffa7e1e0000 - 0x00007ffa7e28f000 	C:\WINDOWS\System32\ADVAPI32.dll
0x00007ffa7ca70000 - 0x00007ffa7cb0e000 	C:\WINDOWS\System32\msvcrt.dll
0x00007ffa7e450000 - 0x00007ffa7e4ef000 	C:\WINDOWS\System32\sechost.dll
0x00007ffa7d5e0000 - 0x00007ffa7d703000 	C:\WINDOWS\System32\RPCRT4.dll
0x00007ffa7bd80000 - 0x00007ffa7bda7000 	C:\WINDOWS\System32\bcrypt.dll
0x00007ffa7c690000 - 0x00007ffa7c82d000 	C:\WINDOWS\System32\USER32.dll
0x00007ffa7c520000 - 0x00007ffa7c542000 	C:\WINDOWS\System32\win32u.dll
0x00007ffa7e360000 - 0x00007ffa7e38b000 	C:\WINDOWS\System32\GDI32.dll
0x00007ffa7bbc0000 - 0x00007ffa7bcda000 	C:\WINDOWS\System32\gdi32full.dll
0x00007ffa7bce0000 - 0x00007ffa7bd7d000 	C:\WINDOWS\System32\msvcp_win.dll
0x00007ffa7c210000 - 0x00007ffa7c310000 	C:\WINDOWS\System32\ucrtbase.dll
0x00007ffa5ee20000 - 0x00007ffa5f0ba000 	C:\WINDOWS\WinSxS\amd64_microsoft.windows.common-controls_6595b64144ccf1df_6.0.19041.4355_none_60b8b9eb71f62e16\COMCTL32.dll
0x00007ffa7c920000 - 0x00007ffa7c94f000 	C:\WINDOWS\System32\IMM32.DLL
0x00007ffa63880000 - 0x00007ffa63895000 	E:\java\jdk1.8.0_211\jre\bin\vcruntime140.dll
0x00007ffa26d00000 - 0x00007ffa26d9b000 	E:\java\jdk1.8.0_211\jre\bin\msvcp140.dll
0x00000000528a0000 - 0x0000000053100000 	E:\java\jdk1.8.0_211\jre\bin\server\jvm.dll
0x00007ffa7ca60000 - 0x00007ffa7ca68000 	C:\WINDOWS\System32\PSAPI.DLL
0x00007ffa737c0000 - 0x00007ffa737ca000 	C:\WINDOWS\SYSTEM32\VERSION.dll
0x00007ffa68ab0000 - 0x00007ffa68ab9000 	C:\WINDOWS\SYSTEM32\WSOCK32.dll
0x00007ffa659c0000 - 0x00007ffa659e7000 	C:\WINDOWS\SYSTEM32\WINMM.dll
0x00007ffa7d490000 - 0x00007ffa7d4fb000 	C:\WINDOWS\System32\WS2_32.dll
0x00007ffa7a5e0000 - 0x00007ffa7a5f2000 	C:\WINDOWS\SYSTEM32\kernel.appcore.dll
0x00007ffa63870000 - 0x00007ffa63880000 	E:\java\jdk1.8.0_211\jre\bin\verify.dll
0x00007ffa26cd0000 - 0x00007ffa26cfb000 	E:\java\jdk1.8.0_211\jre\bin\java.dll
0x00007ffa61720000 - 0x00007ffa61738000 	E:\java\jdk1.8.0_211\jre\bin\zip.dll
0x00007ffa7cd20000 - 0x00007ffa7d48f000 	C:\WINDOWS\System32\SHELL32.dll
0x00007ffa79bb0000 - 0x00007ffa7a353000 	C:\WINDOWS\SYSTEM32\windows.storage.dll
0x00007ffa7d8e0000 - 0x00007ffa7dc35000 	C:\WINDOWS\System32\combase.dll
0x00007ffa7b580000 - 0x00007ffa7b5ab000 	C:\WINDOWS\SYSTEM32\Wldp.dll
0x00007ffa7c830000 - 0x00007ffa7c8fd000 	C:\WINDOWS\System32\OLEAUT32.dll
0x00007ffa7c950000 - 0x00007ffa7c9fd000 	C:\WINDOWS\System32\SHCORE.dll
0x00007ffa7c630000 - 0x00007ffa7c685000 	C:\WINDOWS\System32\shlwapi.dll
0x00007ffa7ba80000 - 0x00007ffa7baa5000 	C:\WINDOWS\SYSTEM32\profapi.dll
0x00007ffa4ecd0000 - 0x00007ffa4ecdd000 	E:\java\jdk1.8.0_211\jre\bin\management.dll
0x00007ffa47750000 - 0x00007ffa4776c000 	E:\java\jdk1.8.0_211\jre\bin\net.dll
0x00007ffa7b2e0000 - 0x00007ffa7b34c000 	C:\WINDOWS\system32\mswsock.dll
0x00007ffa26cb0000 - 0x00007ffa26cc3000 	E:\java\jdk1.8.0_211\jre\bin\nio.dll
0x00007ffa7af70000 - 0x00007ffa7afab000 	C:\WINDOWS\SYSTEM32\IPHLPAPI.DLL
0x00007ffa7e440000 - 0x00007ffa7e448000 	C:\WINDOWS\System32\NSI.dll
0x00007ffa72440000 - 0x00007ffa72457000 	C:\WINDOWS\SYSTEM32\dhcpcsvc6.DLL
0x00007ffa72410000 - 0x00007ffa7242d000 	C:\WINDOWS\SYSTEM32\dhcpcsvc.DLL
0x00007ffa7afc0000 - 0x00007ffa7b08a000 	C:\WINDOWS\SYSTEM32\DNSAPI.dll
0x00007ffa72430000 - 0x00007ffa7243a000 	C:\Windows\System32\rasadhlp.dll
0x00007ffa70560000 - 0x00007ffa705e0000 	C:\WINDOWS\System32\fwpuclnt.dll
0x00007ffa52c60000 - 0x00007ffa52c77000 	C:\WINDOWS\system32\napinsp.dll
0x00007ffa52c40000 - 0x00007ffa52c5b000 	C:\WINDOWS\system32\pnrpnsp.dll
0x00007ffa77580000 - 0x00007ffa77595000 	C:\WINDOWS\system32\wshbth.dll
0x00007ffa75e80000 - 0x00007ffa75e9d000 	C:\WINDOWS\system32\NLAapi.dll
0x00007ffa52c20000 - 0x00007ffa52c32000 	C:\WINDOWS\System32\winrnr.dll
0x00007ffa79710000 - 0x00007ffa798f4000 	C:\WINDOWS\SYSTEM32\dbghelp.dll
0x00007ffa7c310000 - 0x00007ffa7c392000 	C:\WINDOWS\System32\bcryptPrimitives.dll

VM Arguments:
java_command: C:\Users\13214\AppData\Local\Temp\surefire574359582713287579\surefirebooter2460697437912961654.jar C:\Users\13214\AppData\Local\Temp\surefire574359582713287579 2025-04-24T13-49-49_101-jvmRun1 surefire6228937862484547202tmp surefire_04738733276644761308tmp
java_class_path (initial): C:\Users\13214\AppData\Local\Temp\surefire574359582713287579\surefirebooter2460697437912961654.jar
Launcher Type: SUN_STANDARD

Environment Variables:
JAVA_HOME=E:\java\jdk1.8.0_211
USERNAME=13214
OS=Windows_NT
PROCESSOR_IDENTIFIER=Intel64 Family 6 Model 158 Stepping 9, GenuineIntel



---------------  S Y S T E M  ---------------

OS: Windows 10.0 , 64 bit Build 19041 (10.0.19041.5678)

CPU:total 8 (initial active 8) (4 cores per cpu, 2 threads per core) family 6 model 158 stepping 9, cmov, cx8, fxsr, mmx, sse, sse2, sse3, ssse3, sse4.1, sse4.2, popcnt, avx, avx2, aes, clmul, erms, 3dnowpref, lzcnt, ht, tsc, tscinvbit, bmi1, bmi2, adx

Memory: 4k page, physical 16658612k(1371124k free), swap 42873008k(16112k free)

vm_info: Java HotSpot(TM) 64-Bit Server VM (25.291-b10) for windows-amd64 JRE (1.8.0_291-b10), built on Apr  9 2021 00:02:00 by "java_re" with MS VC++ 15.9 (VS2017)

time: Thu Apr 24 13:49:56 2025
timezone: 中国标准时间
elapsed time: 6.824720 seconds (0d 0h 0m 6s)

