#
# There is insufficient memory for the Java Runtime Environment to continue.
# Native memory allocation (malloc) failed to allocate 32744 bytes for ChunkPool::allocate
# Possible reasons:
#   The system is out of physical RAM or swap space
#   The process is running with CompressedOops enabled, and the Java Heap may be blocking the growth of the native heap
# Possible solutions:
#   Reduce memory load on the system
#   Increase physical memory or swap space
#   Check if swap backing store is full
#   Decrease Java heap size (-Xmx/-Xms)
#   Decrease number of Java threads
#   Decrease Java thread stack sizes (-Xss)
#   Set larger code cache with -XX:ReservedCodeCacheSize=
#   JVM is running with Zero Based Compressed Oops mode in which the Java heap is
#     placed in the first 32GB address space. The Java Heap base address is the
#     maximum limit for the native heap growth. Please use -XX:HeapBaseMinAddress
#     to set the Java Heap base and to place the Java Heap above 32GB virtual address.
# This output file may be truncated or incomplete.
#
#  Out of Memory Error (allocation.cpp:272), pid=15212, tid=0x0000000000000f54
#
# JRE version: Java(TM) SE Runtime Environment (8.0_291-b10) (build 1.8.0_291-b10)
# Java VM: Java HotSpot(TM) 64-Bit Server VM (25.291-b10 mixed mode windows-amd64 compressed oops)
# Failed to write core dump. Minidumps are not enabled by default on client versions of Windows
#

---------------  T H R E A D  ---------------

Current thread (0x0000020f7f70e000):  JavaThread "C2 CompilerThread2" daemon [_thread_in_native, id=3924, stack(0x000000c1cea00000,0x000000c1ceb00000)]

Stack: [0x000000c1cea00000,0x000000c1ceb00000]
Native frames: (J=compiled Java code, j=interpreted, Vv=VM code, C=native code)
V  [jvm.dll+0x32ea19]


Current CompileTask:
C2:   2836 2501       4      
[error occurred during error reporting (printing current compile task), id 0xe0000001]


---------------  P R O C E S S  ---------------

Java Threads: ( => current thread )
  0x0000020f0fc83800 JavaThread "surefire-forkedjvm-ping-30s" daemon [_thread_blocked, id=4040, stack(0x000000c1cef00000,0x000000c1cf000000)]
  0x0000020f0fb72000 JavaThread "surefire-forkedjvm-command-thread" daemon [_thread_in_native, id=13900, stack(0x000000c1cee00000,0x000000c1cef00000)]
  0x0000020f0fa7a000 JavaThread "Service Thread" daemon [_thread_blocked, id=20860, stack(0x000000c1cec00000,0x000000c1ced00000)]
  0x0000020f7f711800 JavaThread "C1 CompilerThread3" daemon [_thread_in_native, id=17152, stack(0x000000c1ceb00000,0x000000c1cec00000)]
=>0x0000020f7f70e000 JavaThread "C2 CompilerThread2" daemon [_thread_in_native, id=3924, stack(0x000000c1cea00000,0x000000c1ceb00000)]
  0x0000020f7f6b4000 JavaThread "C2 CompilerThread1" daemon [_thread_in_native, id=23808, stack(0x000000c1ce900000,0x000000c1cea00000)]
  0x0000020f7f6b2800 JavaThread "C2 CompilerThread0" daemon [_thread_in_native, id=23156, stack(0x000000c1ce800000,0x000000c1ce900000)]
  0x0000020f7f708000 JavaThread "Attach Listener" daemon [_thread_blocked, id=14460, stack(0x000000c1ce700000,0x000000c1ce800000)]
  0x0000020f7f707000 JavaThread "Signal Dispatcher" daemon [_thread_blocked, id=21060, stack(0x000000c1ce600000,0x000000c1ce700000)]
  0x0000020f7f680800 JavaThread "Finalizer" daemon [_thread_blocked, id=15472, stack(0x000000c1ce500000,0x000000c1ce600000)]
  0x0000020f7f679000 JavaThread "Reference Handler" daemon [_thread_blocked, id=23436, stack(0x000000c1ce400000,0x000000c1ce500000)]
  0x0000020f72fb7000 JavaThread "main" [_thread_in_Java, id=12376, stack(0x000000c1cda00000,0x000000c1cdb00000)]

Other Threads:
  0x0000020f7f653000 VMThread [stack: 0x000000c1ce300000,0x000000c1ce400000] [id=6216]
  0x0000020f7f723000 WatcherThread [stack: 0x000000c1ced00000,0x000000c1cee00000] [id=22200]

VM state:not at safepoint (normal execution)

VM Mutex/Monitor currently owned by a thread: None

heap address: 0x00000006c1c00000, size: 4068 MB, Compressed Oops mode: Zero based, Oop shift amount: 3
Narrow klass base: 0x0000000000000000, Narrow klass shift: 3
Compressed class space size: 1073741824 Address: 0x00000007c0000000

Heap:
 PSYoungGen      total 76288K, used 23457K [0x000000076b400000, 0x0000000772280000, 0x00000007c0000000)
  eden space 65536K, 24% used [0x000000076b400000,0x000000076c385330,0x000000076f400000)
  from space 10752K, 70% used [0x000000076f400000,0x000000076fb63128,0x000000076fe80000)
  to   space 10752K, 0% used [0x0000000771800000,0x0000000771800000,0x0000000772280000)
 ParOldGen       total 112640K, used 9122K [0x00000006c1c00000, 0x00000006c8a00000, 0x000000076b400000)
  object space 112640K, 8% used [0x00000006c1c00000,0x00000006c24e8908,0x00000006c8a00000)
 Metaspace       used 25607K, capacity 27480K, committed 27520K, reserved 1073152K
  class space    used 3354K, capacity 3702K, committed 3712K, reserved 1048576K

Card table byte_map: [0x0000020f74cc0000,0x0000020f754c0000] byte_map_base: 0x0000020f716b2000

Marking Bits: (ParMarkBitMap*) 0x0000000053087fe0
 Begin Bits: [0x0000020f75a10000, 0x0000020f799a0000)
 End Bits:   [0x0000020f799a0000, 0x0000020f7d930000)

Polling page: 0x0000020f748d0000

CodeCache: size=245760Kb used=8362Kb max_used=8373Kb free=237397Kb
 bounds [0x0000020f00000000, 0x0000020f00840000, 0x0000020f0f000000]
 total_blobs=2906 nmethods=2525 adapters=293
 compilation: enabled

Compilation events (10 events):
Event: 2.828 Thread 0x0000020f7f711800 nmethod 2522 0x0000020f0082f7d0 code [0x0000020f0082f920, 0x0000020f0082fa78]
Event: 2.828 Thread 0x0000020f7f711800 2523       3       org.springframework.beans.factory.support.AbstractBeanDefinition::setDestroyMethodName (6 bytes)
Event: 2.828 Thread 0x0000020f7f711800 nmethod 2523 0x0000020f0082f490 code [0x0000020f0082f5e0, 0x0000020f0082f758]
Event: 2.828 Thread 0x0000020f7f711800 2524       3       org.springframework.beans.factory.support.AbstractBeanDefinition::setLenientConstructorResolution (6 bytes)
Event: 2.828 Thread 0x0000020f7f711800 nmethod 2524 0x0000020f0082f150 code [0x0000020f0082f2a0, 0x0000020f0082f3f8]
Event: 2.829 Thread 0x0000020f7f711800 2525       3       org.springframework.boot.autoconfigure.condition.ConditionMessage$Style$2::applyToItem (6 bytes)
Event: 2.829 Thread 0x0000020f7f6b2800 2527       4       org.springframework.util.ClassUtils::resolvePrimitiveIfNecessary (37 bytes)
Event: 2.830 Thread 0x0000020f7f711800 nmethod 2525 0x0000020f0082c250 code [0x0000020f0082c460, 0x0000020f0082d050]
Event: 2.830 Thread 0x0000020f7f711800 2528   !   3       org.springframework.beans.factory.support.AbstractBeanFactory::doGetBean (832 bytes)
Event: 2.832 Thread 0x0000020f7f6b2800 nmethod 2527 0x0000020f00833210 code [0x0000020f00833360, 0x0000020f00833568]

GC Heap History (8 events):
Event: 1.195 GC heap before
{Heap before GC invocations=1 (full 0):
 PSYoungGen      total 76288K, used 65536K [0x000000076b400000, 0x0000000770900000, 0x00000007c0000000)
  eden space 65536K, 100% used [0x000000076b400000,0x000000076f400000,0x000000076f400000)
  from space 10752K, 0% used [0x000000076fe80000,0x000000076fe80000,0x0000000770900000)
  to   space 10752K, 0% used [0x000000076f400000,0x000000076f400000,0x000000076fe80000)
 ParOldGen       total 175104K, used 0K [0x00000006c1c00000, 0x00000006cc700000, 0x000000076b400000)
  object space 175104K, 0% used [0x00000006c1c00000,0x00000006c1c00000,0x00000006cc700000)
 Metaspace       used 14194K, capacity 15202K, committed 15360K, reserved 1062912K
  class space    used 1787K, capacity 1989K, committed 2048K, reserved 1048576K
Event: 1.205 GC heap after
Heap after GC invocations=1 (full 0):
 PSYoungGen      total 76288K, used 9009K [0x000000076b400000, 0x0000000770900000, 0x00000007c0000000)
  eden space 65536K, 0% used [0x000000076b400000,0x000000076b400000,0x000000076f400000)
  from space 10752K, 83% used [0x000000076f400000,0x000000076fccc638,0x000000076fe80000)
  to   space 10752K, 0% used [0x000000076fe80000,0x000000076fe80000,0x0000000770900000)
 ParOldGen       total 175104K, used 16K [0x00000006c1c00000, 0x00000006cc700000, 0x000000076b400000)
  object space 175104K, 0% used [0x00000006c1c00000,0x00000006c1c04000,0x00000006cc700000)
 Metaspace       used 14194K, capacity 15202K, committed 15360K, reserved 1062912K
  class space    used 1787K, capacity 1989K, committed 2048K, reserved 1048576K
}
Event: 2.118 GC heap before
{Heap before GC invocations=2 (full 0):
 PSYoungGen      total 76288K, used 55038K [0x000000076b400000, 0x0000000770900000, 0x00000007c0000000)
  eden space 65536K, 70% used [0x000000076b400000,0x000000076e0f34f0,0x000000076f400000)
  from space 10752K, 83% used [0x000000076f400000,0x000000076fccc638,0x000000076fe80000)
  to   space 10752K, 0% used [0x000000076fe80000,0x000000076fe80000,0x0000000770900000)
 ParOldGen       total 175104K, used 16K [0x00000006c1c00000, 0x00000006cc700000, 0x000000076b400000)
  object space 175104K, 0% used [0x00000006c1c00000,0x00000006c1c04000,0x00000006cc700000)
 Metaspace       used 19677K, capacity 21166K, committed 21296K, reserved 1067008K
  class space    used 2557K, capacity 2863K, committed 2944K, reserved 1048576K
Event: 2.125 GC heap after
Heap after GC invocations=2 (full 0):
 PSYoungGen      total 76288K, used 9633K [0x000000076b400000, 0x0000000770900000, 0x00000007c0000000)
  eden space 65536K, 0% used [0x000000076b400000,0x000000076b400000,0x000000076f400000)
  from space 10752K, 89% used [0x000000076fe80000,0x00000007707e84b0,0x0000000770900000)
  to   space 10752K, 0% used [0x000000076f400000,0x000000076f400000,0x000000076fe80000)
 ParOldGen       total 175104K, used 24K [0x00000006c1c00000, 0x00000006cc700000, 0x000000076b400000)
  object space 175104K, 0% used [0x00000006c1c00000,0x00000006c1c06000,0x00000006cc700000)
 Metaspace       used 19677K, capacity 21166K, committed 21296K, reserved 1067008K
  class space    used 2557K, capacity 2863K, committed 2944K, reserved 1048576K
}
Event: 2.125 GC heap before
{Heap before GC invocations=3 (full 1):
 PSYoungGen      total 76288K, used 9633K [0x000000076b400000, 0x0000000770900000, 0x00000007c0000000)
  eden space 65536K, 0% used [0x000000076b400000,0x000000076b400000,0x000000076f400000)
  from space 10752K, 89% used [0x000000076fe80000,0x00000007707e84b0,0x0000000770900000)
  to   space 10752K, 0% used [0x000000076f400000,0x000000076f400000,0x000000076fe80000)
 ParOldGen       total 175104K, used 24K [0x00000006c1c00000, 0x00000006cc700000, 0x000000076b400000)
  object space 175104K, 0% used [0x00000006c1c00000,0x00000006c1c06000,0x00000006cc700000)
 Metaspace       used 19677K, capacity 21166K, committed 21296K, reserved 1067008K
  class space    used 2557K, capacity 2863K, committed 2944K, reserved 1048576K
Event: 2.149 GC heap after
Heap after GC invocations=3 (full 1):
 PSYoungGen      total 76288K, used 0K [0x000000076b400000, 0x0000000770900000, 0x00000007c0000000)
  eden space 65536K, 0% used [0x000000076b400000,0x000000076b400000,0x000000076f400000)
  from space 10752K, 0% used [0x000000076fe80000,0x000000076fe80000,0x0000000770900000)
  to   space 10752K, 0% used [0x000000076f400000,0x000000076f400000,0x000000076fe80000)
 ParOldGen       total 112640K, used 9114K [0x00000006c1c00000, 0x00000006c8a00000, 0x000000076b400000)
  object space 112640K, 8% used [0x00000006c1c00000,0x00000006c24e6908,0x00000006c8a00000)
 Metaspace       used 19677K, capacity 21166K, committed 21296K, reserved 1067008K
  class space    used 2557K, capacity 2863K, committed 2944K, reserved 1048576K
}
Event: 2.685 GC heap before
{Heap before GC invocations=4 (full 1):
 PSYoungGen      total 76288K, used 65536K [0x000000076b400000, 0x0000000770900000, 0x00000007c0000000)
  eden space 65536K, 100% used [0x000000076b400000,0x000000076f400000,0x000000076f400000)
  from space 10752K, 0% used [0x000000076fe80000,0x000000076fe80000,0x0000000770900000)
  to   space 10752K, 0% used [0x000000076f400000,0x000000076f400000,0x000000076fe80000)
 ParOldGen       total 112640K, used 9114K [0x00000006c1c00000, 0x00000006c8a00000, 0x000000076b400000)
  object space 112640K, 8% used [0x00000006c1c00000,0x00000006c24e6908,0x00000006c8a00000)
 Metaspace       used 24760K, capacity 26616K, committed 26752K, reserved 1073152K
  class space    used 3243K, capacity 3598K, committed 3712K, reserved 1048576K
Event: 2.688 GC heap after
Heap after GC invocations=4 (full 1):
 PSYoungGen      total 76288K, used 7564K [0x000000076b400000, 0x0000000772280000, 0x00000007c0000000)
  eden space 65536K, 0% used [0x000000076b400000,0x000000076b400000,0x000000076f400000)
  from space 10752K, 70% used [0x000000076f400000,0x000000076fb63128,0x000000076fe80000)
  to   space 10752K, 0% used [0x0000000771800000,0x0000000771800000,0x0000000772280000)
 ParOldGen       total 112640K, used 9122K [0x00000006c1c00000, 0x00000006c8a00000, 0x000000076b400000)
  object space 112640K, 8% used [0x00000006c1c00000,0x00000006c24e8908,0x00000006c8a00000)
 Metaspace       used 24760K, capacity 26616K, committed 26752K, reserved 1073152K
  class space    used 3243K, capacity 3598K, committed 3712K, reserved 1048576K
}

Deoptimization events (10 events):
Event: 2.044 Thread 0x0000020f72fb7000 Uncommon trap: reason=unstable_if action=reinterpret pc=0x0000020f0046d588 method=java.net.URL.<init>(Ljava/net/URL;Ljava/lang/String;Ljava/net/URLStreamHandler;)V @ 347
Event: 2.107 Thread 0x0000020f72fb7000 Uncommon trap: reason=array_check action=maybe_recompile pc=0x0000020f005b5d08 method=java.util.AbstractCollection.toArray([Ljava/lang/Object;)[Ljava/lang/Object; @ 119
Event: 2.107 Thread 0x0000020f72fb7000 Uncommon trap: reason=array_check action=maybe_recompile pc=0x0000020f005b5d08 method=java.util.AbstractCollection.toArray([Ljava/lang/Object;)[Ljava/lang/Object; @ 119
Event: 2.107 Thread 0x0000020f72fb7000 Uncommon trap: reason=array_check action=maybe_recompile pc=0x0000020f005b5d08 method=java.util.AbstractCollection.toArray([Ljava/lang/Object;)[Ljava/lang/Object; @ 119
Event: 2.107 Thread 0x0000020f72fb7000 Uncommon trap: reason=array_check action=maybe_recompile pc=0x0000020f005b5d08 method=java.util.AbstractCollection.toArray([Ljava/lang/Object;)[Ljava/lang/Object; @ 119
Event: 2.314 Thread 0x0000020f10f46000 Uncommon trap: reason=unstable_if action=reinterpret pc=0x0000020f0041bc28 method=jdk.internal.org.objectweb.asm.Type.getArgumentsAndReturnSizes(Ljava/lang/String;)I @ 47
Event: 2.426 Thread 0x0000020f72fb7000 Uncommon trap: reason=class_check action=maybe_recompile pc=0x0000020f003f7288 method=java.util.HashMap.putVal(ILjava/lang/Object;Ljava/lang/Object;ZZ)Ljava/lang/Object; @ 203
Event: 2.427 Thread 0x0000020f72fb7000 Uncommon trap: reason=class_check action=maybe_recompile pc=0x0000020f003f7288 method=java.util.HashMap.putVal(ILjava/lang/Object;Ljava/lang/Object;ZZ)Ljava/lang/Object; @ 203
Event: 2.427 Thread 0x0000020f72fb7000 Uncommon trap: reason=class_check action=maybe_recompile pc=0x0000020f003f7288 method=java.util.HashMap.putVal(ILjava/lang/Object;Ljava/lang/Object;ZZ)Ljava/lang/Object; @ 203
Event: 2.702 Thread 0x0000020f72fb7000 Uncommon trap: reason=unstable_if action=reinterpret pc=0x0000020f00555d80 method=java.util.Arrays.equals([Ljava/lang/Object;[Ljava/lang/Object;)Z @ 65

Classes redefined (0 events):
No events

Internal exceptions (10 events):
Event: 2.233 Thread 0x0000020f72fb7000 Exception <a 'java/lang/ClassNotFoundException': org/springframework/context/ApplicationStartupAwareCustomizer> (0x000000076c42c418) thrown at [C:\jenkins\workspace\8-2-build-windows-amd64-cygwin\jdk8u291\1294\hotspot\src\share\vm\classfile\systemDictiona
Event: 2.234 Thread 0x0000020f72fb7000 Exception <a 'java/lang/ClassNotFoundException': org/springframework/beans/factory/AwareCustomizer> (0x000000076c447380) thrown at [C:\jenkins\workspace\8-2-build-windows-amd64-cygwin\jdk8u291\1294\hotspot\src\share\vm\classfile\systemDictionary.cpp, line
Event: 2.234 Thread 0x0000020f72fb7000 Exception <a 'java/lang/ClassNotFoundException': org/springframework/beans/factory/BeanClassLoaderAwareCustomizer> (0x000000076c465e40) thrown at [C:\jenkins\workspace\8-2-build-windows-amd64-cygwin\jdk8u291\1294\hotspot\src\share\vm\classfile\systemDicti
Event: 2.235 Thread 0x0000020f72fb7000 Exception <a 'java/lang/ClassNotFoundException': org/springframework/beans/factory/AwareCustomizer> (0x000000076c4d3818) thrown at [C:\jenkins\workspace\8-2-build-windows-amd64-cygwin\jdk8u291\1294\hotspot\src\share\vm\classfile\systemDictionary.cpp, line
Event: 2.235 Thread 0x0000020f72fb7000 Exception <a 'java/lang/ClassNotFoundException': org/springframework/context/EnvironmentAwareCustomizer> (0x000000076c4eec60) thrown at [C:\jenkins\workspace\8-2-build-windows-amd64-cygwin\jdk8u291\1294\hotspot\src\share\vm\classfile\systemDictionary.cpp,
Event: 2.236 Thread 0x0000020f72fb7000 Exception <a 'java/lang/ClassNotFoundException': org/springframework/beans/factory/AwareCustomizer> (0x000000076c509638) thrown at [C:\jenkins\workspace\8-2-build-windows-amd64-cygwin\jdk8u291\1294\hotspot\src\share\vm\classfile\systemDictionary.cpp, line
Event: 2.299 Thread 0x0000020f72fb7000 Exception <a 'java/lang/NoSuchMethodError': java.lang.Object.lambda$getAllAnnotationAttributes$0(Lorg/springframework/util/MultiValueMap;)Lorg/springframework/util/MultiValueMap;> (0x000000076cd809b0) thrown at [C:\jenkins\workspace\8-2-build-windows-amd6
Event: 2.299 Thread 0x0000020f72fb7000 Exception <a 'java/lang/NoSuchMethodError': java.lang.Object.lambda$identity$2(Ljava/lang/Object;)Ljava/lang/Object;> (0x000000076cd84430) thrown at [C:\jenkins\workspace\8-2-build-windows-amd64-cygwin\jdk8u291\1294\hotspot\src\share\vm\interpreter\linkRe
Event: 2.319 Thread 0x0000020f10f46000 Exception <a 'java/lang/IncompatibleClassChangeError': Found class java.lang.Object, but interface was expected> (0x000000076cf32308) thrown at [C:\jenkins\workspace\8-2-build-windows-amd64-cygwin\jdk8u291\1294\hotspot\src\share\vm\interpreter\linkResolve
Event: 2.376 Thread 0x0000020f72fb7000 Exception <a 'java/lang/IncompatibleClassChangeError': Found class java.lang.Object, but interface was expected> (0x000000076d936058) thrown at [C:\jenkins\workspace\8-2-build-windows-amd64-cygwin\jdk8u291\1294\hotspot\src\share\vm\interpreter\linkResolve

Events (10 events):
Event: 2.828 loading class org/springframework/cloud/client/ReactiveCommonsClientAutoConfiguration
Event: 2.828 loading class org/springframework/cloud/client/ReactiveCommonsClientAutoConfiguration done
Event: 2.830 loading class org/springframework/cloud/commons/httpclient/ApacheHttpClientConnectionManagerFactory
Event: 2.830 loading class org/springframework/cloud/commons/httpclient/ApacheHttpClientConnectionManagerFactory done
Event: 2.831 loading class org/springframework/cloud/client/serviceregistry/ServiceRegistryAutoConfiguration
Event: 2.831 loading class org/springframework/cloud/client/serviceregistry/ServiceRegistryAutoConfiguration done
Event: 2.832 loading class org/springframework/cloud/commons/httpclient/HttpClientConfiguration$ApacheHttpClientConfiguration
Event: 2.832 loading class org/springframework/cloud/commons/httpclient/HttpClientConfiguration$ApacheHttpClientConfiguration done
Event: 2.833 loading class org/apache/http/impl/client/HttpClientBuilder
Event: 2.833 loading class org/apache/http/impl/client/HttpClientBuilder done


Dynamic libraries:
0x00007ff64a680000 - 0x00007ff64a6c7000 	E:\java\jdk1.8.0_211\jre\bin\java.exe
0x00007ffa7e530000 - 0x00007ffa7e728000 	C:\WINDOWS\SYSTEM32\ntdll.dll
0x00007ffa7e290000 - 0x00007ffa7e352000 	C:\WINDOWS\System32\KERNEL32.DLL
0x00007ffa7bf10000 - 0x00007ffa7c206000 	C:\WINDOWS\System32\KERNELBASE.dll
0x00007ffa7e1e0000 - 0x00007ffa7e28f000 	C:\WINDOWS\System32\ADVAPI32.dll
0x00007ffa7ca70000 - 0x00007ffa7cb0e000 	C:\WINDOWS\System32\msvcrt.dll
0x00007ffa7e450000 - 0x00007ffa7e4ef000 	C:\WINDOWS\System32\sechost.dll
0x00007ffa7d5e0000 - 0x00007ffa7d703000 	C:\WINDOWS\System32\RPCRT4.dll
0x00007ffa7bd80000 - 0x00007ffa7bda7000 	C:\WINDOWS\System32\bcrypt.dll
0x00007ffa7c690000 - 0x00007ffa7c82d000 	C:\WINDOWS\System32\USER32.dll
0x00007ffa7c520000 - 0x00007ffa7c542000 	C:\WINDOWS\System32\win32u.dll
0x00007ffa7e360000 - 0x00007ffa7e38b000 	C:\WINDOWS\System32\GDI32.dll
0x00007ffa7bbc0000 - 0x00007ffa7bcda000 	C:\WINDOWS\System32\gdi32full.dll
0x00007ffa7bce0000 - 0x00007ffa7bd7d000 	C:\WINDOWS\System32\msvcp_win.dll
0x00007ffa7c210000 - 0x00007ffa7c310000 	C:\WINDOWS\System32\ucrtbase.dll
0x00007ffa5ee20000 - 0x00007ffa5f0ba000 	C:\WINDOWS\WinSxS\amd64_microsoft.windows.common-controls_6595b64144ccf1df_6.0.19041.4355_none_60b8b9eb71f62e16\COMCTL32.dll
0x00007ffa7c920000 - 0x00007ffa7c94f000 	C:\WINDOWS\System32\IMM32.DLL
0x00007ffa63880000 - 0x00007ffa63895000 	E:\java\jdk1.8.0_211\jre\bin\vcruntime140.dll
0x00007ffa26d00000 - 0x00007ffa26d9b000 	E:\java\jdk1.8.0_211\jre\bin\msvcp140.dll
0x00000000528a0000 - 0x0000000053100000 	E:\java\jdk1.8.0_211\jre\bin\server\jvm.dll
0x00007ffa7ca60000 - 0x00007ffa7ca68000 	C:\WINDOWS\System32\PSAPI.DLL
0x00007ffa68ab0000 - 0x00007ffa68ab9000 	C:\WINDOWS\SYSTEM32\WSOCK32.dll
0x00007ffa737c0000 - 0x00007ffa737ca000 	C:\WINDOWS\SYSTEM32\VERSION.dll
0x00007ffa7d490000 - 0x00007ffa7d4fb000 	C:\WINDOWS\System32\WS2_32.dll
0x00007ffa659c0000 - 0x00007ffa659e7000 	C:\WINDOWS\SYSTEM32\WINMM.dll
0x00007ffa7a5e0000 - 0x00007ffa7a5f2000 	C:\WINDOWS\SYSTEM32\kernel.appcore.dll
0x00007ffa63870000 - 0x00007ffa63880000 	E:\java\jdk1.8.0_211\jre\bin\verify.dll
0x00007ffa26cd0000 - 0x00007ffa26cfb000 	E:\java\jdk1.8.0_211\jre\bin\java.dll
0x00007ffa61720000 - 0x00007ffa61738000 	E:\java\jdk1.8.0_211\jre\bin\zip.dll
0x00007ffa7cd20000 - 0x00007ffa7d48f000 	C:\WINDOWS\System32\SHELL32.dll
0x00007ffa79bb0000 - 0x00007ffa7a353000 	C:\WINDOWS\SYSTEM32\windows.storage.dll
0x00007ffa7d8e0000 - 0x00007ffa7dc35000 	C:\WINDOWS\System32\combase.dll
0x00007ffa7b580000 - 0x00007ffa7b5ab000 	C:\WINDOWS\SYSTEM32\Wldp.dll
0x00007ffa7c830000 - 0x00007ffa7c8fd000 	C:\WINDOWS\System32\OLEAUT32.dll
0x00007ffa7c950000 - 0x00007ffa7c9fd000 	C:\WINDOWS\System32\SHCORE.dll
0x00007ffa7c630000 - 0x00007ffa7c685000 	C:\WINDOWS\System32\shlwapi.dll
0x00007ffa7ba80000 - 0x00007ffa7baa5000 	C:\WINDOWS\SYSTEM32\profapi.dll
0x00007ffa4ecd0000 - 0x00007ffa4ecdd000 	E:\java\jdk1.8.0_211\jre\bin\management.dll
0x00007ffa47750000 - 0x00007ffa4776c000 	E:\java\jdk1.8.0_211\jre\bin\net.dll
0x00007ffa7b2e0000 - 0x00007ffa7b34c000 	C:\WINDOWS\system32\mswsock.dll
0x00007ffa26cb0000 - 0x00007ffa26cc3000 	E:\java\jdk1.8.0_211\jre\bin\nio.dll
0x00007ffa7af70000 - 0x00007ffa7afab000 	C:\WINDOWS\SYSTEM32\IPHLPAPI.DLL
0x00007ffa7e440000 - 0x00007ffa7e448000 	C:\WINDOWS\System32\NSI.dll
0x00007ffa72440000 - 0x00007ffa72457000 	C:\WINDOWS\SYSTEM32\dhcpcsvc6.DLL
0x00007ffa72410000 - 0x00007ffa7242d000 	C:\WINDOWS\SYSTEM32\dhcpcsvc.DLL
0x00007ffa7afc0000 - 0x00007ffa7b08a000 	C:\WINDOWS\SYSTEM32\DNSAPI.dll
0x00007ffa72430000 - 0x00007ffa7243a000 	C:\Windows\System32\rasadhlp.dll
0x00007ffa70560000 - 0x00007ffa705e0000 	C:\WINDOWS\System32\fwpuclnt.dll
0x00007ffa52c60000 - 0x00007ffa52c77000 	C:\WINDOWS\system32\napinsp.dll
0x00007ffa52c40000 - 0x00007ffa52c5b000 	C:\WINDOWS\system32\pnrpnsp.dll
0x00007ffa77580000 - 0x00007ffa77595000 	C:\WINDOWS\system32\wshbth.dll
0x00007ffa75e80000 - 0x00007ffa75e9d000 	C:\WINDOWS\system32\NLAapi.dll
0x00007ffa52c20000 - 0x00007ffa52c32000 	C:\WINDOWS\System32\winrnr.dll

VM Arguments:
java_command: C:\Users\13214\AppData\Local\Temp\surefire8297978635680847268\surefirebooter2725025632990496576.jar C:\Users\13214\AppData\Local\Temp\surefire8297978635680847268 2025-04-24T13-22-51_868-jvmRun1 surefire785605675723548612tmp surefire_01419172567596060097tmp
java_class_path (initial): C:\Users\13214\AppData\Local\Temp\surefire8297978635680847268\surefirebooter2725025632990496576.jar
Launcher Type: SUN_STANDARD

Environment Variables:
JAVA_HOME=E:\java\jdk1.8.0_211
USERNAME=13214
OS=Windows_NT
PROCESSOR_IDENTIFIER=Intel64 Family 6 Model 158 Stepping 9, GenuineIntel



---------------  S Y S T E M  ---------------

OS: Windows 10.0 , 64 bit Build 19041 (10.0.19041.5678)

CPU:total 8 (initial active 8) (4 cores per cpu, 2 threads per core) family 6 model 158 stepping 9, cmov, cx8, fxsr, mmx, sse, sse2, sse3, ssse3, sse4.1, sse4.2, popcnt, avx, avx2, aes, clmul, erms, 3dnowpref, lzcnt, ht, tsc, tscinvbit, bmi1, bmi2, adx

Memory: 4k page, physical 16658612k(2588588k free), swap 42873008k(4320k free)

vm_info: Java HotSpot(TM) 64-Bit Server VM (25.291-b10) for windows-amd64 JRE (1.8.0_291-b10), built on Apr  9 2021 00:02:00 by "java_re" with MS VC++ 15.9 (VS2017)

time: Thu Apr 24 13:22:55 2025
timezone: 中国标准时间
elapsed time: 2.841876 seconds (0d 0h 0m 2s)

