#
# There is insufficient memory for the Java Runtime Environment to continue.
# Native memory allocation (malloc) failed to allocate 156976 bytes for Chunk::new
# Possible reasons:
#   The system is out of physical RAM or swap space
#   The process is running with CompressedOops enabled, and the Java Heap may be blocking the growth of the native heap
# Possible solutions:
#   Reduce memory load on the system
#   Increase physical memory or swap space
#   Check if swap backing store is full
#   Decrease Java heap size (-Xmx/-Xms)
#   Decrease number of Java threads
#   Decrease Java thread stack sizes (-Xss)
#   Set larger code cache with -XX:ReservedCodeCacheSize=
#   JVM is running with Zero Based Compressed Oops mode in which the Java heap is
#     placed in the first 32GB address space. The Java Heap base address is the
#     maximum limit for the native heap growth. Please use -XX:HeapBaseMinAddress
#     to set the Java Heap base and to place the Java Heap above 32GB virtual address.
# This output file may be truncated or incomplete.
#
#  Out of Memory Error (allocation.cpp:389), pid=18276, tid=0x0000000000002f8c
#
# JRE version: Java(TM) SE Runtime Environment (8.0_291-b10) (build 1.8.0_291-b10)
# Java VM: Java HotSpot(TM) 64-Bit Server VM (25.291-b10 mixed mode windows-amd64 compressed oops)
# Failed to write core dump. Minidumps are not enabled by default on client versions of Windows
#

---------------  T H R E A D  ---------------

Current thread (0x000002023ca98000):  JavaThread "C2 CompilerThread0" daemon [_thread_in_native, id=12172, stack(0x000000e264f00000,0x000000e265000000)]

Stack: [0x000000e264f00000,0x000000e265000000]
Native frames: (J=compiled Java code, j=interpreted, Vv=VM code, C=native code)
V  [jvm.dll+0x32ea19]
V  [jvm.dll+0x275462]
V  [jvm.dll+0x27610d]
V  [jvm.dll+0x26cb45]
V  [jvm.dll+0xd524c]
V  [jvm.dll+0xd5a4c]
V  [jvm.dll+0x48bad6]
V  [jvm.dll+0x437a1d]
V  [jvm.dll+0x440855]
V  [jvm.dll+0x43fc15]
V  [jvm.dll+0x42aa57]
V  [jvm.dll+0xabeeb]
V  [jvm.dll+0xaa54b]
V  [jvm.dll+0x23db02]
V  [jvm.dll+0x29210c]
C  [ucrtbase.dll+0x21bb2]
C  [KERNEL32.DLL+0x17374]
C  [ntdll.dll+0x4cc91]


Current CompileTask:
C2:   2801 1663       4       org.springframework.boot.context.properties.source.ConfigurationPropertyName$ElementsParser::parse (234 bytes)


---------------  P R O C E S S  ---------------

Java Threads: ( => current thread )
  0x000002023f179000 JavaThread "background-preinit" [_thread_in_vm, id=10096, stack(0x000000e265700000,0x000000e265800000)]
  0x000002023df95800 JavaThread "surefire-forkedjvm-ping-30s" daemon [_thread_blocked, id=18720, stack(0x000000e265600000,0x000000e265700000)]
  0x000002023deb8800 JavaThread "surefire-forkedjvm-command-thread" daemon [_thread_in_native, id=22824, stack(0x000000e265500000,0x000000e265600000)]
  0x000002023dda5000 JavaThread "Service Thread" daemon [_thread_blocked, id=24504, stack(0x000000e265300000,0x000000e265400000)]
  0x000002023cab8800 JavaThread "C1 CompilerThread3" daemon [_thread_blocked, id=24024, stack(0x000000e265200000,0x000000e265300000)]
  0x000002023ca9f800 JavaThread "C2 CompilerThread2" daemon [_thread_blocked, id=16556, stack(0x000000e265100000,0x000000e265200000)]
  0x000002023ca43000 JavaThread "C2 CompilerThread1" daemon [_thread_blocked, id=11192, stack(0x000000e265000000,0x000000e265100000)]
=>0x000002023ca98000 JavaThread "C2 CompilerThread0" daemon [_thread_in_native, id=12172, stack(0x000000e264f00000,0x000000e265000000)]
  0x000002023ca97000 JavaThread "Attach Listener" daemon [_thread_blocked, id=25416, stack(0x000000e264e00000,0x000000e264f00000)]
  0x000002023ca96000 JavaThread "Signal Dispatcher" daemon [_thread_blocked, id=4980, stack(0x000000e264d00000,0x000000e264e00000)]
  0x000002023ca10800 JavaThread "Finalizer" daemon [_thread_blocked, id=20152, stack(0x000000e264b00000,0x000000e264c00000)]
  0x000002023ca09800 JavaThread "Reference Handler" daemon [_thread_blocked, id=3556, stack(0x000000e264a00000,0x000000e264b00000)]
  0x00000202212b8000 JavaThread "main" [_thread_in_vm, id=7756, stack(0x000000e264000000,0x000000e264100000)]

Other Threads:
  0x000002023c9e0800 VMThread [stack: 0x000000e264900000,0x000000e264a00000] [id=9924]
  0x000002023ddaa800 WatcherThread [stack: 0x000000e265400000,0x000000e265500000] [id=13852]

VM state:not at safepoint (normal execution)

VM Mutex/Monitor currently owned by a thread: None

heap address: 0x00000006c1c00000, size: 4068 MB, Compressed Oops mode: Zero based, Oop shift amount: 3
Narrow klass base: 0x0000000000000000, Narrow klass shift: 3
Compressed class space size: 1073741824 Address: 0x00000007c0000000

Heap:
 PSYoungGen      total 76288K, used 21377K [0x000000076b400000, 0x0000000770900000, 0x00000007c0000000)
  eden space 65536K, 32% used [0x000000076b400000,0x000000076c8e0530,0x000000076f400000)
  from space 10752K, 0% used [0x000000076fe80000,0x000000076fe80000,0x0000000770900000)
  to   space 10752K, 0% used [0x000000076f400000,0x000000076f400000,0x000000076fe80000)
 ParOldGen       total 112640K, used 9105K [0x00000006c1c00000, 0x00000006c8a00000, 0x000000076b400000)
  object space 112640K, 8% used [0x00000006c1c00000,0x00000006c24e4468,0x00000006c8a00000)
 Metaspace       used 22290K, capacity 23832K, committed 24064K, reserved 1071104K
  class space    used 2905K, capacity 3212K, committed 3328K, reserved 1048576K

Card table byte_map: [0x00000202320b0000,0x00000202328b0000] byte_map_base: 0x000002022eaa2000

Marking Bits: (ParMarkBitMap*) 0x0000000053087fe0
 Begin Bits: [0x0000020232e00000, 0x0000020236d90000)
 End Bits:   [0x0000020236d90000, 0x000002023ad20000)

Polling page: 0x0000020221470000

CodeCache: size=245760Kb used=5805Kb max_used=5818Kb free=239954Kb
 bounds [0x0000020222cf0000, 0x00000202232b0000, 0x0000020231cf0000]
 total_blobs=2108 nmethods=1730 adapters=289
 compilation: disabled (not enough contiguous free space left)

Compilation events (10 events):
Event: 2.635 Thread 0x000002023cab8800 nmethod 1731 0x0000020223299fd0 code [0x000002022329a160, 0x000002022329a460]
Event: 2.635 Thread 0x000002023cab8800 1732       3       java.util.stream.MatchOps::makeInt (29 bytes)
Event: 2.636 Thread 0x000002023cab8800 nmethod 1732 0x000002022329a590 code [0x000002022329a780, 0x000002022329b0c0]
Event: 2.636 Thread 0x000002023cab8800 1719       3       org.springframework.util.ConcurrentReferenceHashMap::put (32 bytes)
Event: 2.636 Thread 0x000002023cab8800 nmethod 1719 0x000002022329b5d0 code [0x000002022329b7a0, 0x000002022329bf70]
Event: 2.636 Thread 0x000002023cab8800 1734       3       org.springframework.boot.context.config.ConfigDataEnvironmentContributors$$Lambda$412/888287133::test (12 bytes)
Event: 2.636 Thread 0x000002023cab8800 nmethod 1734 0x000002022329f450 code [0x000002022329f5c0, 0x000002022329f918]
Event: 2.636 Thread 0x000002023cab8800 1735       3       org.springframework.boot.context.config.ConfigDataEnvironmentContributor::iterator (10 bytes)
Event: 2.636 Thread 0x000002023cab8800 nmethod 1735 0x000002022329fa50 code [0x000002022329fbc0, 0x000002022329fe10]
Event: 2.638 Thread 0x000002023ca43000 


GC Heap History (2 events):
Event: 1.507 GC heap before
{Heap before GC invocations=1 (full 0):
 PSYoungGen      total 76288K, used 65536K [0x000000076b400000, 0x0000000770900000, 0x00000007c0000000)
  eden space 65536K, 100% used [0x000000076b400000,0x000000076f400000,0x000000076f400000)
  from space 10752K, 0% used [0x000000076fe80000,0x000000076fe80000,0x0000000770900000)
  to   space 10752K, 0% used [0x000000076f400000,0x000000076f400000,0x000000076fe80000)
 ParOldGen       total 175104K, used 0K [0x00000006c1c00000, 0x00000006cc700000, 0x000000076b400000)
  object space 175104K, 0% used [0x00000006c1c00000,0x00000006c1c00000,0x00000006cc700000)
 Metaspace       used 14200K, capacity 15202K, committed 15360K, reserved 1062912K
  class space    used 1783K, capacity 1989K, committed 2048K, reserved 1048576K
Event: 1.516 GC heap after
Heap after GC invocations=1 (full 0):
 PSYoungGen      total 76288K, used 8945K [0x000000076b400000, 0x0000000770900000, 0x00000007c0000000)
  eden space 65536K, 0% used [0x000000076b400000,0x000000076b400000,0x000000076f400000)
  from space 10752K, 83% used [0x000000076f400000,0x000000076fcbc6e0,0x000000076fe80000)
  to   space 10752K, 0% used [0x000000076fe80000,0x000000076fe80000,0x0000000770900000)
 ParOldGen       total 175104K, used 24K [0x00000006c1c00000, 0x00000006cc700000, 0x000000076b400000)
  object space 175104K, 0% used [0x00000006c1c00000,0x00000006c1c06000,0x00000006cc700000)
 Metaspace       used 14200K, capacity 15202K, committed 15360K, reserved 1062912K
  class space    used 1783K, capacity 1989K, committed 2048K, reserved 1048576K
}

Deoptimization events (10 events):
Event: 1.366 Thread 0x00000202212b8000 Uncommon trap: reason=unstable_if action=reinterpret pc=0x00000202230c973c method=jdk.internal.org.objectweb.asm.Item.isEqualTo(Ljdk/internal/org/objectweb/asm/Item;)Z @ 331
Event: 1.376 Thread 0x00000202212b8000 Uncommon trap: reason=unstable_if action=reinterpret pc=0x00000202230ba648 method=java.util.Properties$LineReader.readLine()I @ 105
Event: 1.405 Thread 0x00000202212b8000 Uncommon trap: reason=range_check action=make_not_entrant pc=0x0000020222f86ee8 method=sun.reflect.generics.parser.SignatureParser.current()C @ 34
Event: 1.635 Thread 0x00000202212b8000 Uncommon trap: reason=unstable_if action=reinterpret pc=0x00000202230e6064 method=java.util.HashMap.putVal(ILjava/lang/Object;Ljava/lang/Object;ZZ)Ljava/lang/Object; @ 236
Event: 1.638 Thread 0x00000202212b8000 Uncommon trap: reason=unstable_if action=reinterpret pc=0x000002022314af40 method=java.util.concurrent.ConcurrentHashMap.putVal(Ljava/lang/Object;Ljava/lang/Object;Z)Ljava/lang/Object; @ 181
Event: 2.266 Thread 0x00000202212b8000 Uncommon trap: reason=unstable_if action=reinterpret pc=0x00000202231bc5b4 method=org.springframework.boot.context.properties.source.ConfigurationPropertyName$ElementsParser.parse(Ljava/util/function/Function;)Lorg/springframework/boot/context/properties/
Event: 2.266 Thread 0x00000202212b8000 Uncommon trap: reason=unstable_if action=reinterpret pc=0x00000202231831a8 method=org.springframework.boot.context.properties.source.ConfigurationPropertyName$ElementsParser.updateType(Lorg/springframework/boot/context/properties/source/ConfigurationPrope
Event: 2.389 Thread 0x00000202212b8000 Uncommon trap: reason=unstable_if action=reinterpret pc=0x0000020222f9fc64 method=java.util.HashMap.hash(Ljava/lang/Object;)I @ 1
Event: 2.549 Thread 0x00000202212b8000 Uncommon trap: reason=predicate action=maybe_recompile pc=0x00000202232714d4 method=java.util.AbstractCollection.toArray([Ljava/lang/Object;)[Ljava/lang/Object; @ 49
Event: 2.552 Thread 0x00000202212b8000 Uncommon trap: reason=unstable_if action=reinterpret pc=0x0000020223165600 method=java.net.URL.<init>(Ljava/net/URL;Ljava/lang/String;Ljava/net/URLStreamHandler;)V @ 347

Classes redefined (0 events):
No events

Internal exceptions (10 events):
Event: 1.560 Thread 0x00000202212b8000 Exception <a 'java/lang/NoSuchMethodError': java.lang.Object.lambda$static$0(Lorg/springframework/boot/WebApplicationType;)Lorg/springframework/context/ConfigurableApplicationContext;> (0x000000076b876fb0) thrown at [C:\jenkins\workspace\8-2-build-windows
Event: 1.568 Thread 0x00000202212b8000 Exception <a 'java/lang/IncompatibleClassChangeError': Found class java.lang.Object, but interface was expected> (0x000000076b92f620) thrown at [C:\jenkins\workspace\8-2-build-windows-amd64-cygwin\jdk8u291\1294\hotspot\src\share\vm\interpreter\linkResolve
Event: 1.622 Thread 0x00000202212b8000 Exception <a 'java/lang/NoSuchMethodError': java.lang.Object.lambda$fromSpringFactories$0(Ljava/lang/ClassLoader;)Ljava/util/List;> (0x000000076bcddcf8) thrown at [C:\jenkins\workspace\8-2-build-windows-amd64-cygwin\jdk8u291\1294\hotspot\src\share\vm\inte
Event: 1.646 Thread 0x00000202212b8000 Exception <a 'java/lang/NoSuchMethodError': java.lang.Object.lambda$or$2(Ljava/util/function/BiPredicate;Ljava/lang/Object;Ljava/lang/Object;)Z> (0x000000076be7cb98) thrown at [C:\jenkins\workspace\8-2-build-windows-amd64-cygwin\jdk8u291\1294\hotspot\src\
Event: 1.647 Thread 0x00000202212b8000 Exception <a 'java/lang/NoSuchMethodError': java.lang.Object.lambda$chars$0()Ljava/util/Spliterator$OfInt;> (0x000000076be8c6d0) thrown at [C:\jenkins\workspace\8-2-build-windows-amd64-cygwin\jdk8u291\1294\hotspot\src\share\vm\interpreter\linkResolver.cpp
Event: 1.656 Thread 0x00000202212b8000 Exception <a 'java/lang/IncompatibleClassChangeError': Found class java.lang.Object, but interface was expected> (0x000000076bf13500) thrown at [C:\jenkins\workspace\8-2-build-windows-amd64-cygwin\jdk8u291\1294\hotspot\src\share\vm\interpreter\linkResolve
Event: 2.296 Thread 0x00000202212b8000 Exception <a 'java/lang/NoSuchMethodError': java.lang.Object.lambda$from$1(Ljava/util/function/Supplier;Lorg/springframework/boot/BootstrapContext;)Ljava/lang/Object;> (0x000000076c5755f0) thrown at [C:\jenkins\workspace\8-2-build-windows-amd64-cygwin\jdk
Event: 2.389 Thread 0x00000202212b8000 Implicit null exception at 0x0000020222f9fa55 to 0x0000020222f9fc55
Event: 2.429 Thread 0x00000202212b8000 Exception <a 'java/lang/NoSuchMethodError': java.lang.Object.lambda$comparingByKey$6d558cbf$1(Ljava/util/Comparator;Ljava/util/Map$Entry;Ljava/util/Map$Entry;)I> (0x000000076cac2ee8) thrown at [C:\jenkins\workspace\8-2-build-windows-amd64-cygwin\jdk8u291\
Event: 2.551 Thread 0x000002023f179000 Exception <a 'java/lang/NoClassDefFoundError': javax/validation/Validation> (0x000000076d178f18) thrown at [C:\jenkins\workspace\8-2-build-windows-amd64-cygwin\jdk8u291\1294\hotspot\src\share\vm\classfile\systemDictionary.cpp, line 201]

Events (10 events):
Event: 2.643 loading class com/fasterxml/jackson/databind/type/ArrayType
Event: 2.643 loading class com/fasterxml/jackson/databind/type/ArrayType done
Event: 2.644 loading class com/fasterxml/jackson/databind/type/CollectionType
Event: 2.644 loading class com/fasterxml/jackson/databind/type/CollectionType done
Event: 2.645 loading class org/springframework/boot/system/ApplicationHome
Event: 2.645 loading class org/springframework/boot/system/ApplicationHome done
Event: 2.645 loading class com/fasterxml/jackson/databind/type/CollectionLikeType
Event: 2.645 loading class com/fasterxml/jackson/databind/type/CollectionLikeType done
Event: 2.647 loading class com/fasterxml/jackson/databind/exc/MismatchedInputException
Event: 2.647 loading class com/fasterxml/jackson/databind/exc/MismatchedInputException done


Dynamic libraries:
0x00007ff64a680000 - 0x00007ff64a6c7000 	E:\java\jdk1.8.0_211\jre\bin\java.exe
0x00007ffa7e530000 - 0x00007ffa7e728000 	C:\WINDOWS\SYSTEM32\ntdll.dll
0x00007ffa7e290000 - 0x00007ffa7e352000 	C:\WINDOWS\System32\KERNEL32.DLL
0x00007ffa7bf10000 - 0x00007ffa7c206000 	C:\WINDOWS\System32\KERNELBASE.dll
0x00007ffa7e1e0000 - 0x00007ffa7e28f000 	C:\WINDOWS\System32\ADVAPI32.dll
0x00007ffa7ca70000 - 0x00007ffa7cb0e000 	C:\WINDOWS\System32\msvcrt.dll
0x00007ffa7e450000 - 0x00007ffa7e4ef000 	C:\WINDOWS\System32\sechost.dll
0x00007ffa7d5e0000 - 0x00007ffa7d703000 	C:\WINDOWS\System32\RPCRT4.dll
0x00007ffa7bd80000 - 0x00007ffa7bda7000 	C:\WINDOWS\System32\bcrypt.dll
0x00007ffa7c690000 - 0x00007ffa7c82d000 	C:\WINDOWS\System32\USER32.dll
0x00007ffa7c520000 - 0x00007ffa7c542000 	C:\WINDOWS\System32\win32u.dll
0x00007ffa7e360000 - 0x00007ffa7e38b000 	C:\WINDOWS\System32\GDI32.dll
0x00007ffa7bbc0000 - 0x00007ffa7bcda000 	C:\WINDOWS\System32\gdi32full.dll
0x00007ffa7bce0000 - 0x00007ffa7bd7d000 	C:\WINDOWS\System32\msvcp_win.dll
0x00007ffa7c210000 - 0x00007ffa7c310000 	C:\WINDOWS\System32\ucrtbase.dll
0x00007ffa5ee20000 - 0x00007ffa5f0ba000 	C:\WINDOWS\WinSxS\amd64_microsoft.windows.common-controls_6595b64144ccf1df_6.0.19041.4355_none_60b8b9eb71f62e16\COMCTL32.dll
0x00007ffa7c920000 - 0x00007ffa7c94f000 	C:\WINDOWS\System32\IMM32.DLL
0x00007ffa63880000 - 0x00007ffa63895000 	E:\java\jdk1.8.0_211\jre\bin\vcruntime140.dll
0x00007ffa26d00000 - 0x00007ffa26d9b000 	E:\java\jdk1.8.0_211\jre\bin\msvcp140.dll
0x00000000528a0000 - 0x0000000053100000 	E:\java\jdk1.8.0_211\jre\bin\server\jvm.dll
0x00007ffa7ca60000 - 0x00007ffa7ca68000 	C:\WINDOWS\System32\PSAPI.DLL
0x00007ffa68ab0000 - 0x00007ffa68ab9000 	C:\WINDOWS\SYSTEM32\WSOCK32.dll
0x00007ffa7d490000 - 0x00007ffa7d4fb000 	C:\WINDOWS\System32\WS2_32.dll
0x00007ffa659c0000 - 0x00007ffa659e7000 	C:\WINDOWS\SYSTEM32\WINMM.dll
0x00007ffa737c0000 - 0x00007ffa737ca000 	C:\WINDOWS\SYSTEM32\VERSION.dll
0x00007ffa7a5e0000 - 0x00007ffa7a5f2000 	C:\WINDOWS\SYSTEM32\kernel.appcore.dll
0x00007ffa63870000 - 0x00007ffa63880000 	E:\java\jdk1.8.0_211\jre\bin\verify.dll
0x00007ffa26cd0000 - 0x00007ffa26cfb000 	E:\java\jdk1.8.0_211\jre\bin\java.dll
0x00007ffa61720000 - 0x00007ffa61738000 	E:\java\jdk1.8.0_211\jre\bin\zip.dll
0x00007ffa7cd20000 - 0x00007ffa7d48f000 	C:\WINDOWS\System32\SHELL32.dll
0x00007ffa79bb0000 - 0x00007ffa7a353000 	C:\WINDOWS\SYSTEM32\windows.storage.dll
0x00007ffa7d8e0000 - 0x00007ffa7dc35000 	C:\WINDOWS\System32\combase.dll
0x00007ffa7b580000 - 0x00007ffa7b5ab000 	C:\WINDOWS\SYSTEM32\Wldp.dll
0x00007ffa7c830000 - 0x00007ffa7c8fd000 	C:\WINDOWS\System32\OLEAUT32.dll
0x00007ffa7c950000 - 0x00007ffa7c9fd000 	C:\WINDOWS\System32\SHCORE.dll
0x00007ffa7c630000 - 0x00007ffa7c685000 	C:\WINDOWS\System32\shlwapi.dll
0x00007ffa7ba80000 - 0x00007ffa7baa5000 	C:\WINDOWS\SYSTEM32\profapi.dll
0x00007ffa4ecd0000 - 0x00007ffa4ecdd000 	E:\java\jdk1.8.0_211\jre\bin\management.dll
0x00007ffa47750000 - 0x00007ffa4776c000 	E:\java\jdk1.8.0_211\jre\bin\net.dll
0x00007ffa7b2e0000 - 0x00007ffa7b34c000 	C:\WINDOWS\system32\mswsock.dll
0x00007ffa26cb0000 - 0x00007ffa26cc3000 	E:\java\jdk1.8.0_211\jre\bin\nio.dll
0x00007ffa7af70000 - 0x00007ffa7afab000 	C:\WINDOWS\SYSTEM32\IPHLPAPI.DLL
0x00007ffa7e440000 - 0x00007ffa7e448000 	C:\WINDOWS\System32\NSI.dll
0x00007ffa72440000 - 0x00007ffa72457000 	C:\WINDOWS\SYSTEM32\dhcpcsvc6.DLL
0x00007ffa72410000 - 0x00007ffa7242d000 	C:\WINDOWS\SYSTEM32\dhcpcsvc.DLL
0x00007ffa7afc0000 - 0x00007ffa7b08a000 	C:\WINDOWS\SYSTEM32\DNSAPI.dll
0x00007ffa72430000 - 0x00007ffa7243a000 	C:\Windows\System32\rasadhlp.dll
0x00007ffa70560000 - 0x00007ffa705e0000 	C:\WINDOWS\System32\fwpuclnt.dll
0x00007ffa52c60000 - 0x00007ffa52c77000 	C:\WINDOWS\system32\napinsp.dll
0x00007ffa52c40000 - 0x00007ffa52c5b000 	C:\WINDOWS\system32\pnrpnsp.dll
0x00007ffa77580000 - 0x00007ffa77595000 	C:\WINDOWS\system32\wshbth.dll
0x00007ffa75e80000 - 0x00007ffa75e9d000 	C:\WINDOWS\system32\NLAapi.dll
0x00007ffa52c20000 - 0x00007ffa52c32000 	C:\WINDOWS\System32\winrnr.dll
0x00007ffa79710000 - 0x00007ffa798f4000 	C:\WINDOWS\SYSTEM32\dbghelp.dll
0x00007ffa7c310000 - 0x00007ffa7c392000 	C:\WINDOWS\System32\bcryptPrimitives.dll

VM Arguments:
java_command: C:\Users\13214\AppData\Local\Temp\surefire8250435097962188998\surefirebooter5516308642409718886.jar C:\Users\13214\AppData\Local\Temp\surefire8250435097962188998 2025-04-24T13-47-06_012-jvmRun1 surefire8786660257930782484tmp surefire_15945525632271272824tmp
java_class_path (initial): C:\Users\13214\AppData\Local\Temp\surefire8250435097962188998\surefirebooter5516308642409718886.jar
Launcher Type: SUN_STANDARD

Environment Variables:
JAVA_HOME=E:\java\jdk1.8.0_211
USERNAME=13214
OS=Windows_NT
PROCESSOR_IDENTIFIER=Intel64 Family 6 Model 158 Stepping 9, GenuineIntel



---------------  S Y S T E M  ---------------

OS: Windows 10.0 , 64 bit Build 19041 (10.0.19041.5678)

CPU:total 8 (initial active 8) (4 cores per cpu, 2 threads per core) family 6 model 158 stepping 9, cmov, cx8, fxsr, mmx, sse, sse2, sse3, ssse3, sse4.1, sse4.2, popcnt, avx, avx2, aes, clmul, erms, 3dnowpref, lzcnt, ht, tsc, tscinvbit, bmi1, bmi2, adx

Memory: 4k page, physical 16658612k(1767704k free), swap 42873008k(504416k free)

vm_info: Java HotSpot(TM) 64-Bit Server VM (25.291-b10) for windows-amd64 JRE (1.8.0_291-b10), built on Apr  9 2021 00:02:00 by "java_re" with MS VC++ 15.9 (VS2017)

time: Thu Apr 24 13:47:13 2025
timezone: 中国标准时间
elapsed time: 2.806924 seconds (0d 0h 0m 2s)

