#
# There is insufficient memory for the Java Runtime Environment to continue.
# Native memory allocation (malloc) failed to allocate 1236976 bytes for Chunk::new
# Possible reasons:
#   The system is out of physical RAM or swap space
#   The process is running with CompressedOops enabled, and the Java Heap may be blocking the growth of the native heap
# Possible solutions:
#   Reduce memory load on the system
#   Increase physical memory or swap space
#   Check if swap backing store is full
#   Decrease Java heap size (-Xmx/-Xms)
#   Decrease number of Java threads
#   Decrease Java thread stack sizes (-Xss)
#   Set larger code cache with -XX:ReservedCodeCacheSize=
#   JVM is running with Zero Based Compressed Oops mode in which the Java heap is
#     placed in the first 32GB address space. The Java Heap base address is the
#     maximum limit for the native heap growth. Please use -XX:HeapBaseMinAddress
#     to set the Java Heap base and to place the Java Heap above 32GB virtual address.
# This output file may be truncated or incomplete.
#
#  Out of Memory Error (allocation.cpp:389), pid=2896, tid=0x00000000000018f4
#
# JRE version: Java(TM) SE Runtime Environment (8.0_291-b10) (build 1.8.0_291-b10)
# Java VM: Java HotSpot(TM) 64-Bit Server VM (25.291-b10 mixed mode windows-amd64 compressed oops)
# Failed to write core dump. Minidumps are not enabled by default on client versions of Windows
#

---------------  T H R E A D  ---------------

Current thread (0x000001ae2c833000):  JavaThread "C2 CompilerThread0" daemon [_thread_in_native, id=6388, stack(0x0000000685300000,0x0000000685400000)]

Stack: [0x0000000685300000,0x0000000685400000]
Native frames: (J=compiled Java code, j=interpreted, Vv=VM code, C=native code)
V  [jvm.dll+0x32ea19]
V  [jvm.dll+0x275462]
V  [jvm.dll+0x27610d]
V  [jvm.dll+0x26cb45]
V  [jvm.dll+0xd524c]
V  [jvm.dll+0xd5a4c]
V  [jvm.dll+0x452872]
V  [jvm.dll+0x48dcdd]
V  [jvm.dll+0x442871]
V  [jvm.dll+0x43fae4]
V  [jvm.dll+0x42aa57]
V  [jvm.dll+0xabeeb]
V  [jvm.dll+0xaa54b]
V  [jvm.dll+0x23db02]
V  [jvm.dll+0x29210c]
C  [ucrtbase.dll+0x21bb2]
C  [KERNEL32.DLL+0x17374]
C  [ntdll.dll+0x4cc91]


Current CompileTask:
C2:   3748 1553       4       java.net.URLClassLoader$1::run (5 bytes)


---------------  P R O C E S S  ---------------

Java Threads: ( => current thread )
  0x000001ae2c8dd000 JavaThread "Service Thread" daemon [_thread_blocked, id=14512, stack(0x0000000685700000,0x0000000685800000)]
  0x000001ae2c83a800 JavaThread "C1 CompilerThread3" daemon [_thread_blocked, id=15496, stack(0x0000000685600000,0x0000000685700000)]
  0x000001ae2c838000 JavaThread "C2 CompilerThread2" daemon [_thread_blocked, id=17896, stack(0x0000000685500000,0x0000000685600000)]
  0x000001ae2c835000 JavaThread "C2 CompilerThread1" daemon [_thread_in_native, id=5080, stack(0x0000000685400000,0x0000000685500000)]
=>0x000001ae2c833000 JavaThread "C2 CompilerThread0" daemon [_thread_in_native, id=6388, stack(0x0000000685300000,0x0000000685400000)]
  0x000001ae2c82d800 JavaThread "Monitor Ctrl-Break" daemon [_thread_in_native, id=8724, stack(0x0000000685200000,0x0000000685300000)]
  0x000001ae2aa6f800 JavaThread "Attach Listener" daemon [_thread_blocked, id=8328, stack(0x0000000685100000,0x0000000685200000)]
  0x000001ae2aac7800 JavaThread "Signal Dispatcher" daemon [_thread_blocked, id=6220, stack(0x0000000685000000,0x0000000685100000)]
  0x000001ae2aa40800 JavaThread "Finalizer" daemon [_thread_blocked, id=11600, stack(0x0000000684f00000,0x0000000685000000)]
  0x000001ae2aa39000 JavaThread "Reference Handler" daemon [_thread_blocked, id=9260, stack(0x0000000684e00000,0x0000000684f00000)]
  0x000001ae0feb4800 JavaThread "main" [_thread_in_vm, id=12748, stack(0x0000000684400000,0x0000000684500000)]

Other Threads:
  0x000001ae2aa0e000 VMThread [stack: 0x0000000684d00000,0x0000000684e00000] [id=2200]
  0x000001ae2c8e0000 WatcherThread [stack: 0x0000000685800000,0x0000000685900000] [id=24516]

VM state:not at safepoint (normal execution)

VM Mutex/Monitor currently owned by a thread: None

heap address: 0x00000006c1c00000, size: 4068 MB, Compressed Oops mode: Zero based, Oop shift amount: 3
Narrow klass base: 0x0000000000000000, Narrow klass shift: 3
Compressed class space size: 1073741824 Address: 0x00000007c0000000

Heap:
 PSYoungGen      total 76288K, used 56639K [0x000000076b400000, 0x0000000774900000, 0x00000007c0000000)
  eden space 65536K, 72% used [0x000000076b400000,0x000000076e28dd88,0x000000076f400000)
  from space 10752K, 83% used [0x000000076f400000,0x000000076fcc2068,0x000000076fe80000)
  to   space 10752K, 0% used [0x0000000773e80000,0x0000000773e80000,0x0000000774900000)
 ParOldGen       total 175104K, used 16K [0x00000006c1c00000, 0x00000006cc700000, 0x000000076b400000)
  object space 175104K, 0% used [0x00000006c1c00000,0x00000006c1c04000,0x00000006cc700000)
 Metaspace       used 16787K, capacity 17316K, committed 17408K, reserved 1064960K
  class space    used 2107K, capacity 2274K, committed 2304K, reserved 1048576K

Card table byte_map: [0x000001ae20b70000,0x000001ae21370000] byte_map_base: 0x000001ae1d562000

Marking Bits: (ParMarkBitMap*) 0x0000000053087fe0
 Begin Bits: [0x000001ae218c0000, 0x000001ae25850000)
 End Bits:   [0x000001ae25850000, 0x000001ae297e0000)

Polling page: 0x000001ae0fe60000

CodeCache: size=245760Kb used=6636Kb max_used=6649Kb free=239123Kb
 bounds [0x000001ae117b0000, 0x000001ae11e40000, 0x000001ae207b0000]
 total_blobs=2312 nmethods=1933 adapters=290
 compilation: enabled

Compilation events (10 events):
Event: 3.507 Thread 0x000001ae2c83a800 nmethod 1727 0x000001ae11da6410 code [0x000001ae11da6560, 0x000001ae11da6718]
Event: 3.507 Thread 0x000001ae2c83a800 1728       3       com.google.inject.internal.asm.$SymbolTable::addConstantUtf8Reference (101 bytes)
Event: 3.508 Thread 0x000001ae2c83a800 nmethod 1728 0x000001ae11da5550 code [0x000001ae11da5740, 0x000001ae11da6020]
Event: 3.508 Thread 0x000001ae2c83a800 1729       3       com.google.inject.internal.asm.$ByteVector::put122 (93 bytes)
Event: 3.508 Thread 0x000001ae2c83a800 nmethod 1729 0x000001ae11da4f10 code [0x000001ae11da5080, 0x000001ae11da5350]
Event: 3.508 Thread 0x000001ae2c83a800 1731       3       com.google.inject.internal.asm.$SymbolTable::addConstantClass (8 bytes)
Event: 3.508 Thread 0x000001ae2c83a800 nmethod 1731 0x000001ae11da4b90 code [0x000001ae11da4d00, 0x000001ae11da4e90]
Event: 3.508 Thread 0x000001ae2c83a800 1730       3       com.google.inject.internal.asm.$MethodWriter::visitTypeInsn (116 bytes)
Event: 3.509 Thread 0x000001ae2c83a800 nmethod 1730 0x000001ae11da41d0 code [0x000001ae11da4380, 0x000001ae11da4950]
Event: 3.509 Thread 0x000001ae2c83a800 1732       3       com.google.inject.internal.asm.$Type::appendDescriptor (185 bytes)

GC Heap History (2 events):
Event: 2.408 GC heap before
{Heap before GC invocations=1 (full 0):
 PSYoungGen      total 76288K, used 65536K [0x000000076b400000, 0x0000000770900000, 0x00000007c0000000)
  eden space 65536K, 100% used [0x000000076b400000,0x000000076f400000,0x000000076f400000)
  from space 10752K, 0% used [0x000000076fe80000,0x000000076fe80000,0x0000000770900000)
  to   space 10752K, 0% used [0x000000076f400000,0x000000076f400000,0x000000076fe80000)
 ParOldGen       total 175104K, used 0K [0x00000006c1c00000, 0x00000006cc700000, 0x000000076b400000)
  object space 175104K, 0% used [0x00000006c1c00000,0x00000006c1c00000,0x00000006cc700000)
 Metaspace       used 11962K, capacity 12382K, committed 12672K, reserved 1060864K
  class space    used 1456K, capacity 1565K, committed 1664K, reserved 1048576K
Event: 2.465 GC heap after
Heap after GC invocations=1 (full 0):
 PSYoungGen      total 76288K, used 8968K [0x000000076b400000, 0x0000000774900000, 0x00000007c0000000)
  eden space 65536K, 0% used [0x000000076b400000,0x000000076b400000,0x000000076f400000)
  from space 10752K, 83% used [0x000000076f400000,0x000000076fcc2068,0x000000076fe80000)
  to   space 10752K, 0% used [0x0000000773e80000,0x0000000773e80000,0x0000000774900000)
 ParOldGen       total 175104K, used 16K [0x00000006c1c00000, 0x00000006cc700000, 0x000000076b400000)
  object space 175104K, 0% used [0x00000006c1c00000,0x00000006c1c04000,0x00000006cc700000)
 Metaspace       used 11962K, capacity 12382K, committed 12672K, reserved 1060864K
  class space    used 1456K, capacity 1565K, committed 1664K, reserved 1048576K
}

Deoptimization events (10 events):
Event: 2.057 Thread 0x000001ae0feb4800 Uncommon trap: reason=unstable_if action=reinterpret pc=0x000001ae11af5b20 method=org.codehaus.plexus.util.xml.pull.MXParser.nextImpl()I @ 241
Event: 2.141 Thread 0x000001ae0feb4800 Uncommon trap: reason=unstable_if action=reinterpret pc=0x000001ae11b0b2a8 method=java.util.HashMap.getNode(ILjava/lang/Object;)Ljava/util/HashMap$Node; @ 129
Event: 2.141 Thread 0x000001ae0feb4800 Uncommon trap: reason=unstable_if action=reinterpret pc=0x000001ae11a9b700 method=java.util.HashMap.getNode(ILjava/lang/Object;)Ljava/util/HashMap$Node; @ 129
Event: 3.104 Thread 0x000001ae0feb4800 Uncommon trap: reason=array_check action=maybe_recompile pc=0x000001ae11ccba54 method=java.util.stream.Nodes$FixedNodeBuilder.accept(Ljava/lang/Object;)V @ 28
Event: 3.104 Thread 0x000001ae0feb4800 Uncommon trap: reason=array_check action=maybe_recompile pc=0x000001ae11ccba54 method=java.util.stream.Nodes$FixedNodeBuilder.accept(Ljava/lang/Object;)V @ 28
Event: 3.104 Thread 0x000001ae0feb4800 Uncommon trap: reason=array_check action=maybe_recompile pc=0x000001ae11ccba54 method=java.util.stream.Nodes$FixedNodeBuilder.accept(Ljava/lang/Object;)V @ 28
Event: 3.104 Thread 0x000001ae0feb4800 Uncommon trap: reason=array_check action=maybe_recompile pc=0x000001ae11ccba54 method=java.util.stream.Nodes$FixedNodeBuilder.accept(Ljava/lang/Object;)V @ 28
Event: 3.288 Thread 0x000001ae0feb4800 Uncommon trap: reason=unstable_if action=reinterpret pc=0x000001ae11b9d894 method=java.lang.ClassLoader.checkName(Ljava/lang/String;)Z @ 1
Event: 3.301 Thread 0x000001ae0feb4800 Uncommon trap: reason=class_check action=maybe_recompile pc=0x000001ae11b84268 method=java.util.HashMap.putVal(ILjava/lang/Object;Ljava/lang/Object;ZZ)Ljava/lang/Object; @ 203
Event: 3.301 Thread 0x000001ae0feb4800 Uncommon trap: reason=class_check action=maybe_recompile pc=0x000001ae11b84268 method=java.util.HashMap.putVal(ILjava/lang/Object;Ljava/lang/Object;ZZ)Ljava/lang/Object; @ 203

Classes redefined (0 events):
No events

Internal exceptions (10 events):
Event: 1.661 Thread 0x000001ae0feb4800 Exception <a 'java/lang/ArrayIndexOutOfBoundsException': 18> (0x000000076cf147a8) thrown at [C:\jenkins\workspace\8-2-build-windows-amd64-cygwin\jdk8u291\1294\hotspot\src\share\vm\interpreter\interpreterRuntime.cpp, line 371]
Event: 1.708 Thread 0x000001ae0feb4800 Exception <a 'java/lang/NoSuchMethodError': java.lang.Object.lambda$comparing$77a9974f$1(Ljava/util/function/Function;Ljava/lang/Object;Ljava/lang/Object;)I> (0x000000076d0322d8) thrown at [C:\jenkins\workspace\8-2-build-windows-amd64-cygwin\jdk8u291\1294
Event: 1.726 Thread 0x000001ae0feb4800 Exception <a 'java/lang/NoSuchMethodError': java.lang.Object.lambda$comparing$ea9a8b3a$1(Ljava/util/Comparator;Ljava/util/function/Function;Ljava/lang/Object;Ljava/lang/Object;)I> (0x000000076d044610) thrown at [C:\jenkins\workspace\8-2-build-windows-amd6
Event: 1.729 Thread 0x000001ae0feb4800 Exception <a 'java/lang/NoSuchMethodError': java.lang.Object.lambda$thenComparing$36697e65$1(Ljava/util/Comparator;Ljava/lang/Object;Ljava/lang/Object;)I> (0x000000076d04c9d8) thrown at [C:\jenkins\workspace\8-2-build-windows-amd64-cygwin\jdk8u291\1294\ho
Event: 1.877 Thread 0x000001ae0feb4800 Exception <a 'java/lang/ArrayIndexOutOfBoundsException'> (0x000000076d4303b8) thrown at [C:\jenkins\workspace\8-2-build-windows-amd64-cygwin\jdk8u291\1294\hotspot\src\share\vm\runtime\sharedRuntime.cpp, line 609]
Event: 1.894 Thread 0x000001ae0feb4800 Exception <a 'java/lang/ArrayIndexOutOfBoundsException'> (0x000000076d4a1518) thrown at [C:\jenkins\workspace\8-2-build-windows-amd64-cygwin\jdk8u291\1294\hotspot\src\share\vm\runtime\sharedRuntime.cpp, line 609]
Event: 1.899 Thread 0x000001ae0feb4800 Exception <a 'java/lang/NoClassDefFoundError': javax/enterprise/inject/Typed> (0x000000076d4d7650) thrown at [C:\jenkins\workspace\8-2-build-windows-amd64-cygwin\jdk8u291\1294\hotspot\src\share\vm\classfile\systemDictionary.cpp, line 201]
Event: 2.062 Thread 0x000001ae0feb4800 Exception <a 'java/lang/ArrayIndexOutOfBoundsException'> (0x000000076ddee620) thrown at [C:\jenkins\workspace\8-2-build-windows-amd64-cygwin\jdk8u291\1294\hotspot\src\share\vm\runtime\sharedRuntime.cpp, line 609]
Event: 2.063 Thread 0x000001ae0feb4800 Exception <a 'java/lang/ArrayIndexOutOfBoundsException'> (0x000000076ddf2f80) thrown at [C:\jenkins\workspace\8-2-build-windows-amd64-cygwin\jdk8u291\1294\hotspot\src\share\vm\runtime\sharedRuntime.cpp, line 609]
Event: 3.288 Thread 0x000001ae0feb4800 Implicit null exception at 0x000001ae11b9d6cc to 0x000001ae11b9d885

Events (10 events):
Event: 3.489 loading class org/apache/maven/plugin/prefix/PluginPrefixResolver
Event: 3.489 loading class org/apache/maven/plugin/prefix/PluginPrefixResolver done
Event: 3.489 loading class org/apache/maven/plugin/BuildPluginManager
Event: 3.489 loading class org/apache/maven/plugin/BuildPluginManager done
Event: 3.489 loading class org/apache/maven/plugin/version/PluginVersionResolver
Event: 3.489 loading class org/apache/maven/plugin/version/PluginVersionResolver done
Event: 3.491 loading class com/google/inject/internal/SingleParameterInjector
Event: 3.491 loading class com/google/inject/internal/SingleParameterInjector done
Event: 3.492 loading class com/google/inject/internal/InjectorImpl$JitLimitation
Event: 3.492 loading class com/google/inject/internal/InjectorImpl$JitLimitation done


Dynamic libraries:
0x00007ff623a70000 - 0x00007ff623ab7000 	E:\java\jdk1.8.0_211\bin\java.exe
0x00007ffa7e530000 - 0x00007ffa7e728000 	C:\WINDOWS\SYSTEM32\ntdll.dll
0x00007ffa7e290000 - 0x00007ffa7e352000 	C:\WINDOWS\System32\KERNEL32.DLL
0x00007ffa7bf10000 - 0x00007ffa7c206000 	C:\WINDOWS\System32\KERNELBASE.dll
0x00007ffa7e1e0000 - 0x00007ffa7e28f000 	C:\WINDOWS\System32\ADVAPI32.dll
0x00007ffa7ca70000 - 0x00007ffa7cb0e000 	C:\WINDOWS\System32\msvcrt.dll
0x00007ffa7e450000 - 0x00007ffa7e4ef000 	C:\WINDOWS\System32\sechost.dll
0x00007ffa7d5e0000 - 0x00007ffa7d703000 	C:\WINDOWS\System32\RPCRT4.dll
0x00007ffa7bd80000 - 0x00007ffa7bda7000 	C:\WINDOWS\System32\bcrypt.dll
0x00007ffa7c690000 - 0x00007ffa7c82d000 	C:\WINDOWS\System32\USER32.dll
0x00007ffa7c520000 - 0x00007ffa7c542000 	C:\WINDOWS\System32\win32u.dll
0x00007ffa7e360000 - 0x00007ffa7e38b000 	C:\WINDOWS\System32\GDI32.dll
0x00007ffa7bbc0000 - 0x00007ffa7bcda000 	C:\WINDOWS\System32\gdi32full.dll
0x00007ffa7bce0000 - 0x00007ffa7bd7d000 	C:\WINDOWS\System32\msvcp_win.dll
0x00007ffa7c210000 - 0x00007ffa7c310000 	C:\WINDOWS\System32\ucrtbase.dll
0x00007ffa5ee20000 - 0x00007ffa5f0ba000 	C:\WINDOWS\WinSxS\amd64_microsoft.windows.common-controls_6595b64144ccf1df_6.0.19041.4355_none_60b8b9eb71f62e16\COMCTL32.dll
0x00007ffa7c920000 - 0x00007ffa7c94f000 	C:\WINDOWS\System32\IMM32.DLL
0x00007ffa63880000 - 0x00007ffa63895000 	E:\java\jdk1.8.0_211\jre\bin\vcruntime140.dll
0x00007ffa26d00000 - 0x00007ffa26d9b000 	E:\java\jdk1.8.0_211\jre\bin\msvcp140.dll
0x00000000528a0000 - 0x0000000053100000 	E:\java\jdk1.8.0_211\jre\bin\server\jvm.dll
0x00007ffa7ca60000 - 0x00007ffa7ca68000 	C:\WINDOWS\System32\PSAPI.DLL
0x00007ffa68ab0000 - 0x00007ffa68ab9000 	C:\WINDOWS\SYSTEM32\WSOCK32.dll
0x00007ffa7d490000 - 0x00007ffa7d4fb000 	C:\WINDOWS\System32\WS2_32.dll
0x00007ffa659c0000 - 0x00007ffa659e7000 	C:\WINDOWS\SYSTEM32\WINMM.dll
0x00007ffa737c0000 - 0x00007ffa737ca000 	C:\WINDOWS\SYSTEM32\VERSION.dll
0x00007ffa7a5e0000 - 0x00007ffa7a5f2000 	C:\WINDOWS\SYSTEM32\kernel.appcore.dll
0x00007ffa63870000 - 0x00007ffa63880000 	E:\java\jdk1.8.0_211\jre\bin\verify.dll
0x00007ffa26cd0000 - 0x00007ffa26cfb000 	E:\java\jdk1.8.0_211\jre\bin\java.dll
0x00007ffa74cd0000 - 0x00007ffa74d00000 	E:\java\jdk1.8.0_211\jre\bin\instrument.dll
0x00007ffa61720000 - 0x00007ffa61738000 	E:\java\jdk1.8.0_211\jre\bin\zip.dll
0x00007ffa7cd20000 - 0x00007ffa7d48f000 	C:\WINDOWS\System32\SHELL32.dll
0x00007ffa79bb0000 - 0x00007ffa7a353000 	C:\WINDOWS\SYSTEM32\windows.storage.dll
0x00007ffa7d8e0000 - 0x00007ffa7dc35000 	C:\WINDOWS\System32\combase.dll
0x00007ffa7b580000 - 0x00007ffa7b5ab000 	C:\WINDOWS\SYSTEM32\Wldp.dll
0x00007ffa7c830000 - 0x00007ffa7c8fd000 	C:\WINDOWS\System32\OLEAUT32.dll
0x00007ffa7c950000 - 0x00007ffa7c9fd000 	C:\WINDOWS\System32\SHCORE.dll
0x00007ffa7c630000 - 0x00007ffa7c685000 	C:\WINDOWS\System32\shlwapi.dll
0x00007ffa7ba80000 - 0x00007ffa7baa5000 	C:\WINDOWS\SYSTEM32\profapi.dll
0x00007ffa75870000 - 0x00007ffa7588a000 	E:\SOFT\IntelliJIDEA2024.1.7\bin\breakgen64.dll
0x00007ffa47750000 - 0x00007ffa4776c000 	E:\java\jdk1.8.0_211\jre\bin\net.dll
0x00007ffa7b2e0000 - 0x00007ffa7b34c000 	C:\WINDOWS\system32\mswsock.dll
0x00007ffa26cb0000 - 0x00007ffa26cc3000 	E:\java\jdk1.8.0_211\jre\bin\nio.dll
0x0000000069ac0000 - 0x0000000069ae4000 	C:\Users\13214\AppData\Local\Temp\jansi-2.4.0-9b4f9abe32a5823b-jansi.dll
0x00007ffa79710000 - 0x00007ffa798f4000 	C:\WINDOWS\SYSTEM32\dbghelp.dll
0x00007ffa7c310000 - 0x00007ffa7c392000 	C:\WINDOWS\System32\bcryptPrimitives.dll

VM Arguments:
jvm_args: -Dmaven.multiModuleProjectDirectory=E:\node\GitResp1\online-taxi-public\service-vericationcode -Djansi.passthrough=true -Dmaven.home=E:\SOFT\IntelliJIDEA2024.1.7\plugins\maven\lib\maven3 -Dclassworlds.conf=E:\SOFT\IntelliJIDEA2024.1.7\plugins\maven\lib\maven3\bin\m2.conf -Dmaven.ext.class.path=E:\SOFT\IntelliJIDEA2024.1.7\plugins\maven\lib\maven-event-listener.jar -javaagent:E:\SOFT\IntelliJIDEA2024.1.7\lib\idea_rt.jar=64675:E:\SOFT\IntelliJIDEA2024.1.7\bin -Dfile.encoding=UTF-8 
java_command: org.codehaus.classworlds.Launcher -Didea.version=2024.1.7 -s E:\apache-maven-3.9.9-bin\apache-maven-3.9.9\conf\settings.xml -Dexec.workingdir=E:/node/GitResp1/online-taxi-public -Dexec.args=-classpath %classpath com.msb.servicevericationcode.ServiceVericationcodeApplication -Dexec.executable=E:\java\jdk1.8.0_211\bin\java.exe exec:exec
java_class_path (initial): E:\SOFT\IntelliJIDEA2024.1.7\plugins\maven\lib\maven3\boot\plexus-classworlds-2.7.0.jar;E:\SOFT\IntelliJIDEA2024.1.7\plugins\maven\lib\maven3\boot\plexus-classworlds.license;E:\SOFT\IntelliJIDEA2024.1.7\lib\idea_rt.jar
Launcher Type: SUN_STANDARD

Environment Variables:
JAVA_HOME=E:\java\jdk1.8.0_211
USERNAME=13214
OS=Windows_NT
PROCESSOR_IDENTIFIER=Intel64 Family 6 Model 158 Stepping 9, GenuineIntel



---------------  S Y S T E M  ---------------

OS: Windows 10.0 , 64 bit Build 19041 (10.0.19041.5678)

CPU:total 8 (initial active 8) (4 cores per cpu, 2 threads per core) family 6 model 158 stepping 9, cmov, cx8, fxsr, mmx, sse, sse2, sse3, ssse3, sse4.1, sse4.2, popcnt, avx, avx2, aes, clmul, erms, 3dnowpref, lzcnt, ht, tsc, tscinvbit, bmi1, bmi2, adx

Memory: 4k page, physical 16658612k(2791904k free), swap 42873008k(279324k free)

vm_info: Java HotSpot(TM) 64-Bit Server VM (25.291-b10) for windows-amd64 JRE (1.8.0_291-b10), built on Apr  9 2021 00:02:00 by "java_re" with MS VC++ 15.9 (VS2017)

time: Thu Apr 24 15:13:48 2025
timezone: 中国标准时间
elapsed time: 3.753193 seconds (0d 0h 0m 3s)

